Log file open, 02/03/23 20:24:07
LogWindows: Failed to load 'aqProf.dll' (GetLastError=126)
LogWindows: File 'aqProf.dll' does not exist
LogWindows: Failed to load 'VtuneApi.dll' (GetLastError=126)
LogWindows: File 'VtuneApi.dll' does not exist
LogWindows: Failed to load 'VtuneApi32e.dll' (GetLastError=126)
LogWindows: File 'VtuneApi32e.dll' does not exist
LogConsoleResponse: Display: Failed to find resolution value strings in scalability ini. Falling back to default.
LogConsoleResponse: Display: Failed to find resolution value strings in scalability ini. Falling back to default.
LogInit: Display: Running engine for game: GGJ_TomatitoPoject
LogPlatformFile: Not using cached read wrapper
LogTaskGraph: Started task graph with 5 named threads and 35 total threads with 3 sets of task threads.
LogStats: Stats thread started at 0.259523
LogICUInternationalization: ICU TimeZone Detection - Raw Offset: +1:00, Platform Override: ''
LogInit: Display: Loading text-based GConfig....
LogPluginManager: Mounting plugin MeshPainting
LogPluginManager: Mounting plugin XGEController
LogPluginManager: Mounting plugin Paper2D
LogPluginManager: Mounting plugin LiveLink
LogPluginManager: Mounting plugin AISupport
LogPluginManager: Mounting plugin LightPropagationVolume
LogPluginManager: Mounting plugin EnvironmentQueryEditor
LogPluginManager: Mounting plugin AssetManagerEditor
LogPluginManager: Mounting plugin DataValidation
LogPluginManager: Mounting plugin CurveEditorTools
LogPluginManager: Mounting plugin CameraShakePreviewer
LogPluginManager: Mounting plugin GameplayCameras
LogPluginManager: Mounting plugin CryptoKeys
LogPluginManager: Mounting plugin FacialAnimation
LogPluginManager: Mounting plugin GameplayTagsEditor
LogPluginManager: Mounting plugin GeometryMode
LogPluginManager: Mounting plugin MacGraphicsSwitching
LogPluginManager: Mounting plugin MaterialAnalyzer
LogPluginManager: Mounting plugin PluginBrowser
LogPluginManager: Mounting plugin SpeedTreeImporter
LogPluginManager: Mounting plugin OodleData
LogPluginManager: Mounting plugin AnimationSharing
LogPluginManager: Mounting plugin MobileLauncherProfileWizard
LogPluginManager: Mounting plugin OodleNetwork
LogPluginManager: Mounting plugin DatasmithContent
LogPluginManager: Mounting plugin VariantManagerContent
LogPluginManager: Mounting plugin AlembicImporter
LogPluginManager: Mounting plugin AutomationUtils
LogPluginManager: Mounting plugin Niagara
LogPluginManager: Mounting plugin BackChannel
LogPluginManager: Mounting plugin ChaosCloth
LogPluginManager: Mounting plugin ChaosClothEditor
LogPluginManager: Mounting plugin ChaosEditor
LogPluginManager: Mounting plugin ChaosSolverPlugin
LogPluginManager: Mounting plugin ChaosNiagara
LogPluginManager: Mounting plugin CharacterAI
LogPluginManager: Mounting plugin LuminPlatformFeatures
LogPluginManager: Mounting plugin MagicLeapLightEstimation
LogPluginManager: Mounting plugin MagicLeapMedia
LogPluginManager: Mounting plugin MagicLeapPassableWorld
LogPluginManager: Mounting plugin MLSDK
LogPluginManager: Mounting plugin GeometryCache
LogPluginManager: Mounting plugin GeometryCollectionPlugin
LogPluginManager: Mounting plugin GeometryProcessing
LogPluginManager: Mounting plugin MotoSynth
LogPluginManager: Mounting plugin OpenImageDenoise
LogPluginManager: Mounting plugin PlatformCrypto
LogPluginManager: Mounting plugin MagicLeap
LogPluginManager: Mounting plugin ProxyLODPlugin
LogPluginManager: Mounting plugin PythonScriptPlugin
LogPluginManager: Mounting plugin SkeletalReduction
LogPluginManager: Mounting plugin AndroidMedia
LogPluginManager: Mounting plugin AvfMedia
LogPluginManager: Mounting plugin PlanarCut
LogPluginManager: Mounting plugin ImgMedia
LogPluginManager: Mounting plugin MediaPlayerEditor
LogPluginManager: Mounting plugin TcpMessaging
LogPluginManager: Mounting plugin UdpMessaging
LogPluginManager: Mounting plugin WebMMedia
LogPluginManager: Mounting plugin ActorSequence
LogPluginManager: Mounting plugin WmfMedia
LogPluginManager: Mounting plugin MatineeToLevelSequence
LogPluginManager: Mounting plugin LevelSequenceEditor
LogPluginManager: Mounting plugin MediaCompositing
LogPluginManager: Mounting plugin TemplateSequence
LogPluginManager: Mounting plugin OnlineSubsystem
LogPluginManager: Mounting plugin OnlineSubsystemNull
LogPluginManager: Mounting plugin OnlineSubsystemUtils
LogPluginManager: Mounting plugin ActorLayerUtilities
LogPluginManager: Mounting plugin LauncherChunkInstaller
LogPluginManager: Mounting plugin AndroidMoviePlayer
LogPluginManager: Mounting plugin AndroidDeviceProfileSelector
LogPluginManager: Mounting plugin AndroidPermission
LogPluginManager: Mounting plugin AppleMoviePlayer
LogPluginManager: Mounting plugin AppleImageUtils
LogPluginManager: Mounting plugin ArchVisCharacter
LogPluginManager: Mounting plugin AssetTags
LogPluginManager: Mounting plugin AudioCapture
LogPluginManager: Mounting plugin AudioSynesthesia
LogPluginManager: Mounting plugin CableComponent
LogPluginManager: Mounting plugin ChunkDownloader
LogPluginManager: Mounting plugin CustomMeshComponent
LogPluginManager: Mounting plugin ExampleDeviceProfileSelector
LogPluginManager: Mounting plugin EditableMesh
LogPluginManager: Mounting plugin GoogleCloudMessaging
LogPluginManager: Mounting plugin GooglePAD
LogPluginManager: Mounting plugin IOSDeviceProfileSelector
LogPluginManager: Mounting plugin LinuxDeviceProfileSelector
LogPluginManager: Mounting plugin LocationServicesBPLibrary
LogPluginManager: Mounting plugin MobilePatchingUtils
LogPluginManager: Mounting plugin OpenXR
LogPluginManager: Mounting plugin OpenXREyeTracker
LogPluginManager: Mounting plugin PhysXVehicles
LogPluginManager: Mounting plugin PostSplashScreen
LogPluginManager: Mounting plugin ProceduralMeshComponent
LogPluginManager: Mounting plugin PropertyAccessEditor
LogPluginManager: Mounting plugin OpenXRHandTracking
LogPluginManager: Mounting plugin RuntimePhysXCooking
LogPluginManager: Mounting plugin SignificanceManager
LogPluginManager: Mounting plugin SoundFields
LogPluginManager: Mounting plugin ScreenshotTools
LogPluginManager: Mounting plugin Synthesis
LogPluginManager: Mounting plugin WebMMoviePlayer
LogPluginManager: Mounting plugin WindowsMoviePlayer
LogPluginManager: Mounting plugin CLionSourceCodeAccess
LogPluginManager: Mounting plugin Takes
LogPluginManager: Mounting plugin CodeLiteSourceCodeAccess
LogPluginManager: Mounting plugin KDevelopSourceCodeAccess
LogPluginManager: Mounting plugin NullSourceCodeAccess
LogPluginManager: Mounting plugin GitSourceControl
LogPluginManager: Mounting plugin PerforceSourceControl
LogPluginManager: Mounting plugin PixWinPlugin
LogPluginManager: Mounting plugin PlasticSourceControl
LogPluginManager: Mounting plugin PluginUtils
LogPluginManager: Mounting plugin PropertyAccessNode
LogPluginManager: Mounting plugin SubversionSourceControl
LogPluginManager: Mounting plugin RiderSourceCodeAccess
LogPluginManager: Mounting plugin TextureFormatOodle
LogPluginManager: Mounting plugin UObjectPlugin
LogPluginManager: Mounting plugin VisualStudioCodeSourceCodeAccess
LogPluginManager: Mounting plugin XCodeSourceCodeAccess
LogPluginManager: Mounting plugin VisualStudioSourceCodeAccess
LogPluginManager: Mounting plugin ContentBrowserAssetDataSource
LogPluginManager: Mounting plugin ContentBrowserFileDataSource
LogPluginManager: Mounting plugin ContentBrowserClassDataSource
LogPluginManager: Mounting plugin OnlineSubsystemGooglePlay
LogPluginManager: Mounting plugin OnlineSubsystemIOS
LogPluginManager: Mounting plugin OculusVR
LogPluginManager: Mounting plugin SteamVR
LogLuminAPIImpl: Warning: MLSDK not found.  This likely means the MLSDK environment variable is not set.
LogInit: Using libcurl 7.55.1-DEV
LogInit:  - built for x86_64-pc-win32
LogInit:  - supports SSL with OpenSSL/1.1.1
LogInit:  - supports HTTP deflate (compression) using libz 1.2.8
LogInit:  - other features:
LogInit:      CURL_VERSION_SSL
LogInit:      CURL_VERSION_LIBZ
LogInit:      CURL_VERSION_IPV6
LogInit:      CURL_VERSION_ASYNCHDNS
LogInit:      CURL_VERSION_LARGEFILE
LogInit:      CURL_VERSION_IDN
LogInit:  CurlRequestOptions (configurable via config and command line):
LogInit:  - bVerifyPeer = true  - Libcurl will verify peer certificate
LogInit:  - bUseHttpProxy = false  - Libcurl will NOT use HTTP proxy
LogInit:  - bDontReuseConnections = false  - Libcurl will reuse connections
LogInit:  - MaxHostConnections = 16  - Libcurl will limit the number of connections to a host
LogInit:  - LocalHostAddr = Default
LogInit:  - BufferSize = 65536
LogOnline: OSS: Creating online subsystem instance for: NULL
LogInit: WinSock: version 1.1 (2.2), MaxSocks=32767, MaxUdp=65467
LogOnline: OSS: TryLoadSubsystemAndSetDefault: Loaded subsystem for module [NULL]
PixWinPlugin: PIX capture plugin failed to initialize! Check that the process is launched from PIX.
LogOculusPluginWrapper: OculusPlugin initialized successfully
LogHMD: Failed initializing OVRPlugin 1.59.0
LogInit: Build: ++UE4+Release-4.27-CL-18319896
LogInit: Engine Version: 4.27.2-18319896+++UE4+Release-4.27
LogInit: Compatible Engine Version: 4.27.0-17155196+++UE4+Release-4.27
LogInit: Net CL: 17155196
LogInit: OS: Windows 10 (Release 2009) (), CPU: Intel(R) Core(TM) i7-9750H CPU @ 2.60GHz, GPU: Intel(R) UHD Graphics 630
LogInit: Compiled (64-bit): Nov 30 2021 07:12:08
LogInit: Compiled with Visual C++: 19.24.28315.00
LogInit: Build Configuration: Development
LogInit: Branch Name: ++UE4+Release-4.27
LogInit: Command Line:  -EpicPortal -epicusername=AdriRB79_ -epicuserid=ec9bc0ada4d848f4b39b1906729fe0fd -epiclocale=es -epicsandboxid=ue
LogInit: Base Directory: C:/Program Files/Epic Games/UE_4.27/Engine/Binaries/Win64/
LogInit: Allocator: TBB
LogInit: Installed Engine Build: 1
LogDevObjectVersion: Number of dev versions registered: 29
LogDevObjectVersion:   Dev-Blueprints (B0D832E4-1F89-4F0D-ACCF-7EB736FD4AA2): 10
LogDevObjectVersion:   Dev-Build (E1C64328-A22C-4D53-A36C-8E866417BD8C): 0
LogDevObjectVersion:   Dev-Core (375EC13C-06E4-48FB-B500-84F0262A717E): 4
LogDevObjectVersion:   Dev-Editor (E4B068ED-F494-42E9-A231-DA0B2E46BB41): 40
LogDevObjectVersion:   Dev-Framework (CFFC743F-43B0-4480-9391-14DF171D2073): 37
LogDevObjectVersion:   Dev-Mobile (B02B49B5-BB20-44E9-A304-32B752E40360): 3
LogDevObjectVersion:   Dev-Networking (A4E4105C-59A1-49B5-A7C5-40C4547EDFEE): 0
LogDevObjectVersion:   Dev-Online (39C831C9-5AE6-47DC-9A44-9C173E1C8E7C): 0
LogDevObjectVersion:   Dev-Physics (78F01B33-EBEA-4F98-B9B4-84EACCB95AA2): 14
LogDevObjectVersion:   Dev-Platform (6631380F-2D4D-43E0-8009-CF276956A95A): 0
LogDevObjectVersion:   Dev-Rendering (12F88B9F-8875-4AFC-A67C-D90C383ABD29): 45
LogDevObjectVersion:   Dev-Sequencer (7B5AE74C-D270-4C10-A958-57980B212A5A): 13
LogDevObjectVersion:   Dev-VR (D7296918-1DD6-4BDD-9DE2-64A83CC13884): 3
LogDevObjectVersion:   Dev-LoadTimes (C2A15278-BFE7-4AFE-6C17-90FF531DF755): 1
LogDevObjectVersion:   Private-Geometry (6EACA3D4-40EC-4CC1-B786-8BED09428FC5): 3
LogDevObjectVersion:   Dev-AnimPhys (29E575DD-E0A3-4627-9D10-D276232CDCEA): 17
LogDevObjectVersion:   Dev-Anim (AF43A65D-7FD3-4947-9873-3E8ED9C1BB05): 15
LogDevObjectVersion:   Dev-ReflectionCapture (6B266CEC-1EC7-4B8F-A30B-E4D90942FC07): 1
LogDevObjectVersion:   Dev-Automation (0DF73D61-A23F-47EA-B727-89E90C41499A): 1
LogDevObjectVersion:   FortniteMain (601D1886-AC64-4F84-AA16-D3DE0DEAC7D6): 47
LogDevObjectVersion:   FortniteRelease (E7086368-6B23-4C58-8439-1B7016265E91): 1
LogDevObjectVersion:   Dev-Enterprise (9DFFBCD6-494F-0158-E221-12823C92A888): 10
LogDevObjectVersion:   Dev-Niagara (F2AED0AC-9AFE-416F-8664-AA7FFA26D6FC): 1
LogDevObjectVersion:   Dev-Destruction (174F1F0B-B4C6-45A5-B13F-2EE8D0FB917D): 10
LogDevObjectVersion:   Dev-Physics-Ext (35F94A83-E258-406C-A318-09F59610247C): 41
LogDevObjectVersion:   Dev-PhysicsMaterial-Chaos (B68FC16E-8B1B-42E2-B453-215C058844FE): 1
LogDevObjectVersion:   Dev-CineCamera (B2E18506-4273-CFC2-A54E-F4BB758BBA07): 1
LogDevObjectVersion:   Dev-VirtualProduction (64F58936-FD1B-42BA-BA96-7289D5D0FA4E): 1
LogDevObjectVersion:   Dev-MediaFramework (6F0ED827-A609-4895-9C91-998D90180EA4): 2
LogInit: Presizing for max 25165824 objects, including 0 objects not considered by GC, pre-allocating 0 bytes for permanent pool.
LogConfig: Applying CVar settings from Section [/Script/Engine.StreamingSettings] File [C:/Users/adria/Desktop/Universidad/GameJam/GGJ_Tomatito/GGJ_TomatitoPoject/Saved/Config/Windows/Engine.ini]
LogConfig: Setting CVar [[s.MinBulkDataSizeForAsyncLoading:131072]]
LogConfig: Setting CVar [[s.AsyncLoadingThreadEnabled:0]]
LogConfig: Setting CVar [[s.EventDrivenLoaderEnabled:1]]
LogConfig: Setting CVar [[s.WarnIfTimeLimitExceeded:0]]
LogConfig: Setting CVar [[s.TimeLimitExceededMultiplier:1.5]]
LogConfig: Setting CVar [[s.TimeLimitExceededMinTime:0.005]]
LogConfig: Setting CVar [[s.UseBackgroundLevelStreaming:1]]
LogConfig: Setting CVar [[s.PriorityAsyncLoadingExtraTime:15.0]]
LogConfig: Setting CVar [[s.LevelStreamingActorsUpdateTimeLimit:5.0]]
LogConfig: Setting CVar [[s.PriorityLevelStreamingActorsUpdateExtraTime:5.0]]
LogConfig: Setting CVar [[s.LevelStreamingComponentsRegistrationGranularity:10]]
LogConfig: Setting CVar [[s.UnregisterComponentsTimeLimit:1.0]]
LogConfig: Setting CVar [[s.LevelStreamingComponentsUnregistrationGranularity:5]]
LogConfig: Setting CVar [[s.FlushStreamingOnExit:1]]
LogInit: Object subsystem initialized
LogConfig: Setting CVar [[con.DebugEarlyDefault:1]]
LogConfig: Setting CVar [[r.setres:1280x720]]
[2023.02.03-19.24.08:021][  0]LogConfig: Setting CVar [[r.VSync:0]]
[2023.02.03-19.24.08:021][  0]LogConfig: Setting CVar [[r.RHICmdBypass:0]]
[2023.02.03-19.24.08:021][  0]LogConfig: Applying CVar settings from Section [/Script/Engine.RendererSettings] File [C:/Users/adria/Desktop/Universidad/GameJam/GGJ_Tomatito/GGJ_TomatitoPoject/Saved/Config/Windows/Engine.ini]
[2023.02.03-19.24.08:021][  0]LogConfig: Setting CVar [[r.GPUCrashDebugging:0]]
[2023.02.03-19.24.08:021][  0]LogConfig: Applying CVar settings from Section [/Script/Engine.RendererOverrideSettings] File [C:/Users/adria/Desktop/Universidad/GameJam/GGJ_Tomatito/GGJ_TomatitoPoject/Saved/Config/Windows/Engine.ini]
[2023.02.03-19.24.08:021][  0]LogConfig: Applying CVar settings from Section [/Script/Engine.StreamingSettings] File [C:/Users/adria/Desktop/Universidad/GameJam/GGJ_Tomatito/GGJ_TomatitoPoject/Saved/Config/Windows/Engine.ini]
[2023.02.03-19.24.08:021][  0]LogConfig: Setting CVar [[s.MinBulkDataSizeForAsyncLoading:131072]]
[2023.02.03-19.24.08:021][  0]LogConfig: Setting CVar [[s.AsyncLoadingThreadEnabled:0]]
[2023.02.03-19.24.08:021][  0]LogConfig: Setting CVar [[s.EventDrivenLoaderEnabled:1]]
[2023.02.03-19.24.08:021][  0]LogConfig: Setting CVar [[s.WarnIfTimeLimitExceeded:0]]
[2023.02.03-19.24.08:021][  0]LogConfig: Setting CVar [[s.TimeLimitExceededMultiplier:1.5]]
[2023.02.03-19.24.08:021][  0]LogConfig: Setting CVar [[s.TimeLimitExceededMinTime:0.005]]
[2023.02.03-19.24.08:021][  0]LogConfig: Setting CVar [[s.UseBackgroundLevelStreaming:1]]
[2023.02.03-19.24.08:021][  0]LogConfig: Setting CVar [[s.PriorityAsyncLoadingExtraTime:15.0]]
[2023.02.03-19.24.08:021][  0]LogConfig: Setting CVar [[s.LevelStreamingActorsUpdateTimeLimit:5.0]]
[2023.02.03-19.24.08:021][  0]LogConfig: Setting CVar [[s.PriorityLevelStreamingActorsUpdateExtraTime:5.0]]
[2023.02.03-19.24.08:021][  0]LogConfig: Setting CVar [[s.LevelStreamingComponentsRegistrationGranularity:10]]
[2023.02.03-19.24.08:021][  0]LogConfig: Setting CVar [[s.UnregisterComponentsTimeLimit:1.0]]
[2023.02.03-19.24.08:021][  0]LogConfig: Setting CVar [[s.LevelStreamingComponentsUnregistrationGranularity:5]]
[2023.02.03-19.24.08:021][  0]LogConfig: Setting CVar [[s.FlushStreamingOnExit:1]]
[2023.02.03-19.24.08:021][  0]LogConfig: Applying CVar settings from Section [/Script/Engine.GarbageCollectionSettings] File [C:/Users/adria/Desktop/Universidad/GameJam/GGJ_Tomatito/GGJ_TomatitoPoject/Saved/Config/Windows/Engine.ini]
[2023.02.03-19.24.08:021][  0]LogConfig: Setting CVar [[gc.MaxObjectsNotConsideredByGC:1]]
[2023.02.03-19.24.08:021][  0]LogConfig: Setting CVar [[gc.SizeOfPermanentObjectPool:0]]
[2023.02.03-19.24.08:021][  0]LogConfig: Setting CVar [[gc.FlushStreamingOnGC:0]]
[2023.02.03-19.24.08:021][  0]LogConfig: Setting CVar [[gc.NumRetriesBeforeForcingGC:10]]
[2023.02.03-19.24.08:021][  0]LogConfig: Setting CVar [[gc.AllowParallelGC:1]]
[2023.02.03-19.24.08:021][  0]LogConfig: Setting CVar [[gc.TimeBetweenPurgingPendingKillObjects:61.1]]
[2023.02.03-19.24.08:021][  0]LogConfig: Setting CVar [[gc.MaxObjectsInEditor:25165824]]
[2023.02.03-19.24.08:021][  0]LogConfig: Setting CVar [[gc.IncrementalBeginDestroyEnabled:1]]
[2023.02.03-19.24.08:021][  0]LogConfig: Setting CVar [[gc.CreateGCClusters:1]]
[2023.02.03-19.24.08:021][  0]LogConfig: Setting CVar [[gc.MinGCClusterSize:5]]
[2023.02.03-19.24.08:021][  0]LogConfig: Setting CVar [[gc.ActorClusteringEnabled:0]]
[2023.02.03-19.24.08:021][  0]LogConfig: Setting CVar [[gc.BlueprintClusteringEnabled:0]]
[2023.02.03-19.24.08:021][  0]LogConfig: Setting CVar [[gc.UseDisregardForGCOnDedicatedServers:0]]
[2023.02.03-19.24.08:021][  0]LogConfig: Setting CVar [[gc.MultithreadedDestructionEnabled:1]]
[2023.02.03-19.24.08:021][  0]LogConfig: Applying CVar settings from Section [/Script/Engine.NetworkSettings] File [C:/Users/adria/Desktop/Universidad/GameJam/GGJ_Tomatito/GGJ_TomatitoPoject/Saved/Config/Windows/Engine.ini]
[2023.02.03-19.24.08:021][  0]LogConfig: Applying CVar settings from Section [/Script/UnrealEd.CookerSettings] File [C:/Users/adria/Desktop/Universidad/GameJam/GGJ_Tomatito/GGJ_TomatitoPoject/Saved/Config/Windows/Engine.ini]
[2023.02.03-19.24.08:033][  0]LogConfig: Applying CVar settings from Section [ViewDistanceQuality@3] File [C:/Users/adria/Desktop/Universidad/GameJam/GGJ_Tomatito/GGJ_TomatitoPoject/Saved/Config/Windows/Scalability.ini]
[2023.02.03-19.24.08:033][  0]LogConfig: Setting CVar [[r.SkeletalMeshLODBias:0]]
[2023.02.03-19.24.08:033][  0]LogConfig: Setting CVar [[r.ViewDistanceScale:1.0]]
[2023.02.03-19.24.08:033][  0]LogConfig: Applying CVar settings from Section [AntiAliasingQuality@3] File [C:/Users/adria/Desktop/Universidad/GameJam/GGJ_Tomatito/GGJ_TomatitoPoject/Saved/Config/Windows/Scalability.ini]
[2023.02.03-19.24.08:033][  0]LogConfig: Setting CVar [[r.PostProcessAAQuality:4]]
[2023.02.03-19.24.08:033][  0]LogConfig: Applying CVar settings from Section [ShadowQuality@3] File [C:/Users/adria/Desktop/Universidad/GameJam/GGJ_Tomatito/GGJ_TomatitoPoject/Saved/Config/Windows/Scalability.ini]
[2023.02.03-19.24.08:033][  0]LogConfig: Setting CVar [[r.LightFunctionQuality:1]]
[2023.02.03-19.24.08:033][  0]LogConfig: Setting CVar [[r.ShadowQuality:5]]
[2023.02.03-19.24.08:033][  0]LogConfig: Setting CVar [[r.Shadow.CSM.MaxCascades:10]]
[2023.02.03-19.24.08:033][  0]LogConfig: Setting CVar [[r.Shadow.MaxResolution:2048]]
[2023.02.03-19.24.08:033][  0]LogConfig: Setting CVar [[r.Shadow.MaxCSMResolution:2048]]
[2023.02.03-19.24.08:034][  0]LogConfig: Setting CVar [[r.Shadow.RadiusThreshold:0.01]]
[2023.02.03-19.24.08:034][  0]LogConfig: Setting CVar [[r.Shadow.DistanceScale:1.0]]
[2023.02.03-19.24.08:034][  0]LogConfig: Setting CVar [[r.Shadow.CSM.TransitionScale:1.0]]
[2023.02.03-19.24.08:034][  0]LogConfig: Setting CVar [[r.Shadow.PreShadowResolutionFactor:1.0]]
[2023.02.03-19.24.08:034][  0]LogConfig: Setting CVar [[r.DistanceFieldShadowing:1]]
[2023.02.03-19.24.08:034][  0]LogConfig: Setting CVar [[r.DistanceFieldAO:1]]
[2023.02.03-19.24.08:034][  0]LogConfig: Setting CVar [[r.AOQuality:2]]
[2023.02.03-19.24.08:034][  0]LogConfig: Setting CVar [[r.VolumetricFog:1]]
[2023.02.03-19.24.08:034][  0]LogConfig: Setting CVar [[r.VolumetricFog.GridPixelSize:8]]
[2023.02.03-19.24.08:034][  0]LogConfig: Setting CVar [[r.VolumetricFog.GridSizeZ:128]]
[2023.02.03-19.24.08:034][  0]LogConfig: Setting CVar [[r.VolumetricFog.HistoryMissSupersampleCount:4]]
[2023.02.03-19.24.08:034][  0]LogConfig: Setting CVar [[r.LightMaxDrawDistanceScale:1]]
[2023.02.03-19.24.08:034][  0]LogConfig: Setting CVar [[r.CapsuleShadows:1]]
[2023.02.03-19.24.08:034][  0]LogConfig: Applying CVar settings from Section [PostProcessQuality@3] File [C:/Users/adria/Desktop/Universidad/GameJam/GGJ_Tomatito/GGJ_TomatitoPoject/Saved/Config/Windows/Scalability.ini]
[2023.02.03-19.24.08:034][  0]LogConfig: Setting CVar [[r.MotionBlurQuality:4]]
[2023.02.03-19.24.08:034][  0]LogConfig: Setting CVar [[r.AmbientOcclusionMipLevelFactor:0.4]]
[2023.02.03-19.24.08:034][  0]LogConfig: Setting CVar [[r.AmbientOcclusionMaxQuality:100]]
[2023.02.03-19.24.08:034][  0]LogConfig: Setting CVar [[r.AmbientOcclusionLevels:-1]]
[2023.02.03-19.24.08:034][  0]LogConfig: Setting CVar [[r.AmbientOcclusionRadiusScale:1.0]]
[2023.02.03-19.24.08:034][  0]LogConfig: Setting CVar [[r.DepthOfFieldQuality:2]]
[2023.02.03-19.24.08:034][  0]LogConfig: Setting CVar [[r.RenderTargetPoolMin:400]]
[2023.02.03-19.24.08:034][  0]LogConfig: Setting CVar [[r.LensFlareQuality:2]]
[2023.02.03-19.24.08:034][  0]LogConfig: Setting CVar [[r.SceneColorFringeQuality:1]]
[2023.02.03-19.24.08:034][  0]LogConfig: Setting CVar [[r.EyeAdaptationQuality:2]]
[2023.02.03-19.24.08:034][  0]LogConfig: Setting CVar [[r.BloomQuality:5]]
[2023.02.03-19.24.08:034][  0]LogConfig: Setting CVar [[r.FastBlurThreshold:100]]
[2023.02.03-19.24.08:034][  0]LogConfig: Setting CVar [[r.Upscale.Quality:3]]
[2023.02.03-19.24.08:034][  0]LogConfig: Setting CVar [[r.Tonemapper.GrainQuantization:1]]
[2023.02.03-19.24.08:034][  0]LogConfig: Setting CVar [[r.LightShaftQuality:1]]
[2023.02.03-19.24.08:034][  0]LogConfig: Setting CVar [[r.Filter.SizeScale:1]]
[2023.02.03-19.24.08:034][  0]LogConfig: Setting CVar [[r.Tonemapper.Quality:5]]
[2023.02.03-19.24.08:034][  0]LogConfig: Setting CVar [[r.DOF.Gather.AccumulatorQuality:1        ; higher gathering accumulator quality]]
[2023.02.03-19.24.08:034][  0]LogConfig: Setting CVar [[r.DOF.Gather.PostfilterMethod:1          ; Median3x3 postfilering method]]
[2023.02.03-19.24.08:034][  0]LogConfig: Setting CVar [[r.DOF.Gather.EnableBokehSettings:0       ; no bokeh simulation when gathering]]
[2023.02.03-19.24.08:034][  0]LogConfig: Setting CVar [[r.DOF.Gather.RingCount:4                 ; medium number of samples when gathering]]
[2023.02.03-19.24.08:034][  0]LogConfig: Setting CVar [[r.DOF.Scatter.ForegroundCompositing:1    ; additive foreground scattering]]
[2023.02.03-19.24.08:034][  0]LogConfig: Setting CVar [[r.DOF.Scatter.BackgroundCompositing:2    ; additive background scattering]]
[2023.02.03-19.24.08:034][  0]LogConfig: Setting CVar [[r.DOF.Scatter.EnableBokehSettings:1      ; bokeh simulation when scattering]]
[2023.02.03-19.24.08:034][  0]LogConfig: Setting CVar [[r.DOF.Scatter.MaxSpriteRatio:0.1         ; only a maximum of 10% of scattered bokeh]]
[2023.02.03-19.24.08:034][  0]LogConfig: Setting CVar [[r.DOF.Recombine.Quality:1                ; cheap slight out of focus]]
[2023.02.03-19.24.08:034][  0]LogConfig: Setting CVar [[r.DOF.Recombine.EnableBokehSettings:0    ; no bokeh simulation on slight out of focus]]
[2023.02.03-19.24.08:034][  0]LogConfig: Setting CVar [[r.DOF.TemporalAAQuality:1                ; more stable temporal accumulation]]
[2023.02.03-19.24.08:034][  0]LogConfig: Setting CVar [[r.DOF.Kernel.MaxForegroundRadius:0.025]]
[2023.02.03-19.24.08:034][  0]LogConfig: Setting CVar [[r.DOF.Kernel.MaxBackgroundRadius:0.025]]
[2023.02.03-19.24.08:034][  0]LogConfig: Applying CVar settings from Section [TextureQuality@3] File [C:/Users/adria/Desktop/Universidad/GameJam/GGJ_Tomatito/GGJ_TomatitoPoject/Saved/Config/Windows/Scalability.ini]
[2023.02.03-19.24.08:034][  0]LogConfig: Setting CVar [[r.Streaming.MipBias:0]]
[2023.02.03-19.24.08:034][  0]LogConfig: Setting CVar [[r.Streaming.AmortizeCPUToGPUCopy:0]]
[2023.02.03-19.24.08:034][  0]LogConfig: Setting CVar [[r.Streaming.MaxNumTexturesToStreamPerFrame:0]]
[2023.02.03-19.24.08:034][  0]LogConfig: Setting CVar [[r.Streaming.Boost:1]]
[2023.02.03-19.24.08:034][  0]LogConfig: Setting CVar [[r.MaxAnisotropy:8]]
[2023.02.03-19.24.08:034][  0]LogConfig: Setting CVar [[r.VT.MaxAnisotropy:8]]
[2023.02.03-19.24.08:034][  0]LogConfig: Setting CVar [[r.Streaming.LimitPoolSizeToVRAM:0]]
[2023.02.03-19.24.08:034][  0]LogConfig: Setting CVar [[r.Streaming.PoolSize:1000]]
[2023.02.03-19.24.08:034][  0]LogConfig: Setting CVar [[r.Streaming.MaxEffectiveScreenSize:0]]
[2023.02.03-19.24.08:034][  0]LogConfig: Applying CVar settings from Section [EffectsQuality@3] File [C:/Users/adria/Desktop/Universidad/GameJam/GGJ_Tomatito/GGJ_TomatitoPoject/Saved/Config/Windows/Scalability.ini]
[2023.02.03-19.24.08:034][  0]LogConfig: Setting CVar [[r.TranslucencyLightingVolumeDim:64]]
[2023.02.03-19.24.08:034][  0]LogConfig: Setting CVar [[r.RefractionQuality:2]]
[2023.02.03-19.24.08:034][  0]LogConfig: Setting CVar [[r.SSR.Quality:3]]
[2023.02.03-19.24.08:034][  0]LogConfig: Setting CVar [[r.SSR.HalfResSceneColor:0]]
[2023.02.03-19.24.08:034][  0]LogConfig: Setting CVar [[r.SceneColorFormat:4]]
[2023.02.03-19.24.08:034][  0]LogConfig: Setting CVar [[r.DetailMode:2]]
[2023.02.03-19.24.08:034][  0]LogConfig: Setting CVar [[r.TranslucencyVolumeBlur:1]]
[2023.02.03-19.24.08:034][  0]LogConfig: Setting CVar [[r.MaterialQualityLevel:1 ; High quality]]
[2023.02.03-19.24.08:034][  0]LogConfig: Setting CVar [[r.AnisotropicMaterials:1]]
[2023.02.03-19.24.08:034][  0]LogConfig: Setting CVar [[r.SSS.Scale:1]]
[2023.02.03-19.24.08:034][  0]LogConfig: Setting CVar [[r.SSS.SampleSet:2]]
[2023.02.03-19.24.08:034][  0]LogConfig: Setting CVar [[r.SSS.Quality:1]]
[2023.02.03-19.24.08:034][  0]LogConfig: Setting CVar [[r.SSS.HalfRes:0]]
[2023.02.03-19.24.08:034][  0]LogConfig: Setting CVar [[r.SSGI.Quality:3]]
[2023.02.03-19.24.08:034][  0]LogConfig: Setting CVar [[r.EmitterSpawnRateScale:1.0]]
[2023.02.03-19.24.08:034][  0]LogConfig: Setting CVar [[r.ParticleLightQuality:2]]
[2023.02.03-19.24.08:034][  0]LogConfig: Setting CVar [[r.SkyAtmosphere.AerialPerspectiveLUT.FastApplyOnOpaque:1 ; Always have FastSkyLUT 1 in this case to avoid wrong sky]]
[2023.02.03-19.24.08:034][  0]LogConfig: Setting CVar [[r.SkyAtmosphere.AerialPerspectiveLUT.SampleCountMaxPerSlice:4]]
[2023.02.03-19.24.08:034][  0]LogConfig: Setting CVar [[r.SkyAtmosphere.AerialPerspectiveLUT.DepthResolution:16.0]]
[2023.02.03-19.24.08:034][  0]LogConfig: Setting CVar [[r.SkyAtmosphere.FastSkyLUT:1]]
[2023.02.03-19.24.08:034][  0]LogConfig: Setting CVar [[r.SkyAtmosphere.FastSkyLUT.SampleCountMin:4.0]]
[2023.02.03-19.24.08:034][  0]LogConfig: Setting CVar [[r.SkyAtmosphere.FastSkyLUT.SampleCountMax:128.0]]
[2023.02.03-19.24.08:034][  0]LogConfig: Setting CVar [[r.SkyAtmosphere.SampleCountMin:4.0]]
[2023.02.03-19.24.08:034][  0]LogConfig: Setting CVar [[r.SkyAtmosphere.SampleCountMax:128.0]]
[2023.02.03-19.24.08:034][  0]LogConfig: Setting CVar [[r.SkyAtmosphere.TransmittanceLUT.UseSmallFormat:0]]
[2023.02.03-19.24.08:034][  0]LogConfig: Setting CVar [[r.SkyAtmosphere.TransmittanceLUT.SampleCount:10.0]]
[2023.02.03-19.24.08:034][  0]LogConfig: Setting CVar [[r.SkyAtmosphere.MultiScatteringLUT.SampleCount:15.0]]
[2023.02.03-19.24.08:034][  0]LogConfig: Setting CVar [[r.SkyLight.RealTimeReflectionCapture:1]]
[2023.02.03-19.24.08:034][  0]LogConfig: Applying CVar settings from Section [FoliageQuality@3] File [C:/Users/adria/Desktop/Universidad/GameJam/GGJ_Tomatito/GGJ_TomatitoPoject/Saved/Config/Windows/Scalability.ini]
[2023.02.03-19.24.08:034][  0]LogConfig: Setting CVar [[foliage.DensityScale:1.0]]
[2023.02.03-19.24.08:034][  0]LogConfig: Setting CVar [[grass.DensityScale:1.0]]
[2023.02.03-19.24.08:034][  0]LogConfig: Applying CVar settings from Section [ShadingQuality@3] File [C:/Users/adria/Desktop/Universidad/GameJam/GGJ_Tomatito/GGJ_TomatitoPoject/Saved/Config/Windows/Scalability.ini]
[2023.02.03-19.24.08:034][  0]LogConfig: Setting CVar [[r.HairStrands.SkyLighting.IntegrationType:2]]
[2023.02.03-19.24.08:034][  0]LogConfig: Setting CVar [[r.HairStrands.SkyAO.SampleCount:4]]
[2023.02.03-19.24.08:035][  0]LogConfig: Setting CVar [[r.HairStrands.Visibility.MSAA.SamplePerPixel:4]]
[2023.02.03-19.24.08:035][  0]LogInit: Selected Device Profile: [Windows]
[2023.02.03-19.24.08:035][  0]LogInit: Applying CVar settings loaded from the selected device profile: [Windows]
[2023.02.03-19.24.08:035][  0]LogHAL: Display: Platform has ~ 16 GB [17013784576 / 17179869184 / 16], which maps to Larger [LargestMinGB=32, LargerMinGB=12, DefaultMinGB=8, SmallerMinGB=6, SmallestMinGB=0)
[2023.02.03-19.24.08:035][  0]LogInit: Going up to parent DeviceProfile []
[2023.02.03-19.24.08:035][  0]LogConfig: Applying CVar settings from Section [ViewDistanceQuality@3] File [C:/Users/adria/Desktop/Universidad/GameJam/GGJ_Tomatito/GGJ_TomatitoPoject/Saved/Config/Windows/Scalability.ini]
[2023.02.03-19.24.08:035][  0]LogConfig: Setting CVar [[r.SkeletalMeshLODBias:0]]
[2023.02.03-19.24.08:035][  0]LogConfig: Setting CVar [[r.ViewDistanceScale:1.0]]
[2023.02.03-19.24.08:035][  0]LogConfig: Applying CVar settings from Section [AntiAliasingQuality@3] File [C:/Users/adria/Desktop/Universidad/GameJam/GGJ_Tomatito/GGJ_TomatitoPoject/Saved/Config/Windows/Scalability.ini]
[2023.02.03-19.24.08:035][  0]LogConfig: Setting CVar [[r.PostProcessAAQuality:4]]
[2023.02.03-19.24.08:035][  0]LogConfig: Applying CVar settings from Section [ShadowQuality@3] File [C:/Users/adria/Desktop/Universidad/GameJam/GGJ_Tomatito/GGJ_TomatitoPoject/Saved/Config/Windows/Scalability.ini]
[2023.02.03-19.24.08:035][  0]LogConfig: Setting CVar [[r.LightFunctionQuality:1]]
[2023.02.03-19.24.08:035][  0]LogConfig: Setting CVar [[r.ShadowQuality:5]]
[2023.02.03-19.24.08:035][  0]LogConfig: Setting CVar [[r.Shadow.CSM.MaxCascades:10]]
[2023.02.03-19.24.08:035][  0]LogConfig: Setting CVar [[r.Shadow.MaxResolution:2048]]
[2023.02.03-19.24.08:035][  0]LogConfig: Setting CVar [[r.Shadow.MaxCSMResolution:2048]]
[2023.02.03-19.24.08:035][  0]LogConfig: Setting CVar [[r.Shadow.RadiusThreshold:0.01]]
[2023.02.03-19.24.08:035][  0]LogConfig: Setting CVar [[r.Shadow.DistanceScale:1.0]]
[2023.02.03-19.24.08:035][  0]LogConfig: Setting CVar [[r.Shadow.CSM.TransitionScale:1.0]]
[2023.02.03-19.24.08:035][  0]LogConfig: Setting CVar [[r.Shadow.PreShadowResolutionFactor:1.0]]
[2023.02.03-19.24.08:035][  0]LogConfig: Setting CVar [[r.DistanceFieldShadowing:1]]
[2023.02.03-19.24.08:035][  0]LogConfig: Setting CVar [[r.DistanceFieldAO:1]]
[2023.02.03-19.24.08:035][  0]LogConfig: Setting CVar [[r.AOQuality:2]]
[2023.02.03-19.24.08:035][  0]LogConfig: Setting CVar [[r.VolumetricFog:1]]
[2023.02.03-19.24.08:035][  0]LogConfig: Setting CVar [[r.VolumetricFog.GridPixelSize:8]]
[2023.02.03-19.24.08:035][  0]LogConfig: Setting CVar [[r.VolumetricFog.GridSizeZ:128]]
[2023.02.03-19.24.08:035][  0]LogConfig: Setting CVar [[r.VolumetricFog.HistoryMissSupersampleCount:4]]
[2023.02.03-19.24.08:035][  0]LogConfig: Setting CVar [[r.LightMaxDrawDistanceScale:1]]
[2023.02.03-19.24.08:035][  0]LogConfig: Setting CVar [[r.CapsuleShadows:1]]
[2023.02.03-19.24.08:035][  0]LogConfig: Applying CVar settings from Section [PostProcessQuality@3] File [C:/Users/adria/Desktop/Universidad/GameJam/GGJ_Tomatito/GGJ_TomatitoPoject/Saved/Config/Windows/Scalability.ini]
[2023.02.03-19.24.08:035][  0]LogConfig: Setting CVar [[r.MotionBlurQuality:4]]
[2023.02.03-19.24.08:035][  0]LogConfig: Setting CVar [[r.AmbientOcclusionMipLevelFactor:0.4]]
[2023.02.03-19.24.08:035][  0]LogConfig: Setting CVar [[r.AmbientOcclusionMaxQuality:100]]
[2023.02.03-19.24.08:035][  0]LogConfig: Setting CVar [[r.AmbientOcclusionLevels:-1]]
[2023.02.03-19.24.08:035][  0]LogConfig: Setting CVar [[r.AmbientOcclusionRadiusScale:1.0]]
[2023.02.03-19.24.08:035][  0]LogConfig: Setting CVar [[r.DepthOfFieldQuality:2]]
[2023.02.03-19.24.08:035][  0]LogConfig: Setting CVar [[r.RenderTargetPoolMin:400]]
[2023.02.03-19.24.08:035][  0]LogConfig: Setting CVar [[r.LensFlareQuality:2]]
[2023.02.03-19.24.08:035][  0]LogConfig: Setting CVar [[r.SceneColorFringeQuality:1]]
[2023.02.03-19.24.08:035][  0]LogConfig: Setting CVar [[r.EyeAdaptationQuality:2]]
[2023.02.03-19.24.08:035][  0]LogConfig: Setting CVar [[r.BloomQuality:5]]
[2023.02.03-19.24.08:035][  0]LogConfig: Setting CVar [[r.FastBlurThreshold:100]]
[2023.02.03-19.24.08:035][  0]LogConfig: Setting CVar [[r.Upscale.Quality:3]]
[2023.02.03-19.24.08:035][  0]LogConfig: Setting CVar [[r.Tonemapper.GrainQuantization:1]]
[2023.02.03-19.24.08:035][  0]LogConfig: Setting CVar [[r.LightShaftQuality:1]]
[2023.02.03-19.24.08:035][  0]LogConfig: Setting CVar [[r.Filter.SizeScale:1]]
[2023.02.03-19.24.08:035][  0]LogConfig: Setting CVar [[r.Tonemapper.Quality:5]]
[2023.02.03-19.24.08:035][  0]LogConfig: Setting CVar [[r.DOF.Gather.AccumulatorQuality:1        ; higher gathering accumulator quality]]
[2023.02.03-19.24.08:035][  0]LogConfig: Setting CVar [[r.DOF.Gather.PostfilterMethod:1          ; Median3x3 postfilering method]]
[2023.02.03-19.24.08:035][  0]LogConfig: Setting CVar [[r.DOF.Gather.EnableBokehSettings:0       ; no bokeh simulation when gathering]]
[2023.02.03-19.24.08:035][  0]LogConfig: Setting CVar [[r.DOF.Gather.RingCount:4                 ; medium number of samples when gathering]]
[2023.02.03-19.24.08:035][  0]LogConfig: Setting CVar [[r.DOF.Scatter.ForegroundCompositing:1    ; additive foreground scattering]]
[2023.02.03-19.24.08:035][  0]LogConfig: Setting CVar [[r.DOF.Scatter.BackgroundCompositing:2    ; additive background scattering]]
[2023.02.03-19.24.08:035][  0]LogConfig: Setting CVar [[r.DOF.Scatter.EnableBokehSettings:1      ; bokeh simulation when scattering]]
[2023.02.03-19.24.08:035][  0]LogConfig: Setting CVar [[r.DOF.Scatter.MaxSpriteRatio:0.1         ; only a maximum of 10% of scattered bokeh]]
[2023.02.03-19.24.08:035][  0]LogConfig: Setting CVar [[r.DOF.Recombine.Quality:1                ; cheap slight out of focus]]
[2023.02.03-19.24.08:035][  0]LogConfig: Setting CVar [[r.DOF.Recombine.EnableBokehSettings:0    ; no bokeh simulation on slight out of focus]]
[2023.02.03-19.24.08:035][  0]LogConfig: Setting CVar [[r.DOF.TemporalAAQuality:1                ; more stable temporal accumulation]]
[2023.02.03-19.24.08:035][  0]LogConfig: Setting CVar [[r.DOF.Kernel.MaxForegroundRadius:0.025]]
[2023.02.03-19.24.08:035][  0]LogConfig: Setting CVar [[r.DOF.Kernel.MaxBackgroundRadius:0.025]]
[2023.02.03-19.24.08:035][  0]LogConfig: Applying CVar settings from Section [TextureQuality@3] File [C:/Users/adria/Desktop/Universidad/GameJam/GGJ_Tomatito/GGJ_TomatitoPoject/Saved/Config/Windows/Scalability.ini]
[2023.02.03-19.24.08:035][  0]LogConfig: Setting CVar [[r.Streaming.MipBias:0]]
[2023.02.03-19.24.08:035][  0]LogConfig: Setting CVar [[r.Streaming.AmortizeCPUToGPUCopy:0]]
[2023.02.03-19.24.08:035][  0]LogConfig: Setting CVar [[r.Streaming.MaxNumTexturesToStreamPerFrame:0]]
[2023.02.03-19.24.08:035][  0]LogConfig: Setting CVar [[r.Streaming.Boost:1]]
[2023.02.03-19.24.08:035][  0]LogConfig: Setting CVar [[r.MaxAnisotropy:8]]
[2023.02.03-19.24.08:035][  0]LogConfig: Setting CVar [[r.VT.MaxAnisotropy:8]]
[2023.02.03-19.24.08:035][  0]LogConfig: Setting CVar [[r.Streaming.LimitPoolSizeToVRAM:0]]
[2023.02.03-19.24.08:035][  0]LogConfig: Setting CVar [[r.Streaming.PoolSize:1000]]
[2023.02.03-19.24.08:035][  0]LogConfig: Setting CVar [[r.Streaming.MaxEffectiveScreenSize:0]]
[2023.02.03-19.24.08:035][  0]LogConfig: Applying CVar settings from Section [EffectsQuality@3] File [C:/Users/adria/Desktop/Universidad/GameJam/GGJ_Tomatito/GGJ_TomatitoPoject/Saved/Config/Windows/Scalability.ini]
[2023.02.03-19.24.08:035][  0]LogConfig: Setting CVar [[r.TranslucencyLightingVolumeDim:64]]
[2023.02.03-19.24.08:035][  0]LogConfig: Setting CVar [[r.RefractionQuality:2]]
[2023.02.03-19.24.08:035][  0]LogConfig: Setting CVar [[r.SSR.Quality:3]]
[2023.02.03-19.24.08:035][  0]LogConfig: Setting CVar [[r.SSR.HalfResSceneColor:0]]
[2023.02.03-19.24.08:035][  0]LogConfig: Setting CVar [[r.SceneColorFormat:4]]
[2023.02.03-19.24.08:035][  0]LogConfig: Setting CVar [[r.DetailMode:2]]
[2023.02.03-19.24.08:035][  0]LogConfig: Setting CVar [[r.TranslucencyVolumeBlur:1]]
[2023.02.03-19.24.08:035][  0]LogConfig: Setting CVar [[r.MaterialQualityLevel:1 ; High quality]]
[2023.02.03-19.24.08:035][  0]LogConfig: Setting CVar [[r.AnisotropicMaterials:1]]
[2023.02.03-19.24.08:035][  0]LogConfig: Setting CVar [[r.SSS.Scale:1]]
[2023.02.03-19.24.08:035][  0]LogConfig: Setting CVar [[r.SSS.SampleSet:2]]
[2023.02.03-19.24.08:035][  0]LogConfig: Setting CVar [[r.SSS.Quality:1]]
[2023.02.03-19.24.08:035][  0]LogConfig: Setting CVar [[r.SSS.HalfRes:0]]
[2023.02.03-19.24.08:035][  0]LogConfig: Setting CVar [[r.SSGI.Quality:3]]
[2023.02.03-19.24.08:036][  0]LogConfig: Setting CVar [[r.EmitterSpawnRateScale:1.0]]
[2023.02.03-19.24.08:036][  0]LogConfig: Setting CVar [[r.ParticleLightQuality:2]]
[2023.02.03-19.24.08:036][  0]LogConfig: Setting CVar [[r.SkyAtmosphere.AerialPerspectiveLUT.FastApplyOnOpaque:1 ; Always have FastSkyLUT 1 in this case to avoid wrong sky]]
[2023.02.03-19.24.08:036][  0]LogConfig: Setting CVar [[r.SkyAtmosphere.AerialPerspectiveLUT.SampleCountMaxPerSlice:4]]
[2023.02.03-19.24.08:036][  0]LogConfig: Setting CVar [[r.SkyAtmosphere.AerialPerspectiveLUT.DepthResolution:16.0]]
[2023.02.03-19.24.08:036][  0]LogConfig: Setting CVar [[r.SkyAtmosphere.FastSkyLUT:1]]
[2023.02.03-19.24.08:036][  0]LogConfig: Setting CVar [[r.SkyAtmosphere.FastSkyLUT.SampleCountMin:4.0]]
[2023.02.03-19.24.08:036][  0]LogConfig: Setting CVar [[r.SkyAtmosphere.FastSkyLUT.SampleCountMax:128.0]]
[2023.02.03-19.24.08:036][  0]LogConfig: Setting CVar [[r.SkyAtmosphere.SampleCountMin:4.0]]
[2023.02.03-19.24.08:036][  0]LogConfig: Setting CVar [[r.SkyAtmosphere.SampleCountMax:128.0]]
[2023.02.03-19.24.08:036][  0]LogConfig: Setting CVar [[r.SkyAtmosphere.TransmittanceLUT.UseSmallFormat:0]]
[2023.02.03-19.24.08:036][  0]LogConfig: Setting CVar [[r.SkyAtmosphere.TransmittanceLUT.SampleCount:10.0]]
[2023.02.03-19.24.08:036][  0]LogConfig: Setting CVar [[r.SkyAtmosphere.MultiScatteringLUT.SampleCount:15.0]]
[2023.02.03-19.24.08:036][  0]LogConfig: Setting CVar [[r.SkyLight.RealTimeReflectionCapture:1]]
[2023.02.03-19.24.08:036][  0]LogConfig: Applying CVar settings from Section [FoliageQuality@3] File [C:/Users/adria/Desktop/Universidad/GameJam/GGJ_Tomatito/GGJ_TomatitoPoject/Saved/Config/Windows/Scalability.ini]
[2023.02.03-19.24.08:036][  0]LogConfig: Setting CVar [[foliage.DensityScale:1.0]]
[2023.02.03-19.24.08:036][  0]LogConfig: Setting CVar [[grass.DensityScale:1.0]]
[2023.02.03-19.24.08:036][  0]LogConfig: Applying CVar settings from Section [ShadingQuality@3] File [C:/Users/adria/Desktop/Universidad/GameJam/GGJ_Tomatito/GGJ_TomatitoPoject/Saved/Config/Windows/Scalability.ini]
[2023.02.03-19.24.08:036][  0]LogConfig: Setting CVar [[r.HairStrands.SkyLighting.IntegrationType:2]]
[2023.02.03-19.24.08:036][  0]LogConfig: Setting CVar [[r.HairStrands.SkyAO.SampleCount:4]]
[2023.02.03-19.24.08:036][  0]LogConfig: Setting CVar [[r.HairStrands.Visibility.MSAA.SamplePerPixel:4]]
[2023.02.03-19.24.08:036][  0]LogConfig: Applying CVar settings from Section [Startup] File [../../../Engine/Config/ConsoleVariables.ini]
[2023.02.03-19.24.08:036][  0]LogConfig: Setting CVar [[net.UseAdaptiveNetUpdateFrequency:0]]
[2023.02.03-19.24.08:036][  0]LogConfig: Setting CVar [[p.chaos.AllowCreatePhysxBodies:1]]
[2023.02.03-19.24.08:036][  0]LogConfig: Setting CVar [[fx.SkipVectorVMBackendOptimizations:1]]
[2023.02.03-19.24.08:036][  0]LogConfig: Applying CVar settings from Section [ConsoleVariables] File [C:/Users/adria/Desktop/Universidad/GameJam/GGJ_Tomatito/GGJ_TomatitoPoject/Saved/Config/Windows/Engine.ini]
[2023.02.03-19.24.08:036][  0]LogConfig: Applying CVar settings from Section [ConsoleVariables] File [C:/Users/adria/Desktop/Universidad/GameJam/GGJ_Tomatito/GGJ_TomatitoPoject/Saved/Config/Windows/Editor.ini]
[2023.02.03-19.24.08:037][  0]LogInit: Computer: DESKTOP-6U7BAGV
[2023.02.03-19.24.08:037][  0]LogInit: User: adria
[2023.02.03-19.24.08:037][  0]LogInit: CPU Page size=4096, Cores=6
[2023.02.03-19.24.08:037][  0]LogInit: High frequency timer resolution =10.000000 MHz
[2023.02.03-19.24.08:037][  0]LogMemory: Memory total: Physical=15.8GB (16GB approx)
[2023.02.03-19.24.08:037][  0]LogMemory: Platform Memory Stats for Windows
[2023.02.03-19.24.08:037][  0]LogMemory: Process Physical Memory: 148.62 MB used, 148.62 MB peak
[2023.02.03-19.24.08:037][  0]LogMemory: Process Virtual Memory: 128.07 MB used, 128.07 MB peak
[2023.02.03-19.24.08:037][  0]LogMemory: Physical Memory: 8136.23 MB used,  8089.38 MB free, 16225.61 MB total
[2023.02.03-19.24.08:037][  0]LogMemory: Virtual Memory: 134207792.00 MB used,  9936.66 MB free, 134217728.00 MB total
[2023.02.03-19.24.08:041][  0]LogWindows: WindowsPlatformFeatures enabled
[2023.02.03-19.24.08:081][  0]LogInit: Physics initialised using underlying interface: PhysX
[2023.02.03-19.24.08:082][  0]LogInit: Overriding language with editor language configuration option (en).
[2023.02.03-19.24.08:082][  0]LogInit: Using OS detected locale (es-ES).
[2023.02.03-19.24.08:257][  0]LogInit: Setting process to per monitor DPI aware
[2023.02.03-19.24.08:272][  0]LogWindowsTextInputMethodSystem: Display: IME system deactivated.
[2023.02.03-19.24.08:290][  0]LogSlate: New Slate User Created.  User Index 0, Is Virtual User: 0
[2023.02.03-19.24.08:290][  0]LogSlate: Slate User Registered.  User Index 0, Is Virtual User: 0
[2023.02.03-19.24.08:425][  0]LogD3D11RHI: Loaded GFSDK_Aftermath_Lib.x64.dll
[2023.02.03-19.24.08:468][  0]LogHMD: Failed to initialize OpenVR with code 110
[2023.02.03-19.24.08:468][  0]LogD3D11RHI: D3D11 min allowed feature level: 11_0
[2023.02.03-19.24.08:468][  0]LogD3D11RHI: D3D11 max allowed feature level: 11_0
[2023.02.03-19.24.08:468][  0]LogD3D11RHI: D3D11 adapters:
[2023.02.03-19.24.08:575][  0]LogD3D11RHI:    0. 'NVIDIA GeForce RTX 2060' (Feature Level 11_0)
[2023.02.03-19.24.08:575][  0]LogD3D11RHI:       5980/0/8112 MB DedicatedVideo/DedicatedSystem/SharedSystem, Outputs:1, VendorId:0x10de
[2023.02.03-19.24.08:609][  0]LogD3D11RHI:    1. 'Intel(R) UHD Graphics 630' (Feature Level 11_0)
[2023.02.03-19.24.08:609][  0]LogD3D11RHI:       128/0/8112 MB DedicatedVideo/DedicatedSystem/SharedSystem, Outputs:0, VendorId:0x8086
[2023.02.03-19.24.08:611][  0]LogD3D11RHI:    2. 'Microsoft Basic Render Driver' (Feature Level 11_0)
[2023.02.03-19.24.08:611][  0]LogD3D11RHI:       0/0/8112 MB DedicatedVideo/DedicatedSystem/SharedSystem, Outputs:0, VendorId:0x1414
[2023.02.03-19.24.08:611][  0]LogD3D11RHI: Chosen D3D11 Adapter:
[2023.02.03-19.24.08:611][  0]LogD3D11RHI:     Description : NVIDIA GeForce RTX 2060
[2023.02.03-19.24.08:611][  0]LogD3D11RHI:     VendorId    : 10de
[2023.02.03-19.24.08:611][  0]LogD3D11RHI:     DeviceId    : 1f15
[2023.02.03-19.24.08:611][  0]LogD3D11RHI:     SubSysId    : 12aa1462
[2023.02.03-19.24.08:611][  0]LogD3D11RHI:     Revision    : 00a1
[2023.02.03-19.24.08:611][  0]LogD3D11RHI:     DedicatedVideoMemory : 6270484480 bytes
[2023.02.03-19.24.08:611][  0]LogD3D11RHI:     DedicatedSystemMemory : 0 bytes
[2023.02.03-19.24.08:611][  0]LogD3D11RHI:     SharedSystemMemory : 8506892288 bytes
[2023.02.03-19.24.08:611][  0]LogD3D11RHI:     AdapterLuid : 0 59347
[2023.02.03-19.24.08:616][  0]LogD3D11RHI: Creating new Direct3DDevice
[2023.02.03-19.24.08:616][  0]LogD3D11RHI:     GPU DeviceId: 0x1f15 (for the marketing name, search the web for "GPU Device Id")
[2023.02.03-19.24.08:616][  0]LogWindows: EnumDisplayDevices:
[2023.02.03-19.24.08:617][  0]LogWindows:    0. 'Intel(R) UHD Graphics 630' (P:1 D:1)
[2023.02.03-19.24.08:617][  0]LogWindows:    1. 'Intel(R) UHD Graphics 630' (P:0 D:0)
[2023.02.03-19.24.08:617][  0]LogWindows:    2. 'Intel(R) UHD Graphics 630' (P:0 D:0)
[2023.02.03-19.24.08:617][  0]LogWindows:    3. 'NVIDIA GeForce RTX 2060' (P:0 D:0)
[2023.02.03-19.24.08:617][  0]LogWindows: DebugString: PrimaryIsNotTheChoosenAdapter PrimaryIsNotTheChoosenAdapter PrimaryIsNotTheChoosenAdapter 
[2023.02.03-19.24.08:617][  0]LogD3D11RHI:     Adapter Name: NVIDIA GeForce RTX 2060
[2023.02.03-19.24.08:617][  0]LogD3D11RHI:   Driver Version: 496.49 (internal:30.0.14.9649, unified:496.49)
[2023.02.03-19.24.08:617][  0]LogD3D11RHI:      Driver Date: 10-20-2021
[2023.02.03-19.24.08:617][  0]LogRHI: Texture pool is 4186 MB (70% of 5980 MB)
[2023.02.03-19.24.08:617][  0]LogD3D11RHI: Creating D3DDevice using adapter:
[2023.02.03-19.24.08:617][  0]LogD3D11RHI:     Description : NVIDIA GeForce RTX 2060
[2023.02.03-19.24.08:617][  0]LogD3D11RHI:     VendorId    : 10de
[2023.02.03-19.24.08:618][  0]LogD3D11RHI:     DeviceId    : 1f15
[2023.02.03-19.24.08:618][  0]LogD3D11RHI:     SubSysId    : 12aa1462
[2023.02.03-19.24.08:618][  0]LogD3D11RHI:     Revision    : 00a1
[2023.02.03-19.24.08:618][  0]LogD3D11RHI:     DedicatedVideoMemory : 6270484480 bytes
[2023.02.03-19.24.08:618][  0]LogD3D11RHI:     DedicatedSystemMemory : 0 bytes
[2023.02.03-19.24.08:618][  0]LogD3D11RHI:     SharedSystemMemory : 8506892288 bytes
[2023.02.03-19.24.08:618][  0]LogD3D11RHI:     AdapterLuid : 0 59347
[2023.02.03-19.24.08:674][  0]LogD3D11RHI: RHI has support for 64 bit atomics
[2023.02.03-19.24.08:674][  0]LogD3D11RHI: Async texture creation enabled
[2023.02.03-19.24.08:674][  0]LogD3D11RHI: Array index from any shader is supported
[2023.02.03-19.24.08:695][  0]LogD3D11RHI: GPU Timing Frequency: 1000.000000 (Debug: 2 1)
[2023.02.03-19.24.08:733][  0]LogRHI: GeForceNow SDK initialized: 1
[2023.02.03-19.24.09:065][  0]LogTargetPlatformManager: Display: Loaded TargetPlatform 'AllDesktop'
[2023.02.03-19.24.09:086][  0]LogTargetPlatformManager: Display: Loaded TargetPlatform 'Android'
[2023.02.03-19.24.09:086][  0]LogTargetPlatformManager: Display: Loaded TargetPlatform 'Android_ASTC'
[2023.02.03-19.24.09:086][  0]LogTargetPlatformManager: Display: Loaded TargetPlatform 'Android_DXT'
[2023.02.03-19.24.09:086][  0]LogTargetPlatformManager: Display: Loaded TargetPlatform 'Android_ETC2'
[2023.02.03-19.24.09:086][  0]LogTargetPlatformManager: Display: Loaded TargetPlatform 'AndroidClient'
[2023.02.03-19.24.09:086][  0]LogTargetPlatformManager: Display: Loaded TargetPlatform 'Android_ASTCClient'
[2023.02.03-19.24.09:086][  0]LogTargetPlatformManager: Display: Loaded TargetPlatform 'Android_DXTClient'
[2023.02.03-19.24.09:086][  0]LogTargetPlatformManager: Display: Loaded TargetPlatform 'Android_ETC2Client'
[2023.02.03-19.24.09:086][  0]LogTargetPlatformManager: Display: Loaded TargetPlatform 'Android_Multi'
[2023.02.03-19.24.09:086][  0]LogTargetPlatformManager: Display: Loaded TargetPlatform 'Android_MultiClient'
[2023.02.03-19.24.09:104][  0]LogTargetPlatformManager: Display: Loaded TargetPlatform 'IOSClient'
[2023.02.03-19.24.09:104][  0]LogTargetPlatformManager: Display: Loaded TargetPlatform 'IOS'
[2023.02.03-19.24.09:115][  0]LogTargetPlatformManager: Display: Loaded TargetPlatform 'Linux'
[2023.02.03-19.24.09:119][  0]LogTargetPlatformManager: Display: Loaded TargetPlatform 'LinuxNoEditor'
[2023.02.03-19.24.09:124][  0]LogTargetPlatformManager: Display: Loaded TargetPlatform 'LinuxClient'
[2023.02.03-19.24.09:128][  0]LogTargetPlatformManager: Display: Loaded TargetPlatform 'LinuxServer'
[2023.02.03-19.24.09:138][  0]LogTargetPlatformManager: Display: Loaded TargetPlatform 'LinuxAArch64NoEditor'
[2023.02.03-19.24.09:141][  0]LogTargetPlatformManager: Display: Loaded TargetPlatform 'LinuxAArch64Client'
[2023.02.03-19.24.09:145][  0]LogTargetPlatformManager: Display: Loaded TargetPlatform 'LinuxAArch64Server'
[2023.02.03-19.24.09:172][  0]LogTargetPlatformManager: Display: Loaded TargetPlatform 'Lumin'
[2023.02.03-19.24.09:172][  0]LogTargetPlatformManager: Display: Loaded TargetPlatform 'LuminClient'
[2023.02.03-19.24.09:181][  0]LogTargetPlatformManager: Display: Loaded TargetPlatform 'MacNoEditor'
[2023.02.03-19.24.09:184][  0]LogTargetPlatformManager: Display: Loaded TargetPlatform 'Mac'
[2023.02.03-19.24.09:188][  0]LogTargetPlatformManager: Display: Loaded TargetPlatform 'MacClient'
[2023.02.03-19.24.09:191][  0]LogTargetPlatformManager: Display: Loaded TargetPlatform 'MacServer'
[2023.02.03-19.24.09:202][  0]LogTargetPlatformManager: Display: Loaded TargetPlatform 'TVOSClient'
[2023.02.03-19.24.09:202][  0]LogTargetPlatformManager: Display: Loaded TargetPlatform 'TVOS'
[2023.02.03-19.24.09:211][  0]LogTargetPlatformManager: Display: Loaded TargetPlatform 'WindowsNoEditor'
[2023.02.03-19.24.09:215][  0]LogTargetPlatformManager: Display: Loaded TargetPlatform 'Windows'
[2023.02.03-19.24.09:220][  0]LogTargetPlatformManager: Display: Loaded TargetPlatform 'WindowsClient'
[2023.02.03-19.24.09:224][  0]LogTargetPlatformManager: Display: Loaded TargetPlatform 'WindowsServer'
[2023.02.03-19.24.09:224][  0]LogTargetPlatformManager: Display: Building Assets For Windows
[2023.02.03-19.24.09:230][  0]LogAudioDebug: Display: Lib vorbis DLL was dynamically loaded.
[2023.02.03-19.24.09:257][  0]LogTextureFormatOodle: Display: Oodle Texture 2.9.0 init RDO Off
[2023.02.03-19.24.09:283][  0]LogRendererCore: Ray tracing is disabled. Reason: r.RayTracing=0.
[2023.02.03-19.24.09:283][  0]LogShaderCompilers: Guid format shader working directory is -43 characters bigger than the processId version (../../../../../../Users/adria/Desktop/Universidad/GameJam/GGJ_Tomatito/GGJ_TomatitoPoject/Intermediate/Shaders/WorkingDirectory/4536/).
[2023.02.03-19.24.09:283][  0]LogShaderCompilers: Cleaned the shader compiler working directory 'C:/Users/adria/AppData/Local/Temp/UnrealShaderWorkingDir/C5AABC524C94C3834853E8B3C1A4DA85/'.
[2023.02.03-19.24.09:283][  0]LogXGEController: Cannot use XGE Controller as Incredibuild is not installed on this machine.
[2023.02.03-19.24.09:283][  0]LogShaderCompilers: Cannot use XGE Shader Compiler as Incredibuild is not installed on this machine.
[2023.02.03-19.24.09:284][  0]LogShaderCompilers: Display: Using Local Shader Compiler.
[2023.02.03-19.24.10:015][  0]LogDerivedDataCache: Display: Max Cache Size: 512 MB
[2023.02.03-19.24.10:069][  0]LogDerivedDataCache: Loaded boot cache 0.05s 94MB C:/Users/adria/AppData/Local/UnrealEngine/4.27/DerivedDataCache/Boot.ddc.
[2023.02.03-19.24.10:069][  0]LogDerivedDataCache: Display: Loaded Boot cache: C:/Users/adria/AppData/Local/UnrealEngine/4.27/DerivedDataCache/Boot.ddc
[2023.02.03-19.24.10:069][  0]LogDerivedDataCache: FDerivedDataBackendGraph:  Pak pak cache file ../../../../../../Users/adria/Desktop/Universidad/GameJam/GGJ_Tomatito/GGJ_TomatitoPoject/DerivedDataCache/DDC.ddp not found, will not use a pak cache.
[2023.02.03-19.24.10:069][  0]LogDerivedDataCache: Unable to find inner node Pak for hierarchical cache Hierarchy.
[2023.02.03-19.24.10:069][  0]LogDerivedDataCache: FDerivedDataBackendGraph:  CompressedPak pak cache file ../../../../../../Users/adria/Desktop/Universidad/GameJam/GGJ_Tomatito/GGJ_TomatitoPoject/DerivedDataCache/Compressed.ddp not found, will not use a pak cache.
[2023.02.03-19.24.10:069][  0]LogDerivedDataCache: Unable to find inner node CompressedPak for hierarchical cache Hierarchy.
[2023.02.03-19.24.10:085][  0]LogDerivedDataCache: Display: Pak cache opened for reading ../../../Engine/DerivedDataCache/Compressed.ddp.
[2023.02.03-19.24.10:085][  0]LogDerivedDataCache: FDerivedDataBackendGraph:  EnterprisePak pak cache file ../../../Enterprise/DerivedDataCache/Compressed.ddp not found, will not use a pak cache.
[2023.02.03-19.24.10:085][  0]LogDerivedDataCache: Unable to find inner node EnterprisePak for hierarchical cache Hierarchy.
[2023.02.03-19.24.10:095][  0]LogDerivedDataCache: Speed tests for C:/Users/adria/AppData/Local/UnrealEngine/Common/DerivedDataCache took 0.01 seconds
[2023.02.03-19.24.10:095][  0]LogDerivedDataCache: Display: Performance to C:/Users/adria/AppData/Local/UnrealEngine/Common/DerivedDataCache: Latency=0.04ms. RandomReadSpeed=246.84MBs, RandomWriteSpeed=163.25MBs. Assigned SpeedClass 'Local'
[2023.02.03-19.24.10:096][  0]LogDerivedDataCache: Using Local data cache path C:/Users/adria/AppData/Local/UnrealEngine/Common/DerivedDataCache: Writable
[2023.02.03-19.24.10:096][  0]LogDerivedDataCache: Shared data cache path not found in *engine.ini, will not use an Shared cache.
[2023.02.03-19.24.10:096][  0]LogDerivedDataCache: Unable to find inner node Shared for hierarchical cache Hierarchy.
[2023.02.03-19.24.10:141][  0]LogSlate: Using FreeType 2.10.0
[2023.02.03-19.24.10:142][  0]LogSlate: SlateFontServices - WITH_FREETYPE: 1, WITH_HARFBUZZ: 1
[2023.02.03-19.24.10:164][  0]LogAssetRegistry: FAssetRegistry took 0.0026 seconds to start up
[2023.02.03-19.24.10:429][  0]LogInit: Selected Device Profile: [Windows]
[2023.02.03-19.24.10:429][  0]LogInit: Active device profile: [000002216BF8F700][000002216D5A2F40 49] Windows
[2023.02.03-19.24.10:429][  0]LogInit: Profiles: [000002216BF8F700][000002216D5A2F40 49] Windows, [000002216BF58B00][000002216D5A7200 49] WindowsNoEditor, [000002216BF8CB00][000002216D5AB4C0 49] WindowsServer, [000002216BF5B000][000002216D5AF780 49] WindowsClient, [000002216BF8EF00][000002216D5B3A40 49] IOS, [000002216BF59300][000002216D5B6180 49] iPadAir, [000002216BF8D200][000002216D5BA440 49] iPadAir2, [000002216BF0C100][000002216D5D4980 49] IPadPro, [000002216BF07F00][000002216D5BE9C0 49] iPadAir3, [000002216BF8EB00][000002216D598C40 49] iPadAir4, [000002216BF05000][000002216D5CCEC0 49] iPadMini2, [000002216BF8D500][000002216D5D1180 49] iPadMini3, [000002216BF06B00][000002216D5DF440 49] iPadMini4, [000002216BF8E400][000002216D5E3700 49] iPadMini5, [000002216BF5AB00][000002216D5F60C0 49] iPhone6, [000002216BF5AA00][000002216D5E6100 49] iPodTouch6, [000002216BF05100][000002216D5FE640 49] iPhone7, [000002216BF05200][000002216D5EE680 49] iPodTouch7, [000002216BF58E00][000002216D5F2940 49] iPhone5S, [000002216BF06D00][000002216D5EAC00 49] iPhone6Plus, [000002216BF5A000][000002216D5C8E80 49] iPhone6S, [000002216BF07500][000002216D5FB100 49] iPhone6SPlus, [000002216BF5B300][000002216D6073C0 49] iPhone7Plus, [000002216BF06400][000002216D60B680 49] iPhoneSE, [000002216BF59800][000002216D60F940 49] iPhone8, [000002216BF06A00][000002216D613C00 49] iPhone8Plus, [000002216BF5AE00][000002216D616340 49] iPhoneX, [000002216BF06E00][000002216D61A600 49] iPhoneXS, [000002216BF5B200][000002216D61E8C0 49] iPhoneXSMax, [000002216BF04A00][000002216D622B80 49] iPhoneXR, [000002216BF59400][000002216D626E40 49] iPhone11, [000002216BF07700][000002216D6030C0 49] iPhone11Pro, [000002216BF58800][000002216D62B340 49] iPhone11ProMax, [000002216BF07B00][000002216D633600 49] iPhoneSE2, [000002216BF5B100][000002216D6378C0 49] iPhone12Mini, [000002216BF07D00][000002216D63BB80 49] iPhone12, [000002216BF59A00][000002216D8142C0 49] iPhone12Pro, [000002216BF06C00][000002216D818580 49] iPhone12ProMax, [000002216BF59700][000002216D81C840 49] iPadPro105, [000002216BF06500][000002216D820B00 49] iPadPro129, [000002216BF58500][000002216D824DC0 49] iPadPro97, [000002216BF07400][000002216D829080 49] iPadPro2_129, [000002216BF5A600][000002216D62F300 49] iPad5, [000002216BF05C00][000002216D82D580 49] iPad6, [000002216BF5A900][000002216D835840 49] iPad7, [000002216BF07200][000002216D839B00 49] iPad8, [000002216BF5AD00][000002216D83C240 49] iPadPro11, [000002216BF04300][000002216D840500 49] iPadPro2_11, [000002216BF58A00][000002216D8447C0 49] iPadPro3_129, [000002216BF07000][000002216D848A80 49] iPadPro4_129, [000002216BF5B600][000002216D84CD40 49] AppleTV, [000002216BF05B00][000002216D851000 49] AppleTV4K, [000002216BF59C00][000002216D8552C0 49] TVOS, [000002216BF07900][000002216D831540 49] Mac, [000002216BF58C00][000002216D8597C0 49] MacClient, [000002216BF04E00][000002216D861A80 49] MacNoEditor, [000002216BF5BF00][000002216D8641C0 49] MacServer, [000002216BF06300][000002216D868480 49] Linux, [000002216BF58300][000002216D86C740 49] LinuxAArch64, [000002216BFD0500][000002216D870A00 49] LinuxNoEditor, [000002216BF0CA00][000002216D874CC0 49] LinuxAArch64NoEditor, [000002216BFD2300][000002216D878F80 49] LinuxClient, [000002216BF0F600][000002216D87D240 49] LinuxAArch64Client, [000002216BFD0100][000002216D881500 49] LinuxServer, [000002216BF0D200][000002216D85D780 49] LinuxAArch64Server, [000002216BFD1900][000002216D889A40 49] Android, [000002216BF0F100][000002216D88C180 49] Android_Low, [000002216BFD2400][000002216D890440 49] Android_Mid, [000002216BF0E200][000002216D894700 49] Android_High, [000002216BFD0900][000002216D8989C0 49] Android_Default, [000002216BF0EA00][000002216D89CC80 49] Android_Adreno4xx, [000002216BFD1200][000002216D8A0F40 49] Android_Adreno5xx_Low, [000002216BF0D100][000002216D8A5200 49] Android_Adreno5xx, [000002216BFD1E00][000002216D8A94C0 49] Android_Adreno6xx, [000002216BF0DC00][000002216D885740 49] Android_Adreno6xx_Vulkan, [000002216BFD1800][000002216D8AD9C0 49] Android_Mali_T6xx, [000002216BF0F700][000002216D8B4100 49] Android_Mali_T7xx, [000002216BFD2000][000002216D8B83C0 49] Android_Mali_T8xx, [000002216BF0DE00][000002216D8BC680 49] Android_Mali_G71, [000002216BFD0200][000002216D8C0940 49] Android_Mali_G72, [000002216BF0E400][000002216D8C4C00 49] Android_Mali_G72_Vulkan, [000002216BF59600][000002216D8C8EC0 49] Android_Mali_G76, [000002216BF04900][000002216D8CD180 49] Android_Mali_G76_Vulkan, [000002216BF5B700][000002216D8D1440 49] Android_Mali_G77, [000002216BF06200][000002216D8D5700 49] Android_Mali_G77_Vulkan, [000002216BF58100][000002216D8B1980 49] Android_Mali_G78, [000002216BF05300][000002216D8D9C00 49] Android_Mali_G78_Vulkan, [000002216BF59100][000002216D8E0340 49] Android_Mali_G710, [000002216BF05700][000002216D8E4600 49] Android_Mali_G710_Vulkan, [000002216BF59900][000002216D8E88C0 49] Android_Vulkan_SM5, [000002216BF04B00][000002216D8ECB80 49] Android_PowerVR_G6xxx, [000002216BF59000][000002216D8F0E40 49] Android_PowerVR_GT7xxx, [000002216BF04C00][000002216D8F5100 49] Android_PowerVR_GE8xxx, [000002216BF5A500][000002216D8F93C0 49] Android_PowerVR_GM9xxx, [000002216BFD1100][000002216D8FD680 49] Android_PowerVR_GM9xxx_Vulkan, [000002216BF58700][000002216D901940 49] Android_TegraK1, [000002216BFD1000][000002216D8DDBC0 49] Android_Unknown_Vulkan, [000002216BF59D00][000002216D9042C0 49] Lumin, [000002216BFD1700][000002216D90C580 49] Lumin_Desktop, [000002216BF58400][000002216D910840 49] HoloLens, 
[2023.02.03-19.24.10:576][  0]LogMeshReduction: Using QuadricMeshReduction for automatic static mesh reduction
[2023.02.03-19.24.10:576][  0]LogMeshReduction: Using SimplygonMeshReduction for automatic skeletal mesh reduction
[2023.02.03-19.24.10:576][  0]LogMeshReduction: Using ProxyLODMeshReduction for automatic mesh merging
[2023.02.03-19.24.10:576][  0]LogMeshReduction: No distributed automatic mesh merging module available
[2023.02.03-19.24.10:576][  0]LogMeshMerging: No distributed automatic mesh merging module available
[2023.02.03-19.24.10:590][  0]LogNetVersion: GGJ_TomatitoPoject 1.0.0, NetCL: 17155196, EngineNetVer: 17, GameNetVer: 0 (Checksum: 2499937808)
[2023.02.03-19.24.10:967][  0]LogTexture: Default maximum texture size for cubemaps generated from long-lat sources has been changed from 512 to unlimited. In order to preserve old behaiour for '/Engine/MapTemplates/Sky/DaylightAmbientCubemap.DaylightAmbientCubemap', its maximum texture size has been explicitly set to 512.
[2023.02.03-19.24.11:019][  0]LogHMD: PokeAHoleMaterial loaded successfully
[2023.02.03-19.24.11:024][  0]LogUObjectArray: 17178 objects as part of root set at end of initial load.
[2023.02.03-19.24.11:024][  0]LogUObjectAllocator: 4302048 out of 0 bytes used by permanent object pool.
[2023.02.03-19.24.11:024][  0]LogUObjectArray: CloseDisregardForGC: 0/0 objects in disregard for GC pool
[2023.02.03-19.24.11:277][  0]LogNiagaraDebuggerClient: Niagara Debugger Client Initialized | Session: B19D8EF34760131072F0A799188F48EC | Instance: 9C0CF83A40201C913796FA878037B1F2 (DESKTOP-6U7BAGV-4536).
[2023.02.03-19.24.11:429][  0]LogPython: Using Python 3.7.7
[2023.02.03-19.24.11:940][  0]LogTcpMessaging: Initializing TcpMessaging bridge
[2023.02.03-19.24.11:956][  0]LogUdpMessaging: Initializing bridge on interface 0.0.0.0:0 to multicast group 230.0.0.1:6666.
[2023.02.03-19.24.12:256][  0]LogOpenImageDenoise: OIDN starting up
[2023.02.03-19.24.12:287][  0]LogAndroidPermission: UAndroidPermissionCallbackProxy::GetInstance
[2023.02.03-19.24.12:309][  0]LogAudioCaptureCore: Display: No Audio Capture implementations found. Audio input will be silent.
[2023.02.03-19.24.12:310][  0]LogAudioCaptureCore: Display: No Audio Capture implementations found. Audio input will be silent.
[2023.02.03-19.24.12:429][  0]SourceControl: Source control is disabled
[2023.02.03-19.24.12:429][  0]SourceControl: Source control is disabled
[2023.02.03-19.24.12:432][  0]SourceControl: Source control is disabled
[2023.02.03-19.24.12:434][  0]SourceControl: Source control is disabled
[2023.02.03-19.24.12:437][  0]SourceControl: Source control is disabled
[2023.02.03-19.24.12:446][  0]LogUProjectInfo: Found projects:
[2023.02.03-19.24.12:461][  0]LogCollectionManager: Loaded 0 collections in 0.001669 seconds
[2023.02.03-19.24.12:485][  0]LogFileCache: Scanning file cache for directory 'C:/Users/adria/Desktop/Universidad/GameJam/GGJ_Tomatito/GGJ_TomatitoPoject/Saved/Collections/' took 0.00s
[2023.02.03-19.24.12:485][  0]LogFileCache: Scanning file cache for directory 'C:/Users/adria/Desktop/Universidad/GameJam/GGJ_Tomatito/GGJ_TomatitoPoject/Content/Developers/adria/Collections/' took 0.00s
[2023.02.03-19.24.12:485][  0]LogFileCache: Scanning file cache for directory 'C:/Users/adria/Desktop/Universidad/GameJam/GGJ_Tomatito/GGJ_TomatitoPoject/Content/Collections/' took 0.00s
[2023.02.03-19.24.12:485][  0]LogOcInput: OculusInput pre-init called
[2023.02.03-19.24.12:729][  0]LogEngine: Initializing Engine...
[2023.02.03-19.24.12:731][  0]LogHMD: Failed to enumerate extensions. Please check that you have a valid OpenXR runtime installed.
[2023.02.03-19.24.12:731][  0]LogHMD: Failed to initialize OpenVR with code 110
[2023.02.03-19.24.12:731][  0]LogMagicLeap: Warning: VR disabled because ZI is not enabled.  To enable, in the editor, Edit -> Project Settings -> Plugins -> Magic Leap Plugin -> Enable Zero Iteration
[2023.02.03-19.24.12:732][  0]LogStats: UGameplayTagsManager::InitializeManager -  0.000 s
[2023.02.03-19.24.12:836][  0]LogInit: Initializing FReadOnlyCVARCache
[2023.02.03-19.24.12:846][  0]LogAIModule: Creating AISystem for world Untitled
[2023.02.03-19.24.12:852][  0]LogAudio: Display: Initializing Audio Device Manager...
[2023.02.03-19.24.12:855][  0]LogAudio: Display: Loading Default Audio Settings Objects...
[2023.02.03-19.24.12:855][  0]LogAudio: Display: No default SoundConcurrencyObject specified (or failed to load).
[2023.02.03-19.24.12:856][  0]LogAudio: Display: Audio Device Manager Initialized
[2023.02.03-19.24.12:856][  0]LogAudio: Display: Creating Audio Device:                 Id: 1, Scope: Shared, Realtime: True
[2023.02.03-19.24.12:856][  0]LogAudioMixer: Display: Audio Mixer Platform Settings:
[2023.02.03-19.24.12:856][  0]LogAudioMixer: Display: 	Sample Rate:						  48000
[2023.02.03-19.24.12:856][  0]LogAudioMixer: Display: 	Callback Buffer Frame Size Requested: 1024
[2023.02.03-19.24.12:856][  0]LogAudioMixer: Display: 	Callback Buffer Frame Size To Use:	  1024
[2023.02.03-19.24.12:856][  0]LogAudioMixer: Display: 	Number of buffers to queue:			  2
[2023.02.03-19.24.12:856][  0]LogAudioMixer: Display: 	Max Channels (voices):				  32
[2023.02.03-19.24.12:856][  0]LogAudioMixer: Display: 	Number of Async Source Workers:		  0
[2023.02.03-19.24.12:856][  0]LogAudio: Display: AudioDevice MaxSources: 32
[2023.02.03-19.24.12:856][  0]LogAudio: Display: Audio Spatialization Plugin: None (built-in).
[2023.02.03-19.24.12:856][  0]LogAudio: Display: Audio Reverb Plugin: None (built-in).
[2023.02.03-19.24.12:856][  0]LogAudio: Display: Audio Occlusion Plugin: None (built-in).
[2023.02.03-19.24.12:856][  0]LogAudioMixer: Display: Initializing audio mixer.
[2023.02.03-19.24.12:871][  0]LogAudioMixer: Display: 0: FrontLeft
[2023.02.03-19.24.12:871][  0]LogAudioMixer: Display: 1: FrontRight
[2023.02.03-19.24.12:904][  0]LogAudioMixer: Display: Using Audio Device Altavoces (Realtek(R) Audio)
[2023.02.03-19.24.12:906][  0]LogAudioMixer: Display: Initializing Sound Submixes...
[2023.02.03-19.24.12:908][  0]LogAudioMixer: Display: Creating Master Submix 'MasterSubmixDefault'
[2023.02.03-19.24.12:908][  0]LogAudioMixer: Display: Creating Master Submix 'MasterReverbSubmixDefault'
[2023.02.03-19.24.12:909][  0]LogAudioMixer: Display: Creating Master Submix 'MasterEQSubmixDefault'
[2023.02.03-19.24.12:909][  0]LogAudioMixer: FMixerPlatformXAudio2::StartAudioStream() called
[2023.02.03-19.24.12:909][  0]LogAudioMixer: Display: Output buffers initialized: Frames=1024, Channels=2, Samples=2048
[2023.02.03-19.24.12:910][  0]LogAudioMixer: Display: Starting AudioMixerPlatformInterface::RunInternal()
[2023.02.03-19.24.12:910][  0]LogAudioMixer: Display: FMixerPlatformXAudio2::SubmitBuffer() called for the first time
[2023.02.03-19.24.12:910][  0]LogInit: FAudioDevice initialized.
[2023.02.03-19.24.12:910][  0]LogAudio: Display: Audio Device (ID: 1) registered with world 'Untitled'.
[2023.02.03-19.24.12:910][  0]LogNetVersion: Set ProjectVersion to 1.0.0.0. Version Checksum will be recalculated on next use.
[2023.02.03-19.24.12:955][  0]LogDerivedDataCache: Saved boot cache 0.04s 94MB C:/Users/adria/AppData/Local/UnrealEngine/4.27/DerivedDataCache/Boot.ddc.
[2023.02.03-19.24.12:958][  0]LogInit: Texture streaming: Enabled
[2023.02.03-19.24.12:968][  0]LogAnalytics: Display: [UEEditor.Rocket.Release] APIServer = https://datarouter.ol.epicgames.com/. AppVersion = 4.27.2-18319896+++UE4+Release-4.27
[2023.02.03-19.24.12:971][  0]LogEngineSessionManager: EngineSessionManager initialized
[2023.02.03-19.24.12:971][  0]LogEditorSessionSummary: Verbose: Initializing EditorSessionSummaryWriter for editor session tracking
[2023.02.03-19.24.12:972][  0]LogEditorSessionSummary: EditorSessionSummaryWriter initialized
[2023.02.03-19.24.12:985][  0]LogInit: Transaction tracking system initialized
[2023.02.03-19.24.13:002][  0]BlueprintLog: New page: Editor Load
[2023.02.03-19.24.13:066][  0]LocalizationService: Localization service is disabled
[2023.02.03-19.24.13:086][  0]TimingProfiler: Initialize
[2023.02.03-19.24.13:086][  0]TimingProfiler: OnSessionChanged
[2023.02.03-19.24.13:086][  0]LoadingProfiler: Initialize
[2023.02.03-19.24.13:086][  0]LoadingProfiler: OnSessionChanged
[2023.02.03-19.24.13:086][  0]NetworkingProfiler: Initialize
[2023.02.03-19.24.13:086][  0]NetworkingProfiler: OnSessionChanged
[2023.02.03-19.24.13:086][  0]MemoryProfiler: Initialize
[2023.02.03-19.24.13:086][  0]MemoryProfiler: OnSessionChanged
[2023.02.03-19.24.13:245][  0]LogCook: Display: CookSettings for Memory: MemoryMaxUsedVirtual 0MiB, MemoryMaxUsedPhysical 16384MiB, MemoryMinFreeVirtual 0MiB, MemoryMinFreePhysical 1024MiB
[2023.02.03-19.24.13:245][  0]LogFileCache: Scanning file cache for directory 'C:/Users/adria/Desktop/Universidad/GameJam/GGJ_Tomatito/GGJ_TomatitoPoject/Content/' took 0.00s
[2023.02.03-19.24.13:245][  0]LogCook: Display: Mobile HDR setting 1
[2023.02.03-19.24.13:644][  0]LogInit: Display: Engine is initialized. Leaving FEngineLoop::Init()
[2023.02.03-19.24.13:647][  0]SourceControl: Source control is disabled
[2023.02.03-19.24.13:647][  0]LogUnrealEdMisc: Loading editor; pre map load, took 6.810
[2023.02.03-19.24.13:647][  0]Cmd: MAP LOAD FILE="../../../Engine/Content/Maps/Templates/Template_Default.umap" TEMPLATE=1 SHOWPROGRESS=1 FEATURELEVEL=3
[2023.02.03-19.24.13:648][  0]LightingResults: New page: Lighting Build
[2023.02.03-19.24.13:649][  0]LogWorld: UWorld::CleanupWorld for Untitled, bSessionEnded=true, bCleanupResources=true
[2023.02.03-19.24.13:649][  0]LogSlate: InvalidateAllWidgets triggered.  All widgets were invalidated
[2023.02.03-19.24.13:649][  0]MapCheck: New page: Map Check
[2023.02.03-19.24.13:649][  0]LightingResults: New page: Lighting Build
[2023.02.03-19.24.13:653][  0]LogAudio: Display: Audio Device unregistered from world 'None'.
[2023.02.03-19.24.13:656][  0]LogUObjectHash: Compacting FUObjectHashTables data took   0.75ms
[2023.02.03-19.24.13:708][  0]LogTexture: Display: Building textures: DeprecatedTextureEB9CBE3C423008B5E8E130901E171C89 (BGRA8, 128X128)
[2023.02.03-19.24.13:714][  0]LogAudio: Display: Audio Device (ID: 1) registered with world 'Untitled_1'.
[2023.02.03-19.24.13:715][  0]LogAIModule: Creating AISystem for world Untitled_1
[2023.02.03-19.24.13:717][  0]LogEditorServer: Finished looking for orphan Actors (0.000 secs)
[2023.02.03-19.24.13:724][  0]LogUObjectHash: Compacting FUObjectHashTables data took   0.79ms
[2023.02.03-19.24.13:724][  0]Cmd: MAP CHECKDEP NOCLEARLOG
[2023.02.03-19.24.13:724][  0]MapCheck: Map check complete: 0 Error(s), 0 Warning(s), took 0,169ms to complete.
[2023.02.03-19.24.13:724][  0]LogFileHelpers: Loading map 'Template_Default' took 0.077
[2023.02.03-19.24.13:726][  0]LogUnrealEdMisc: Total Editor Startup Time, took 6.888
[2023.02.03-19.24.13:836][  0]LogSlate: Updating window title bar state: overlay mode, drag disabled, window buttons hidden, title bar hidden
[2023.02.03-19.24.13:842][  0]LogSlate: Updating window title bar state: overlay mode, drag disabled, window buttons hidden, title bar hidden
[2023.02.03-19.24.13:849][  0]LogSlate: Updating window title bar state: overlay mode, drag disabled, window buttons hidden, title bar hidden
[2023.02.03-19.24.13:854][  0]LogSlate: Updating window title bar state: overlay mode, drag disabled, window buttons hidden, title bar hidden
[2023.02.03-19.24.13:866][  0]LogNativeClassHierarchy: Verbose: Native class hierarchy populated in 0.0085 seconds. Added 3822 classes and 928 folders.
[2023.02.03-19.24.13:884][  0]LogNativeClassHierarchy: Verbose: Native class hierarchy updated for 'WidgetCarousel' in 0.0002 seconds. Added 0 classes and 0 folders.
[2023.02.03-19.24.13:886][  0]LogPakFile: PakFile PrimaryIndexSize=187
[2023.02.03-19.24.13:886][  0]LogPakFile: PakFile PathHashIndexSize=101
[2023.02.03-19.24.13:886][  0]LogPakFile: PakFile FullDirectoryIndexSize=148
[2023.02.03-19.24.13:886][  0]LogShaderLibrary: Display: ShaderCodeLibraryPakFileMountedCallback: PakFile 'C:/Program Files/Epic Games/UE_4.27/FeaturePacks/FP_FirstPerson.upack' (chunk index -1, root 'root:/') mounted
[2023.02.03-19.24.13:886][  0]LogShaderLibrary: Display: ShaderCodeLibraryPakFileMountedCallback: pending pak file info (ChunkID:-1 Root:root:/ File:C:/Program Files/Epic Games/UE_4.27/FeaturePacks/FP_FirstPerson.upack)
[2023.02.03-19.24.13:886][  0]LogPakFile: OnPakFileMounted2Time == 0.000056
[2023.02.03-19.24.13:886][  0]LogPakFile: PakFile PrimaryIndexSize=189
[2023.02.03-19.24.13:886][  0]LogPakFile: PakFile PathHashIndexSize=101
[2023.02.03-19.24.13:886][  0]LogPakFile: PakFile FullDirectoryIndexSize=152
[2023.02.03-19.24.13:886][  0]LogShaderLibrary: Display: ShaderCodeLibraryPakFileMountedCallback: PakFile 'C:/Program Files/Epic Games/UE_4.27/FeaturePacks/FP_FirstPersonBP.upack' (chunk index -1, root 'root:/') mounted
[2023.02.03-19.24.13:886][  0]LogShaderLibrary: Display: ShaderCodeLibraryPakFileMountedCallback: pending pak file info (ChunkID:-1 Root:root:/ File:C:/Program Files/Epic Games/UE_4.27/FeaturePacks/FP_FirstPersonBP.upack)
[2023.02.03-19.24.13:886][  0]LogPakFile: OnPakFileMounted2Time == 0.000038
[2023.02.03-19.24.13:887][  0]LogPakFile: PakFile PrimaryIndexSize=191
[2023.02.03-19.24.13:887][  0]LogPakFile: PakFile PathHashIndexSize=101
[2023.02.03-19.24.13:887][  0]LogPakFile: PakFile FullDirectoryIndexSize=160
[2023.02.03-19.24.13:887][  0]LogShaderLibrary: Display: ShaderCodeLibraryPakFileMountedCallback: PakFile 'C:/Program Files/Epic Games/UE_4.27/FeaturePacks/MobileStarterContent.upack' (chunk index -1, root 'root:/') mounted
[2023.02.03-19.24.13:887][  0]LogShaderLibrary: Display: ShaderCodeLibraryPakFileMountedCallback: pending pak file info (ChunkID:-1 Root:root:/ File:C:/Program Files/Epic Games/UE_4.27/FeaturePacks/MobileStarterContent.upack)
[2023.02.03-19.24.13:887][  0]LogPakFile: OnPakFileMounted2Time == 0.000036
[2023.02.03-19.24.13:887][  0]LogPakFile: PakFile PrimaryIndexSize=185
[2023.02.03-19.24.13:887][  0]LogPakFile: PakFile PathHashIndexSize=101
[2023.02.03-19.24.13:887][  0]LogPakFile: PakFile FullDirectoryIndexSize=148
[2023.02.03-19.24.13:887][  0]LogShaderLibrary: Display: ShaderCodeLibraryPakFileMountedCallback: PakFile 'C:/Program Files/Epic Games/UE_4.27/FeaturePacks/StarterContent.upack' (chunk index -1, root 'root:/') mounted
[2023.02.03-19.24.13:887][  0]LogShaderLibrary: Display: ShaderCodeLibraryPakFileMountedCallback: pending pak file info (ChunkID:-1 Root:root:/ File:C:/Program Files/Epic Games/UE_4.27/FeaturePacks/StarterContent.upack)
[2023.02.03-19.24.13:887][  0]LogPakFile: OnPakFileMounted2Time == 0.000033
[2023.02.03-19.24.13:888][  0]LogPakFile: PakFile PrimaryIndexSize=190
[2023.02.03-19.24.13:888][  0]LogPakFile: PakFile PathHashIndexSize=101
[2023.02.03-19.24.13:888][  0]LogPakFile: PakFile FullDirectoryIndexSize=154
[2023.02.03-19.24.13:888][  0]LogShaderLibrary: Display: ShaderCodeLibraryPakFileMountedCallback: PakFile 'C:/Program Files/Epic Games/UE_4.27/FeaturePacks/TP_2DSideScroller.upack' (chunk index -1, root 'root:/') mounted
[2023.02.03-19.24.13:888][  0]LogShaderLibrary: Display: ShaderCodeLibraryPakFileMountedCallback: pending pak file info (ChunkID:-1 Root:root:/ File:C:/Program Files/Epic Games/UE_4.27/FeaturePacks/TP_2DSideScroller.upack)
[2023.02.03-19.24.13:888][  0]LogPakFile: OnPakFileMounted2Time == 0.000038
[2023.02.03-19.24.13:889][  0]LogPakFile: PakFile PrimaryIndexSize=192
[2023.02.03-19.24.13:889][  0]LogPakFile: PakFile PathHashIndexSize=101
[2023.02.03-19.24.13:889][  0]LogPakFile: PakFile FullDirectoryIndexSize=158
[2023.02.03-19.24.13:889][  0]LogShaderLibrary: Display: ShaderCodeLibraryPakFileMountedCallback: PakFile 'C:/Program Files/Epic Games/UE_4.27/FeaturePacks/TP_2DSideScrollerBP.upack' (chunk index -1, root 'root:/') mounted
[2023.02.03-19.24.13:889][  0]LogShaderLibrary: Display: ShaderCodeLibraryPakFileMountedCallback: pending pak file info (ChunkID:-1 Root:root:/ File:C:/Program Files/Epic Games/UE_4.27/FeaturePacks/TP_2DSideScrollerBP.upack)
[2023.02.03-19.24.13:889][  0]LogPakFile: OnPakFileMounted2Time == 0.000033
[2023.02.03-19.24.13:889][  0]LogPakFile: PakFile PrimaryIndexSize=182
[2023.02.03-19.24.13:889][  0]LogPakFile: PakFile PathHashIndexSize=101
[2023.02.03-19.24.13:889][  0]LogPakFile: PakFile FullDirectoryIndexSize=138
[2023.02.03-19.24.13:889][  0]LogShaderLibrary: Display: ShaderCodeLibraryPakFileMountedCallback: PakFile 'C:/Program Files/Epic Games/UE_4.27/FeaturePacks/TP_Flying.upack' (chunk index -1, root 'root:/') mounted
[2023.02.03-19.24.13:889][  0]LogShaderLibrary: Display: ShaderCodeLibraryPakFileMountedCallback: pending pak file info (ChunkID:-1 Root:root:/ File:C:/Program Files/Epic Games/UE_4.27/FeaturePacks/TP_Flying.upack)
[2023.02.03-19.24.13:889][  0]LogPakFile: OnPakFileMounted2Time == 0.000033
[2023.02.03-19.24.13:890][  0]LogPakFile: PakFile PrimaryIndexSize=184
[2023.02.03-19.24.13:890][  0]LogPakFile: PakFile PathHashIndexSize=101
[2023.02.03-19.24.13:890][  0]LogPakFile: PakFile FullDirectoryIndexSize=142
[2023.02.03-19.24.13:890][  0]LogShaderLibrary: Display: ShaderCodeLibraryPakFileMountedCallback: PakFile 'C:/Program Files/Epic Games/UE_4.27/FeaturePacks/TP_FlyingBP.upack' (chunk index -1, root 'root:/') mounted
[2023.02.03-19.24.13:890][  0]LogShaderLibrary: Display: ShaderCodeLibraryPakFileMountedCallback: pending pak file info (ChunkID:-1 Root:root:/ File:C:/Program Files/Epic Games/UE_4.27/FeaturePacks/TP_FlyingBP.upack)
[2023.02.03-19.24.13:890][  0]LogPakFile: OnPakFileMounted2Time == 0.000032
[2023.02.03-19.24.13:890][  0]LogPakFile: PakFile PrimaryIndexSize=188
[2023.02.03-19.24.13:890][  0]LogPakFile: PakFile PathHashIndexSize=101
[2023.02.03-19.24.13:890][  0]LogPakFile: PakFile FullDirectoryIndexSize=150
[2023.02.03-19.24.13:890][  0]LogShaderLibrary: Display: ShaderCodeLibraryPakFileMountedCallback: PakFile 'C:/Program Files/Epic Games/UE_4.27/FeaturePacks/TP_HandheldARBP.upack' (chunk index -1, root 'root:/') mounted
[2023.02.03-19.24.13:890][  0]LogShaderLibrary: Display: ShaderCodeLibraryPakFileMountedCallback: pending pak file info (ChunkID:-1 Root:root:/ File:C:/Program Files/Epic Games/UE_4.27/FeaturePacks/TP_HandheldARBP.upack)
[2023.02.03-19.24.13:890][  0]LogPakFile: OnPakFileMounted2Time == 0.000032
[2023.02.03-19.24.13:891][  0]LogPakFile: PakFile PrimaryIndexSize=182
[2023.02.03-19.24.13:891][  0]LogPakFile: PakFile PathHashIndexSize=101
[2023.02.03-19.24.13:891][  0]LogPakFile: PakFile FullDirectoryIndexSize=138
[2023.02.03-19.24.13:891][  0]LogShaderLibrary: Display: ShaderCodeLibraryPakFileMountedCallback: PakFile 'C:/Program Files/Epic Games/UE_4.27/FeaturePacks/TP_Puzzle.upack' (chunk index -1, root 'root:/') mounted
[2023.02.03-19.24.13:891][  0]LogShaderLibrary: Display: ShaderCodeLibraryPakFileMountedCallback: pending pak file info (ChunkID:-1 Root:root:/ File:C:/Program Files/Epic Games/UE_4.27/FeaturePacks/TP_Puzzle.upack)
[2023.02.03-19.24.13:891][  0]LogPakFile: OnPakFileMounted2Time == 0.000033
[2023.02.03-19.24.13:891][  0]LogPakFile: PakFile PrimaryIndexSize=184
[2023.02.03-19.24.13:891][  0]LogPakFile: PakFile PathHashIndexSize=101
[2023.02.03-19.24.13:891][  0]LogPakFile: PakFile FullDirectoryIndexSize=142
[2023.02.03-19.24.13:891][  0]LogShaderLibrary: Display: ShaderCodeLibraryPakFileMountedCallback: PakFile 'C:/Program Files/Epic Games/UE_4.27/FeaturePacks/TP_PuzzleBP.upack' (chunk index -1, root 'root:/') mounted
[2023.02.03-19.24.13:892][  0]LogShaderLibrary: Display: ShaderCodeLibraryPakFileMountedCallback: pending pak file info (ChunkID:-1 Root:root:/ File:C:/Program Files/Epic Games/UE_4.27/FeaturePacks/TP_PuzzleBP.upack)
[2023.02.03-19.24.13:892][  0]LogPakFile: OnPakFileMounted2Time == 0.000034
[2023.02.03-19.24.13:892][  0]LogPakFile: PakFile PrimaryIndexSize=183
[2023.02.03-19.24.13:892][  0]LogPakFile: PakFile PathHashIndexSize=101
[2023.02.03-19.24.13:892][  0]LogPakFile: PakFile FullDirectoryIndexSize=140
[2023.02.03-19.24.13:892][  0]LogShaderLibrary: Display: ShaderCodeLibraryPakFileMountedCallback: PakFile 'C:/Program Files/Epic Games/UE_4.27/FeaturePacks/TP_Rolling.upack' (chunk index -1, root 'root:/') mounted
[2023.02.03-19.24.13:892][  0]LogShaderLibrary: Display: ShaderCodeLibraryPakFileMountedCallback: pending pak file info (ChunkID:-1 Root:root:/ File:C:/Program Files/Epic Games/UE_4.27/FeaturePacks/TP_Rolling.upack)
[2023.02.03-19.24.13:892][  0]LogPakFile: OnPakFileMounted2Time == 0.000037
[2023.02.03-19.24.13:893][  0]LogPakFile: PakFile PrimaryIndexSize=185
[2023.02.03-19.24.13:893][  0]LogPakFile: PakFile PathHashIndexSize=101
[2023.02.03-19.24.13:893][  0]LogPakFile: PakFile FullDirectoryIndexSize=144
[2023.02.03-19.24.13:893][  0]LogShaderLibrary: Display: ShaderCodeLibraryPakFileMountedCallback: PakFile 'C:/Program Files/Epic Games/UE_4.27/FeaturePacks/TP_RollingBP.upack' (chunk index -1, root 'root:/') mounted
[2023.02.03-19.24.13:893][  0]LogShaderLibrary: Display: ShaderCodeLibraryPakFileMountedCallback: pending pak file info (ChunkID:-1 Root:root:/ File:C:/Program Files/Epic Games/UE_4.27/FeaturePacks/TP_RollingBP.upack)
[2023.02.03-19.24.13:893][  0]LogPakFile: OnPakFileMounted2Time == 0.000035
[2023.02.03-19.24.13:893][  0]LogPakFile: PakFile PrimaryIndexSize=188
[2023.02.03-19.24.13:893][  0]LogPakFile: PakFile PathHashIndexSize=101
[2023.02.03-19.24.13:893][  0]LogPakFile: PakFile FullDirectoryIndexSize=150
[2023.02.03-19.24.13:893][  0]LogShaderLibrary: Display: ShaderCodeLibraryPakFileMountedCallback: PakFile 'C:/Program Files/Epic Games/UE_4.27/FeaturePacks/TP_SideScroller.upack' (chunk index -1, root 'root:/') mounted
[2023.02.03-19.24.13:893][  0]LogShaderLibrary: Display: ShaderCodeLibraryPakFileMountedCallback: pending pak file info (ChunkID:-1 Root:root:/ File:C:/Program Files/Epic Games/UE_4.27/FeaturePacks/TP_SideScroller.upack)
[2023.02.03-19.24.13:893][  0]LogPakFile: OnPakFileMounted2Time == 0.000033
[2023.02.03-19.24.13:894][  0]LogPakFile: PakFile PrimaryIndexSize=190
[2023.02.03-19.24.13:894][  0]LogPakFile: PakFile PathHashIndexSize=101
[2023.02.03-19.24.13:894][  0]LogPakFile: PakFile FullDirectoryIndexSize=154
[2023.02.03-19.24.13:894][  0]LogShaderLibrary: Display: ShaderCodeLibraryPakFileMountedCallback: PakFile 'C:/Program Files/Epic Games/UE_4.27/FeaturePacks/TP_SideScrollerBP.upack' (chunk index -1, root 'root:/') mounted
[2023.02.03-19.24.13:894][  0]LogShaderLibrary: Display: ShaderCodeLibraryPakFileMountedCallback: pending pak file info (ChunkID:-1 Root:root:/ File:C:/Program Files/Epic Games/UE_4.27/FeaturePacks/TP_SideScrollerBP.upack)
[2023.02.03-19.24.13:894][  0]LogPakFile: OnPakFileMounted2Time == 0.000033
[2023.02.03-19.24.13:894][  0]LogPakFile: PakFile PrimaryIndexSize=187
[2023.02.03-19.24.13:894][  0]LogPakFile: PakFile PathHashIndexSize=101
[2023.02.03-19.24.13:894][  0]LogPakFile: PakFile FullDirectoryIndexSize=148
[2023.02.03-19.24.13:894][  0]LogShaderLibrary: Display: ShaderCodeLibraryPakFileMountedCallback: PakFile 'C:/Program Files/Epic Games/UE_4.27/FeaturePacks/TP_ThirdPerson.upack' (chunk index -1, root 'root:/') mounted
[2023.02.03-19.24.13:894][  0]LogShaderLibrary: Display: ShaderCodeLibraryPakFileMountedCallback: pending pak file info (ChunkID:-1 Root:root:/ File:C:/Program Files/Epic Games/UE_4.27/FeaturePacks/TP_ThirdPerson.upack)
[2023.02.03-19.24.13:894][  0]LogPakFile: OnPakFileMounted2Time == 0.000032
[2023.02.03-19.24.13:895][  0]LogPakFile: PakFile PrimaryIndexSize=189
[2023.02.03-19.24.13:895][  0]LogPakFile: PakFile PathHashIndexSize=101
[2023.02.03-19.24.13:895][  0]LogPakFile: PakFile FullDirectoryIndexSize=152
[2023.02.03-19.24.13:895][  0]LogShaderLibrary: Display: ShaderCodeLibraryPakFileMountedCallback: PakFile 'C:/Program Files/Epic Games/UE_4.27/FeaturePacks/TP_ThirdPersonBP.upack' (chunk index -1, root 'root:/') mounted
[2023.02.03-19.24.13:895][  0]LogShaderLibrary: Display: ShaderCodeLibraryPakFileMountedCallback: pending pak file info (ChunkID:-1 Root:root:/ File:C:/Program Files/Epic Games/UE_4.27/FeaturePacks/TP_ThirdPersonBP.upack)
[2023.02.03-19.24.13:895][  0]LogPakFile: OnPakFileMounted2Time == 0.000032
[2023.02.03-19.24.13:895][  0]LogPakFile: PakFile PrimaryIndexSize=183
[2023.02.03-19.24.13:895][  0]LogPakFile: PakFile PathHashIndexSize=101
[2023.02.03-19.24.13:895][  0]LogPakFile: PakFile FullDirectoryIndexSize=140
[2023.02.03-19.24.13:895][  0]LogShaderLibrary: Display: ShaderCodeLibraryPakFileMountedCallback: PakFile 'C:/Program Files/Epic Games/UE_4.27/FeaturePacks/TP_TopDown.upack' (chunk index -1, root 'root:/') mounted
[2023.02.03-19.24.13:895][  0]LogShaderLibrary: Display: ShaderCodeLibraryPakFileMountedCallback: pending pak file info (ChunkID:-1 Root:root:/ File:C:/Program Files/Epic Games/UE_4.27/FeaturePacks/TP_TopDown.upack)
[2023.02.03-19.24.13:895][  0]LogPakFile: OnPakFileMounted2Time == 0.000038
[2023.02.03-19.24.13:896][  0]LogPakFile: PakFile PrimaryIndexSize=185
[2023.02.03-19.24.13:896][  0]LogPakFile: PakFile PathHashIndexSize=101
[2023.02.03-19.24.13:896][  0]LogPakFile: PakFile FullDirectoryIndexSize=144
[2023.02.03-19.24.13:896][  0]LogShaderLibrary: Display: ShaderCodeLibraryPakFileMountedCallback: PakFile 'C:/Program Files/Epic Games/UE_4.27/FeaturePacks/TP_TopDownBP.upack' (chunk index -1, root 'root:/') mounted
[2023.02.03-19.24.13:896][  0]LogShaderLibrary: Display: ShaderCodeLibraryPakFileMountedCallback: pending pak file info (ChunkID:-1 Root:root:/ File:C:/Program Files/Epic Games/UE_4.27/FeaturePacks/TP_TopDownBP.upack)
[2023.02.03-19.24.13:896][  0]LogPakFile: OnPakFileMounted2Time == 0.000035
[2023.02.03-19.24.13:896][  0]LogPakFile: PakFile PrimaryIndexSize=185
[2023.02.03-19.24.13:897][  0]LogPakFile: PakFile PathHashIndexSize=101
[2023.02.03-19.24.13:897][  0]LogPakFile: PakFile FullDirectoryIndexSize=144
[2023.02.03-19.24.13:897][  0]LogShaderLibrary: Display: ShaderCodeLibraryPakFileMountedCallback: PakFile 'C:/Program Files/Epic Games/UE_4.27/FeaturePacks/TP_TwinStick.upack' (chunk index -1, root 'root:/') mounted
[2023.02.03-19.24.13:897][  0]LogShaderLibrary: Display: ShaderCodeLibraryPakFileMountedCallback: pending pak file info (ChunkID:-1 Root:root:/ File:C:/Program Files/Epic Games/UE_4.27/FeaturePacks/TP_TwinStick.upack)
[2023.02.03-19.24.13:897][  0]LogPakFile: OnPakFileMounted2Time == 0.000032
[2023.02.03-19.24.13:897][  0]LogPakFile: PakFile PrimaryIndexSize=187
[2023.02.03-19.24.13:897][  0]LogPakFile: PakFile PathHashIndexSize=101
[2023.02.03-19.24.13:897][  0]LogPakFile: PakFile FullDirectoryIndexSize=148
[2023.02.03-19.24.13:897][  0]LogShaderLibrary: Display: ShaderCodeLibraryPakFileMountedCallback: PakFile 'C:/Program Files/Epic Games/UE_4.27/FeaturePacks/TP_TwinStickBP.upack' (chunk index -1, root 'root:/') mounted
[2023.02.03-19.24.13:897][  0]LogShaderLibrary: Display: ShaderCodeLibraryPakFileMountedCallback: pending pak file info (ChunkID:-1 Root:root:/ File:C:/Program Files/Epic Games/UE_4.27/FeaturePacks/TP_TwinStickBP.upack)
[2023.02.03-19.24.13:897][  0]LogPakFile: OnPakFileMounted2Time == 0.000035
[2023.02.03-19.24.13:898][  0]LogPakFile: PakFile PrimaryIndexSize=183
[2023.02.03-19.24.13:898][  0]LogPakFile: PakFile PathHashIndexSize=101
[2023.02.03-19.24.13:898][  0]LogPakFile: PakFile FullDirectoryIndexSize=140
[2023.02.03-19.24.13:898][  0]LogShaderLibrary: Display: ShaderCodeLibraryPakFileMountedCallback: PakFile 'C:/Program Files/Epic Games/UE_4.27/FeaturePacks/TP_Vehicle.upack' (chunk index -1, root 'root:/') mounted
[2023.02.03-19.24.13:898][  0]LogShaderLibrary: Display: ShaderCodeLibraryPakFileMountedCallback: pending pak file info (ChunkID:-1 Root:root:/ File:C:/Program Files/Epic Games/UE_4.27/FeaturePacks/TP_Vehicle.upack)
[2023.02.03-19.24.13:898][  0]LogPakFile: OnPakFileMounted2Time == 0.000032
[2023.02.03-19.24.13:898][  0]LogPakFile: PakFile PrimaryIndexSize=186
[2023.02.03-19.24.13:898][  0]LogPakFile: PakFile PathHashIndexSize=101
[2023.02.03-19.24.13:898][  0]LogPakFile: PakFile FullDirectoryIndexSize=146
[2023.02.03-19.24.13:898][  0]LogShaderLibrary: Display: ShaderCodeLibraryPakFileMountedCallback: PakFile 'C:/Program Files/Epic Games/UE_4.27/FeaturePacks/TP_VehicleAdv.upack' (chunk index -1, root 'root:/') mounted
[2023.02.03-19.24.13:898][  0]LogShaderLibrary: Display: ShaderCodeLibraryPakFileMountedCallback: pending pak file info (ChunkID:-1 Root:root:/ File:C:/Program Files/Epic Games/UE_4.27/FeaturePacks/TP_VehicleAdv.upack)
[2023.02.03-19.24.13:898][  0]LogPakFile: OnPakFileMounted2Time == 0.000032
[2023.02.03-19.24.13:899][  0]LogPakFile: PakFile PrimaryIndexSize=188
[2023.02.03-19.24.13:899][  0]LogPakFile: PakFile PathHashIndexSize=101
[2023.02.03-19.24.13:899][  0]LogPakFile: PakFile FullDirectoryIndexSize=150
[2023.02.03-19.24.13:899][  0]LogShaderLibrary: Display: ShaderCodeLibraryPakFileMountedCallback: PakFile 'C:/Program Files/Epic Games/UE_4.27/FeaturePacks/TP_VehicleAdvBP.upack' (chunk index -1, root 'root:/') mounted
[2023.02.03-19.24.13:899][  0]LogShaderLibrary: Display: ShaderCodeLibraryPakFileMountedCallback: pending pak file info (ChunkID:-1 Root:root:/ File:C:/Program Files/Epic Games/UE_4.27/FeaturePacks/TP_VehicleAdvBP.upack)
[2023.02.03-19.24.13:899][  0]LogPakFile: OnPakFileMounted2Time == 0.000032
[2023.02.03-19.24.13:899][  0]LogPakFile: PakFile PrimaryIndexSize=185
[2023.02.03-19.24.13:899][  0]LogPakFile: PakFile PathHashIndexSize=101
[2023.02.03-19.24.13:899][  0]LogPakFile: PakFile FullDirectoryIndexSize=144
[2023.02.03-19.24.13:899][  0]LogShaderLibrary: Display: ShaderCodeLibraryPakFileMountedCallback: PakFile 'C:/Program Files/Epic Games/UE_4.27/FeaturePacks/TP_VehicleBP.upack' (chunk index -1, root 'root:/') mounted
[2023.02.03-19.24.13:899][  0]LogShaderLibrary: Display: ShaderCodeLibraryPakFileMountedCallback: pending pak file info (ChunkID:-1 Root:root:/ File:C:/Program Files/Epic Games/UE_4.27/FeaturePacks/TP_VehicleBP.upack)
[2023.02.03-19.24.13:899][  0]LogPakFile: OnPakFileMounted2Time == 0.000040
[2023.02.03-19.24.13:900][  0]LogPakFile: PakFile PrimaryIndexSize=192
[2023.02.03-19.24.13:900][  0]LogPakFile: PakFile PathHashIndexSize=101
[2023.02.03-19.24.13:900][  0]LogPakFile: PakFile FullDirectoryIndexSize=158
[2023.02.03-19.24.13:900][  0]LogShaderLibrary: Display: ShaderCodeLibraryPakFileMountedCallback: PakFile 'C:/Program Files/Epic Games/UE_4.27/FeaturePacks/TP_VirtualRealityBP.upack' (chunk index -1, root 'root:/') mounted
[2023.02.03-19.24.13:900][  0]LogShaderLibrary: Display: ShaderCodeLibraryPakFileMountedCallback: pending pak file info (ChunkID:-1 Root:root:/ File:C:/Program Files/Epic Games/UE_4.27/FeaturePacks/TP_VirtualRealityBP.upack)
[2023.02.03-19.24.13:900][  0]LogPakFile: OnPakFileMounted2Time == 0.000034
[2023.02.03-19.24.13:941][  0]LogNativeClassHierarchy: Verbose: Native class hierarchy updated for 'AddContentDialog' in 0.0002 seconds. Added 0 classes and 0 folders.
[2023.02.03-19.24.14:045][  0]LogSlate: Took 0.000187 seconds to synchronously load lazily loaded font '../../../Engine/Content/Slate/Fonts/Roboto-Regular.ttf' (155K)
[2023.02.03-19.24.14:047][  0]LogSlate: Took 0.000286 seconds to synchronously load lazily loaded font '../../../Engine/Content/Editor/Slate/Fonts/FontAwesome.ttf' (139K)
[2023.02.03-19.24.14:050][  0]LogSlate: Took 0.000192 seconds to synchronously load lazily loaded font '../../../Engine/Content/Slate/Fonts/Roboto-Bold.ttf' (160K)
[2023.02.03-19.24.14:124][  0]LogRenderer: Reallocating scene render targets to support 908x432 Format 10 NumSamples 1 (Frame:1).
[2023.02.03-19.24.14:218][  0]LogNativeClassHierarchy: Verbose: Native class hierarchy updated for 'HierarchicalLODOutliner' in 0.0002 seconds. Added 0 classes and 0 folders.
[2023.02.03-19.24.14:218][  0]LogLoad: (Engine Initialization) Total time: 7.38 seconds
[2023.02.03-19.24.14:218][  0]LogLoad: (Engine Initialization) Total Blueprint compile time: 0.00 seconds
[2023.02.03-19.24.14:263][  0]LogAssetRegistry: Asset discovery search completed in 4.0994 seconds
[2023.02.03-19.24.14:269][  0]LogCollectionManager: Fixed up redirectors for 0 collections in 0.000003 seconds (updated 0 objects)
[2023.02.03-19.24.14:271][  0]LogContentStreaming: Texture pool size now 1000 MB
[2023.02.03-19.28.11:298][350]LogSlate: Window 'Save Level As' being destroyed
[2023.02.03-19.28.11:315][350]LogSlate: Took 0.000144 seconds to synchronously load lazily loaded font '../../../Engine/Content/Slate/Fonts/Roboto-Light.ttf' (167K)
[2023.02.03-19.28.11:343][350]LogUObjectHash: Compacting FUObjectHashTables data took   0.67ms
[2023.02.03-19.28.11:356][350]LogSavePackage: Moving '../../../../../../Users/adria/Desktop/Universidad/GameJam/GGJ_Tomatito/GGJ_TomatitoPoject/Saved/MapBasicEED901864DE2C162268E6D8D0BDB0CEB.tmp' to '../../../../../../Users/adria/Desktop/Universidad/GameJam/GGJ_Tomatito/GGJ_TomatitoPoject/Content/MapBasic.umap'
[2023.02.03-19.28.11:361][350]Cmd: OBJ SAVEPACKAGE PACKAGE="/Game/MapBasic_BuiltData" FILE="../../../../../../Users/adria/Desktop/Universidad/GameJam/GGJ_Tomatito/GGJ_TomatitoPoject/Content/MapBasic_BuiltData.uasset" SILENT=true
[2023.02.03-19.28.11:379][350]LogSavePackage: Moving '../../../../../../Users/adria/Desktop/Universidad/GameJam/GGJ_Tomatito/GGJ_TomatitoPoject/Saved/MapBasic_BuiltData3D8080314EA5F6A32B60F08138196E1C.tmp' to '../../../../../../Users/adria/Desktop/Universidad/GameJam/GGJ_Tomatito/GGJ_TomatitoPoject/Content/MapBasic_BuiltData.uasset'
[2023.02.03-19.28.11:394][350]LogFileHelpers: Saving map 'MapBasic' took 0.087
[2023.02.03-19.28.11:400][350]AssetCheck: New page: Asset Save: multiple assets
[2023.02.03-19.28.11:400][350]LogContentValidation: Display: Validating MapBuildDataRegistry /Game/MapBasic_BuiltData.MapBasic_BuiltData
[2023.02.03-19.28.11:400][350]LogContentValidation: Display: Validating World /Game/MapBasic.MapBasic
[2023.02.03-19.28.11:434][352]LogSlate: Took 0.000113 seconds to synchronously load lazily loaded font '../../../Engine/Content/Slate/Fonts/Roboto-Light.ttf' (167K)
[2023.02.03-19.28.13:388][577]LogUObjectHash: Compacting FUObjectHashTables data took   0.23ms
[2023.02.03-19.28.13:395][577]LogSavePackage: Moving '../../../../../../Users/adria/Desktop/Universidad/GameJam/GGJ_Tomatito/GGJ_TomatitoPoject/Saved/MapBasic73D64C7343E7ED05E2C9FDB0799AE379.tmp' to '../../../../../../Users/adria/Desktop/Universidad/GameJam/GGJ_Tomatito/GGJ_TomatitoPoject/Content/MapBasic.umap'
[2023.02.03-19.28.13:399][577]Cmd: OBJ SAVEPACKAGE PACKAGE="/Game/MapBasic_BuiltData" FILE="../../../../../../Users/adria/Desktop/Universidad/GameJam/GGJ_Tomatito/GGJ_TomatitoPoject/Content/MapBasic_BuiltData.uasset" SILENT=true
[2023.02.03-19.28.13:410][577]LogSavePackage: Moving '../../../../../../Users/adria/Desktop/Universidad/GameJam/GGJ_Tomatito/GGJ_TomatitoPoject/Saved/MapBasic_BuiltDataB16B22A04D175CD916BA8D8492720787.tmp' to '../../../../../../Users/adria/Desktop/Universidad/GameJam/GGJ_Tomatito/GGJ_TomatitoPoject/Content/MapBasic_BuiltData.uasset'
[2023.02.03-19.28.13:421][577]AssetCheck: New page: Asset Save: multiple assets
[2023.02.03-19.28.13:421][577]LogContentValidation: Display: Validating MapBuildDataRegistry /Game/MapBasic_BuiltData.MapBasic_BuiltData
[2023.02.03-19.28.13:421][577]LogContentValidation: Display: Validating World /Game/MapBasic.MapBasic
[2023.02.03-19.28.23:155][633]LogWindows: Warning: CreateProc failed: El sistema no puede encontrar el archivo especificado. (0x00000002)
[2023.02.03-19.28.23:155][633]LogWindows: Warning: URL: C:/Program Files/Git/bin/git.exe version
[2023.02.03-19.28.23:155][633]LogWindows: Warning: CreateProc failed: El sistema no puede encontrar el archivo especificado. (0x00000002)
[2023.02.03-19.28.23:155][633]LogWindows: Warning: URL: C:/Program Files (x86)/Git/bin/git.exe version
[2023.02.03-19.28.23:155][633]LogWindows: Warning: CreateProc failed: El sistema no puede encontrar el archivo especificado. (0x00000002)
[2023.02.03-19.28.23:155][633]LogWindows: Warning: URL: C:\Users\adria\AppData\Local/Programs/Git/cmd/git.exe version
[2023.02.03-19.28.23:155][633]LogWindows: Warning: CreateProc failed: El sistema no puede encontrar el archivo especificado. (0x00000002)
[2023.02.03-19.28.23:155][633]LogWindows: Warning: URL: C:/Program Files (x86)/SmartGit/git/bin/git.exe version
[2023.02.03-19.28.23:155][633]LogWindows: Warning: CreateProc failed: El sistema no puede encontrar el archivo especificado. (0x00000002)
[2023.02.03-19.28.23:155][633]LogWindows: Warning: URL: C:/Program Files (x86)/SmartGit/bin/git.exe version
[2023.02.03-19.28.23:155][633]LogWindows: Warning: CreateProc failed: El sistema no puede encontrar el archivo especificado. (0x00000002)
[2023.02.03-19.28.23:155][633]LogWindows: Warning: URL: C:\Users\adria\AppData\Local/Atlassian/SourceTree/git_local/bin/git.exe version
[2023.02.03-19.28.23:156][633]LogWindows: Warning: CreateProc failed: El sistema no puede encontrar el archivo especificado. (0x00000002)
[2023.02.03-19.28.23:156][633]LogWindows: Warning: URL: C:/Program Files (x86)/fournova/Tower/vendor/Git/bin/git.exe version
[2023.02.03-19.28.56:764][ 95]LogWindows: Warning: CreateProc failed: Acceso denegado. (0x00000005)
[2023.02.03-19.28.56:764][ 95]LogWindows: Warning: URL: C:/Program Files/Epic Games/UE_4.27/Engine/Binaries/Win64/ version
[2023.02.03-19.29.03:391][870]LogWindows: Warning: CreateProc failed: El sistema no puede encontrar el archivo especificado. (0x00000002)
[2023.02.03-19.29.03:391][870]LogWindows: Warning: URL: C:/Program Files/Epic Games/UE_4.27/Engine/Binaries/Win64/https://github.com/tomatitos-team/GGJ_Tomatito.git version
[2023.02.03-19.29.26:688][352]LogWindows: Warning: CreateProc failed: Acceso denegado. (0x00000005)
[2023.02.03-19.29.26:689][352]LogWindows: Warning: URL: C:/Program Files/Epic Games/UE_4.27/Engine/Binaries/Win64/ version
[2023.02.03-19.29.42:180][183]SourceControl: Source control is disabled
[2023.02.03-19.29.42:180][183]LogSlate: Window 'Source Control Login' being destroyed
[2023.02.03-19.30.44:813][323]LogContentBrowser: Deferred new asset folder creation: NewFolder
[2023.02.03-19.30.44:820][323]LogContentBrowser: Creating deferred item: NewFolder
[2023.02.03-19.30.49:283][858]LogContentBrowser: Attempting asset rename: NewFolder -> Levels
[2023.02.03-19.30.49:283][858]LogContentBrowser: End creating deferred item NewFolder
[2023.02.03-19.30.53:420][324]LogSavePackage: Moving '../../../../../../Users/adria/Desktop/Universidad/GameJam/GGJ_Tomatito/GGJ_TomatitoPoject/Saved/MapBasic_BuiltData58ADE7254A19D4C299285882CA78152A.tmp' to '../../../../../../Users/adria/Desktop/Universidad/GameJam/GGJ_Tomatito/GGJ_TomatitoPoject/Content/Levels/MapBasic_BuiltData.uasset'
[2023.02.03-19.30.53:426][324]LogUObjectHash: Compacting FUObjectHashTables data took   0.52ms
[2023.02.03-19.30.53:433][324]LogSavePackage: Moving '../../../../../../Users/adria/Desktop/Universidad/GameJam/GGJ_Tomatito/GGJ_TomatitoPoject/Saved/MapBasic1AE72B654D1E761C20C9449EBE90C506.tmp' to '../../../../../../Users/adria/Desktop/Universidad/GameJam/GGJ_Tomatito/GGJ_TomatitoPoject/Content/Levels/MapBasic.umap'
[2023.02.03-19.30.53:435][324]LogFileHelpers: Saving map 'MapBasic' took 0.015
[2023.02.03-19.30.53:485][324]LogUObjectHash: Compacting FUObjectHashTables data took   0.23ms
[2023.02.03-19.30.53:490][324]LogUObjectHash: Compacting FUObjectHashTables data took   0.23ms
[2023.02.03-19.30.53:502][324]LogUObjectHash: Compacting FUObjectHashTables data took   0.56ms
[2023.02.03-19.30.53:507][324]LogUObjectHash: Compacting FUObjectHashTables data took   0.23ms
[2023.02.03-19.30.53:533][324]AssetCheck: New page: Asset Save: multiple assets
[2023.02.03-19.30.53:533][324]LogContentValidation: Display: Validating MapBuildDataRegistry /Game/Levels/MapBasic_BuiltData.MapBasic_BuiltData
[2023.02.03-19.30.53:533][324]LogContentValidation: Display: Validating World /Game/Levels/MapBasic.MapBasic
[2023.02.03-19.30.56:619][647]LogContentBrowser: Deferred new asset folder creation: NewFolder
[2023.02.03-19.30.56:628][647]LogContentBrowser: Creating deferred item: NewFolder
[2023.02.03-19.30.59:445][985]LogContentBrowser: Attempting asset rename: NewFolder -> Gameplay
[2023.02.03-19.30.59:446][985]LogContentBrowser: End creating deferred item NewFolder
[2023.02.03-19.31.03:272][415]LogEditorClassViewer: Warning: Class /Engine/Tutorial/InWorldBlueprintEditing/TutorialAssets/IWBE_Blutility.IWBE_Blutility_C has parent /Script/Blutility.PlacedEditorUtilityBase, but this parent is not found. The Class will not be shown in ClassViewer.
[2023.02.03-19.31.04:605][415]LogSlate: Window 'Pick Parent Class' being destroyed
[2023.02.03-19.31.04:610][415]LogContentBrowser: Deferred new asset file creation: NewBlueprint
[2023.02.03-19.31.04:616][415]LogContentBrowser: Creating deferred item: NewBlueprint
[2023.02.03-19.31.16:301][817]LogContentBrowser: Attempting asset rename: NewBlueprint -> MainActor
[2023.02.03-19.31.16:307][817]LogContentBrowser: End creating deferred item NewBlueprint
