Log file open, 02/04/23 15:29:06
LogWindows: Failed to load 'aqProf.dll' (GetLastError=126)
LogWindows: File 'aqProf.dll' does not exist
LogWindows: Failed to load 'VtuneApi.dll' (GetLastError=126)
LogWindows: File 'VtuneApi.dll' does not exist
LogWindows: Failed to load 'VtuneApi32e.dll' (GetLastError=126)
LogWindows: File 'VtuneApi32e.dll' does not exist
LogConsoleResponse: Display: Failed to find resolution value strings in scalability ini. Falling back to default.
LogConsoleResponse: Display: Failed to find resolution value strings in scalability ini. Falling back to default.
LogInit: Display: Running engine for game: GGJ_TomatitoPoject
LogPlatformFile: Not using cached read wrapper
LogTaskGraph: Started task graph with 5 named threads and 35 total threads with 3 sets of task threads.
LogStats: Stats thread started at 4.178714
LogICUInternationalization: ICU TimeZone Detection - Raw Offset: +1:00, Platform Override: ''
LogInit: Display: Loading text-based GConfig....
LogPluginManager: Mounting plugin MeshPainting
LogPluginManager: Mounting plugin XGEController
LogPluginManager: Mounting plugin Paper2D
LogPluginManager: Mounting plugin AISupport
LogPluginManager: Mounting plugin LightPropagationVolume
LogPluginManager: Mounting plugin LiveLink
LogPluginManager: Mounting plugin CameraShakePreviewer
LogPluginManager: Mounting plugin AssetManagerEditor
LogPluginManager: Mounting plugin GameplayCameras
LogPluginManager: Mounting plugin CryptoKeys
LogPluginManager: Mounting plugin CurveEditorTools
LogPluginManager: Mounting plugin DataValidation
LogPluginManager: Mounting plugin FacialAnimation
LogPluginManager: Mounting plugin GeometryMode
LogPluginManager: Mounting plugin GameplayTagsEditor
LogPluginManager: Mounting plugin MaterialAnalyzer
LogPluginManager: Mounting plugin MobileLauncherProfileWizard
LogPluginManager: Mounting plugin PluginBrowser
LogPluginManager: Mounting plugin SpeedTreeImporter
LogPluginManager: Mounting plugin OodleData
LogPluginManager: Mounting plugin OodleNetwork
LogPluginManager: Mounting plugin AnimationSharing
LogPluginManager: Mounting plugin CLionSourceCodeAccess
LogPluginManager: Mounting plugin CodeLiteSourceCodeAccess
LogPluginManager: Mounting plugin GitSourceControl
LogPluginManager: Mounting plugin KDevelopSourceCodeAccess
LogPluginManager: Mounting plugin PerforceSourceControl
LogPluginManager: Mounting plugin PixWinPlugin
LogPluginManager: Mounting plugin PlasticSourceControl
LogPluginManager: Mounting plugin PluginUtils
LogPluginManager: Mounting plugin PropertyAccessNode
LogPluginManager: Mounting plugin RiderSourceCodeAccess
LogPluginManager: Mounting plugin SubversionSourceControl
LogPluginManager: Mounting plugin TextureFormatOodle
LogPluginManager: Mounting plugin UObjectPlugin
LogPluginManager: Mounting plugin VisualStudioCodeSourceCodeAccess
LogPluginManager: Mounting plugin VisualStudioSourceCodeAccess
LogPluginManager: Mounting plugin XCodeSourceCodeAccess
LogPluginManager: Mounting plugin Niagara
LogPluginManager: Mounting plugin AlembicImporter
LogPluginManager: Mounting plugin AutomationUtils
LogPluginManager: Mounting plugin BackChannel
LogPluginManager: Mounting plugin MacGraphicsSwitching
LogPluginManager: Mounting plugin ChaosCloth
LogPluginManager: Mounting plugin ChaosClothEditor
LogPluginManager: Mounting plugin ChaosEditor
LogPluginManager: Mounting plugin ChaosSolverPlugin
LogPluginManager: Mounting plugin ChaosNiagara
LogPluginManager: Mounting plugin CharacterAI
LogPluginManager: Mounting plugin NullSourceCodeAccess
LogPluginManager: Mounting plugin GeometryCache
LogPluginManager: Mounting plugin GeometryCollectionPlugin
LogPluginManager: Mounting plugin GeometryProcessing
LogPluginManager: Mounting plugin MotoSynth
LogPluginManager: Mounting plugin OpenImageDenoise
LogPluginManager: Mounting plugin PlanarCut
LogPluginManager: Mounting plugin PlatformCrypto
LogPluginManager: Mounting plugin ProxyLODPlugin
LogPluginManager: Mounting plugin PythonScriptPlugin
LogPluginManager: Mounting plugin SkeletalReduction
LogPluginManager: Mounting plugin LuminPlatformFeatures
LogPluginManager: Mounting plugin MagicLeap
LogPluginManager: Mounting plugin MagicLeapLightEstimation
LogPluginManager: Mounting plugin MagicLeapMedia
LogPluginManager: Mounting plugin MagicLeapPassableWorld
LogPluginManager: Mounting plugin MLSDK
LogPluginManager: Mounting plugin AndroidMedia
LogPluginManager: Mounting plugin AvfMedia
LogPluginManager: Mounting plugin ImgMedia
LogPluginManager: Mounting plugin MediaCompositing
LogPluginManager: Mounting plugin MediaPlayerEditor
LogPluginManager: Mounting plugin WebMMedia
LogPluginManager: Mounting plugin WmfMedia
LogPluginManager: Mounting plugin DatasmithContent
LogPluginManager: Mounting plugin VariantManagerContent
LogPluginManager: Mounting plugin ActorSequence
LogPluginManager: Mounting plugin LevelSequenceEditor
LogPluginManager: Mounting plugin MatineeToLevelSequence
LogPluginManager: Mounting plugin TemplateSequence
LogPluginManager: Mounting plugin TcpMessaging
LogPluginManager: Mounting plugin UdpMessaging
LogPluginManager: Mounting plugin OnlineSubsystem
LogPluginManager: Mounting plugin ActorLayerUtilities
LogPluginManager: Mounting plugin AndroidDeviceProfileSelector
LogPluginManager: Mounting plugin OnlineSubsystemNull
LogPluginManager: Mounting plugin AndroidMoviePlayer
LogPluginManager: Mounting plugin AndroidPermission
LogPluginManager: Mounting plugin LauncherChunkInstaller
LogPluginManager: Mounting plugin OnlineSubsystemUtils
LogPluginManager: Mounting plugin AppleImageUtils
LogPluginManager: Mounting plugin AppleMoviePlayer
LogPluginManager: Mounting plugin ArchVisCharacter
LogPluginManager: Mounting plugin AssetTags
LogPluginManager: Mounting plugin AudioCapture
LogPluginManager: Mounting plugin AudioSynesthesia
LogPluginManager: Mounting plugin CableComponent
LogPluginManager: Mounting plugin ChunkDownloader
LogPluginManager: Mounting plugin CustomMeshComponent
LogPluginManager: Mounting plugin EditableMesh
LogPluginManager: Mounting plugin ExampleDeviceProfileSelector
LogPluginManager: Mounting plugin GoogleCloudMessaging
LogPluginManager: Mounting plugin GooglePAD
LogPluginManager: Mounting plugin IOSDeviceProfileSelector
LogPluginManager: Mounting plugin LocationServicesBPLibrary
LogPluginManager: Mounting plugin MobilePatchingUtils
LogPluginManager: Mounting plugin OpenXR
LogPluginManager: Mounting plugin OpenXREyeTracker
LogPluginManager: Mounting plugin OpenXRHandTracking
LogPluginManager: Mounting plugin LinuxDeviceProfileSelector
LogPluginManager: Mounting plugin PhysXVehicles
LogPluginManager: Mounting plugin PostSplashScreen
LogPluginManager: Mounting plugin ProceduralMeshComponent
LogPluginManager: Mounting plugin PropertyAccessEditor
LogPluginManager: Mounting plugin RuntimePhysXCooking
LogPluginManager: Mounting plugin SignificanceManager
LogPluginManager: Mounting plugin SoundFields
LogPluginManager: Mounting plugin Synthesis
LogPluginManager: Mounting plugin WebMMoviePlayer
LogPluginManager: Mounting plugin WindowsMoviePlayer
LogPluginManager: Mounting plugin ScreenshotTools
LogPluginManager: Mounting plugin Takes
LogPluginManager: Mounting plugin EnvironmentQueryEditor
LogPluginManager: Mounting plugin ZibraAILiquid
LogPluginManager: Mounting plugin ContentBrowserAssetDataSource
LogPluginManager: Mounting plugin ContentBrowserClassDataSource
LogPluginManager: Mounting plugin ContentBrowserFileDataSource
LogPluginManager: Mounting plugin OnlineSubsystemGooglePlay
LogPluginManager: Mounting plugin OnlineSubsystemIOS
LogPluginManager: Mounting plugin OculusVR
LogPluginManager: Mounting plugin SteamVR
PixWinPlugin: PIX capture plugin failed to initialize! Check that the process is launched from PIX.
LogInit: Using libcurl 7.55.1-DEV
LogInit:  - built for x86_64-pc-win32
LogInit:  - supports SSL with OpenSSL/1.1.1
LogInit:  - supports HTTP deflate (compression) using libz 1.2.8
LogInit:  - other features:
LogInit:      CURL_VERSION_SSL
LogInit:      CURL_VERSION_LIBZ
LogInit:      CURL_VERSION_IPV6
LogInit:      CURL_VERSION_ASYNCHDNS
LogInit:      CURL_VERSION_LARGEFILE
LogInit:      CURL_VERSION_IDN
LogInit:  CurlRequestOptions (configurable via config and command line):
LogInit:  - bVerifyPeer = true  - Libcurl will verify peer certificate
LogInit:  - bUseHttpProxy = false  - Libcurl will NOT use HTTP proxy
LogInit:  - bDontReuseConnections = false  - Libcurl will reuse connections
LogInit:  - MaxHostConnections = 16  - Libcurl will limit the number of connections to a host
LogInit:  - LocalHostAddr = Default
LogInit:  - BufferSize = 65536
LogOnline: OSS: Creating online subsystem instance for: NULL
LogInit: WinSock: version 1.1 (2.2), MaxSocks=32767, MaxUdp=65467
LogOnline: OSS: TryLoadSubsystemAndSetDefault: Loaded subsystem for module [NULL]
LogOculusPluginWrapper: OculusPlugin initialized successfully
LogHMD: Failed initializing OVRPlugin 1.59.0
LogInit: Build: ++UE4+Release-4.27-CL-18319896
LogInit: Engine Version: 4.27.2-18319896+++UE4+Release-4.27
LogInit: Compatible Engine Version: 4.27.0-17155196+++UE4+Release-4.27
LogInit: Net CL: 17155196
LogInit: OS: Windows 10 (Release 2009) (), CPU: Intel(R) Core(TM) i7-8750H CPU @ 2.20GHz, GPU: NVIDIA GeForce GTX 1070
LogInit: Compiled (64-bit): Nov 30 2021 07:12:08
LogInit: Compiled with Visual C++: 19.24.28315.00
LogInit: Build Configuration: Development
LogInit: Branch Name: ++UE4+Release-4.27
LogInit: Command Line: 
LogInit: Base Directory: D:/UE5/UE_4.27/Engine/Binaries/Win64/
LogInit: Allocator: TBB
LogInit: Installed Engine Build: 1
LogDevObjectVersion: Number of dev versions registered: 29
LogDevObjectVersion:   Dev-Blueprints (B0D832E4-1F89-4F0D-ACCF-7EB736FD4AA2): 10
LogDevObjectVersion:   Dev-Build (E1C64328-A22C-4D53-A36C-8E866417BD8C): 0
LogDevObjectVersion:   Dev-Core (375EC13C-06E4-48FB-B500-84F0262A717E): 4
LogDevObjectVersion:   Dev-Editor (E4B068ED-F494-42E9-A231-DA0B2E46BB41): 40
LogDevObjectVersion:   Dev-Framework (CFFC743F-43B0-4480-9391-14DF171D2073): 37
LogDevObjectVersion:   Dev-Mobile (B02B49B5-BB20-44E9-A304-32B752E40360): 3
LogDevObjectVersion:   Dev-Networking (A4E4105C-59A1-49B5-A7C5-40C4547EDFEE): 0
LogDevObjectVersion:   Dev-Online (39C831C9-5AE6-47DC-9A44-9C173E1C8E7C): 0
LogDevObjectVersion:   Dev-Physics (78F01B33-EBEA-4F98-B9B4-84EACCB95AA2): 14
LogDevObjectVersion:   Dev-Platform (6631380F-2D4D-43E0-8009-CF276956A95A): 0
LogDevObjectVersion:   Dev-Rendering (12F88B9F-8875-4AFC-A67C-D90C383ABD29): 45
LogDevObjectVersion:   Dev-Sequencer (7B5AE74C-D270-4C10-A958-57980B212A5A): 13
LogDevObjectVersion:   Dev-VR (D7296918-1DD6-4BDD-9DE2-64A83CC13884): 3
LogDevObjectVersion:   Dev-LoadTimes (C2A15278-BFE7-4AFE-6C17-90FF531DF755): 1
LogDevObjectVersion:   Private-Geometry (6EACA3D4-40EC-4CC1-B786-8BED09428FC5): 3
LogDevObjectVersion:   Dev-AnimPhys (29E575DD-E0A3-4627-9D10-D276232CDCEA): 17
LogDevObjectVersion:   Dev-Anim (AF43A65D-7FD3-4947-9873-3E8ED9C1BB05): 15
LogDevObjectVersion:   Dev-ReflectionCapture (6B266CEC-1EC7-4B8F-A30B-E4D90942FC07): 1
LogDevObjectVersion:   Dev-Automation (0DF73D61-A23F-47EA-B727-89E90C41499A): 1
LogDevObjectVersion:   FortniteMain (601D1886-AC64-4F84-AA16-D3DE0DEAC7D6): 47
LogDevObjectVersion:   FortniteRelease (E7086368-6B23-4C58-8439-1B7016265E91): 1
LogDevObjectVersion:   Dev-Enterprise (9DFFBCD6-494F-0158-E221-12823C92A888): 10
LogDevObjectVersion:   Dev-Niagara (F2AED0AC-9AFE-416F-8664-AA7FFA26D6FC): 1
LogDevObjectVersion:   Dev-Destruction (174F1F0B-B4C6-45A5-B13F-2EE8D0FB917D): 10
LogDevObjectVersion:   Dev-Physics-Ext (35F94A83-E258-406C-A318-09F59610247C): 41
LogDevObjectVersion:   Dev-PhysicsMaterial-Chaos (B68FC16E-8B1B-42E2-B453-215C058844FE): 1
LogDevObjectVersion:   Dev-CineCamera (B2E18506-4273-CFC2-A54E-F4BB758BBA07): 1
LogDevObjectVersion:   Dev-VirtualProduction (64F58936-FD1B-42BA-BA96-7289D5D0FA4E): 1
LogDevObjectVersion:   Dev-MediaFramework (6F0ED827-A609-4895-9C91-998D90180EA4): 2
LogInit: Presizing for max 25165824 objects, including 0 objects not considered by GC, pre-allocating 0 bytes for permanent pool.
LogConfig: Applying CVar settings from Section [/Script/Engine.StreamingSettings] File [C:/Users/Surf/Documents/GitHub/GGJ_Tomatito/GGJ_TomatitoPoject/Saved/Config/Windows/Engine.ini]
LogConfig: Setting CVar [[s.MinBulkDataSizeForAsyncLoading:131072]]
LogConfig: Setting CVar [[s.AsyncLoadingThreadEnabled:0]]
LogConfig: Setting CVar [[s.EventDrivenLoaderEnabled:1]]
LogConfig: Setting CVar [[s.WarnIfTimeLimitExceeded:0]]
LogConfig: Setting CVar [[s.TimeLimitExceededMultiplier:1.5]]
LogConfig: Setting CVar [[s.TimeLimitExceededMinTime:0.005]]
LogConfig: Setting CVar [[s.UseBackgroundLevelStreaming:1]]
LogConfig: Setting CVar [[s.PriorityAsyncLoadingExtraTime:15.0]]
LogConfig: Setting CVar [[s.LevelStreamingActorsUpdateTimeLimit:5.0]]
LogConfig: Setting CVar [[s.PriorityLevelStreamingActorsUpdateExtraTime:5.0]]
LogConfig: Setting CVar [[s.LevelStreamingComponentsRegistrationGranularity:10]]
LogConfig: Setting CVar [[s.UnregisterComponentsTimeLimit:1.0]]
LogConfig: Setting CVar [[s.LevelStreamingComponentsUnregistrationGranularity:5]]
LogConfig: Setting CVar [[s.FlushStreamingOnExit:1]]
LogInit: Object subsystem initialized
LogConfig: Setting CVar [[con.DebugEarlyDefault:1]]
LogConfig: Setting CVar [[r.setres:1280x720]]
[2023.02.04-14.29.15:360][  0]LogConfig: Setting CVar [[r.VSync:0]]
[2023.02.04-14.29.15:360][  0]LogConfig: Setting CVar [[r.RHICmdBypass:0]]
[2023.02.04-14.29.15:360][  0]LogConfig: Applying CVar settings from Section [/Script/Engine.RendererSettings] File [C:/Users/Surf/Documents/GitHub/GGJ_Tomatito/GGJ_TomatitoPoject/Saved/Config/Windows/Engine.ini]
[2023.02.04-14.29.15:360][  0]LogConfig: Setting CVar [[r.GPUCrashDebugging:0]]
[2023.02.04-14.29.15:360][  0]LogConfig: Applying CVar settings from Section [/Script/Engine.RendererOverrideSettings] File [C:/Users/Surf/Documents/GitHub/GGJ_Tomatito/GGJ_TomatitoPoject/Saved/Config/Windows/Engine.ini]
[2023.02.04-14.29.15:360][  0]LogConfig: Applying CVar settings from Section [/Script/Engine.StreamingSettings] File [C:/Users/Surf/Documents/GitHub/GGJ_Tomatito/GGJ_TomatitoPoject/Saved/Config/Windows/Engine.ini]
[2023.02.04-14.29.15:360][  0]LogConfig: Setting CVar [[s.MinBulkDataSizeForAsyncLoading:131072]]
[2023.02.04-14.29.15:360][  0]LogConfig: Setting CVar [[s.AsyncLoadingThreadEnabled:0]]
[2023.02.04-14.29.15:360][  0]LogConfig: Setting CVar [[s.EventDrivenLoaderEnabled:1]]
[2023.02.04-14.29.15:360][  0]LogConfig: Setting CVar [[s.WarnIfTimeLimitExceeded:0]]
[2023.02.04-14.29.15:360][  0]LogConfig: Setting CVar [[s.TimeLimitExceededMultiplier:1.5]]
[2023.02.04-14.29.15:360][  0]LogConfig: Setting CVar [[s.TimeLimitExceededMinTime:0.005]]
[2023.02.04-14.29.15:360][  0]LogConfig: Setting CVar [[s.UseBackgroundLevelStreaming:1]]
[2023.02.04-14.29.15:360][  0]LogConfig: Setting CVar [[s.PriorityAsyncLoadingExtraTime:15.0]]
[2023.02.04-14.29.15:360][  0]LogConfig: Setting CVar [[s.LevelStreamingActorsUpdateTimeLimit:5.0]]
[2023.02.04-14.29.15:361][  0]LogConfig: Setting CVar [[s.PriorityLevelStreamingActorsUpdateExtraTime:5.0]]
[2023.02.04-14.29.15:361][  0]LogConfig: Setting CVar [[s.LevelStreamingComponentsRegistrationGranularity:10]]
[2023.02.04-14.29.15:361][  0]LogConfig: Setting CVar [[s.UnregisterComponentsTimeLimit:1.0]]
[2023.02.04-14.29.15:361][  0]LogConfig: Setting CVar [[s.LevelStreamingComponentsUnregistrationGranularity:5]]
[2023.02.04-14.29.15:361][  0]LogConfig: Setting CVar [[s.FlushStreamingOnExit:1]]
[2023.02.04-14.29.15:361][  0]LogConfig: Applying CVar settings from Section [/Script/Engine.GarbageCollectionSettings] File [C:/Users/Surf/Documents/GitHub/GGJ_Tomatito/GGJ_TomatitoPoject/Saved/Config/Windows/Engine.ini]
[2023.02.04-14.29.15:361][  0]LogConfig: Setting CVar [[gc.MaxObjectsNotConsideredByGC:1]]
[2023.02.04-14.29.15:361][  0]LogConfig: Setting CVar [[gc.SizeOfPermanentObjectPool:0]]
[2023.02.04-14.29.15:361][  0]LogConfig: Setting CVar [[gc.FlushStreamingOnGC:0]]
[2023.02.04-14.29.15:361][  0]LogConfig: Setting CVar [[gc.NumRetriesBeforeForcingGC:10]]
[2023.02.04-14.29.15:361][  0]LogConfig: Setting CVar [[gc.AllowParallelGC:1]]
[2023.02.04-14.29.15:361][  0]LogConfig: Setting CVar [[gc.TimeBetweenPurgingPendingKillObjects:61.1]]
[2023.02.04-14.29.15:361][  0]LogConfig: Setting CVar [[gc.MaxObjectsInEditor:25165824]]
[2023.02.04-14.29.15:361][  0]LogConfig: Setting CVar [[gc.IncrementalBeginDestroyEnabled:1]]
[2023.02.04-14.29.15:361][  0]LogConfig: Setting CVar [[gc.CreateGCClusters:1]]
[2023.02.04-14.29.15:361][  0]LogConfig: Setting CVar [[gc.MinGCClusterSize:5]]
[2023.02.04-14.29.15:361][  0]LogConfig: Setting CVar [[gc.ActorClusteringEnabled:0]]
[2023.02.04-14.29.15:361][  0]LogConfig: Setting CVar [[gc.BlueprintClusteringEnabled:0]]
[2023.02.04-14.29.15:361][  0]LogConfig: Setting CVar [[gc.UseDisregardForGCOnDedicatedServers:0]]
[2023.02.04-14.29.15:361][  0]LogConfig: Setting CVar [[gc.MultithreadedDestructionEnabled:1]]
[2023.02.04-14.29.15:361][  0]LogConfig: Applying CVar settings from Section [/Script/Engine.NetworkSettings] File [C:/Users/Surf/Documents/GitHub/GGJ_Tomatito/GGJ_TomatitoPoject/Saved/Config/Windows/Engine.ini]
[2023.02.04-14.29.15:361][  0]LogConfig: Applying CVar settings from Section [/Script/UnrealEd.CookerSettings] File [C:/Users/Surf/Documents/GitHub/GGJ_Tomatito/GGJ_TomatitoPoject/Saved/Config/Windows/Engine.ini]
[2023.02.04-14.29.15:389][  0]LogConfig: Applying CVar settings from Section [ViewDistanceQuality@3] File [C:/Users/Surf/Documents/GitHub/GGJ_Tomatito/GGJ_TomatitoPoject/Saved/Config/Windows/Scalability.ini]
[2023.02.04-14.29.15:389][  0]LogConfig: Setting CVar [[r.SkeletalMeshLODBias:0]]
[2023.02.04-14.29.15:389][  0]LogConfig: Setting CVar [[r.ViewDistanceScale:1.0]]
[2023.02.04-14.29.15:389][  0]LogConfig: Applying CVar settings from Section [AntiAliasingQuality@3] File [C:/Users/Surf/Documents/GitHub/GGJ_Tomatito/GGJ_TomatitoPoject/Saved/Config/Windows/Scalability.ini]
[2023.02.04-14.29.15:389][  0]LogConfig: Setting CVar [[r.PostProcessAAQuality:4]]
[2023.02.04-14.29.15:389][  0]LogConfig: Applying CVar settings from Section [ShadowQuality@3] File [C:/Users/Surf/Documents/GitHub/GGJ_Tomatito/GGJ_TomatitoPoject/Saved/Config/Windows/Scalability.ini]
[2023.02.04-14.29.15:389][  0]LogConfig: Setting CVar [[r.LightFunctionQuality:1]]
[2023.02.04-14.29.15:390][  0]LogConfig: Setting CVar [[r.ShadowQuality:5]]
[2023.02.04-14.29.15:390][  0]LogConfig: Setting CVar [[r.Shadow.CSM.MaxCascades:10]]
[2023.02.04-14.29.15:390][  0]LogConfig: Setting CVar [[r.Shadow.MaxResolution:2048]]
[2023.02.04-14.29.15:390][  0]LogConfig: Setting CVar [[r.Shadow.MaxCSMResolution:2048]]
[2023.02.04-14.29.15:390][  0]LogConfig: Setting CVar [[r.Shadow.RadiusThreshold:0.01]]
[2023.02.04-14.29.15:390][  0]LogConfig: Setting CVar [[r.Shadow.DistanceScale:1.0]]
[2023.02.04-14.29.15:390][  0]LogConfig: Setting CVar [[r.Shadow.CSM.TransitionScale:1.0]]
[2023.02.04-14.29.15:390][  0]LogConfig: Setting CVar [[r.Shadow.PreShadowResolutionFactor:1.0]]
[2023.02.04-14.29.15:390][  0]LogConfig: Setting CVar [[r.DistanceFieldShadowing:1]]
[2023.02.04-14.29.15:390][  0]LogConfig: Setting CVar [[r.DistanceFieldAO:1]]
[2023.02.04-14.29.15:390][  0]LogConfig: Setting CVar [[r.AOQuality:2]]
[2023.02.04-14.29.15:390][  0]LogConfig: Setting CVar [[r.VolumetricFog:1]]
[2023.02.04-14.29.15:390][  0]LogConfig: Setting CVar [[r.VolumetricFog.GridPixelSize:8]]
[2023.02.04-14.29.15:390][  0]LogConfig: Setting CVar [[r.VolumetricFog.GridSizeZ:128]]
[2023.02.04-14.29.15:390][  0]LogConfig: Setting CVar [[r.VolumetricFog.HistoryMissSupersampleCount:4]]
[2023.02.04-14.29.15:390][  0]LogConfig: Setting CVar [[r.LightMaxDrawDistanceScale:1]]
[2023.02.04-14.29.15:390][  0]LogConfig: Setting CVar [[r.CapsuleShadows:1]]
[2023.02.04-14.29.15:390][  0]LogConfig: Applying CVar settings from Section [PostProcessQuality@3] File [C:/Users/Surf/Documents/GitHub/GGJ_Tomatito/GGJ_TomatitoPoject/Saved/Config/Windows/Scalability.ini]
[2023.02.04-14.29.15:390][  0]LogConfig: Setting CVar [[r.MotionBlurQuality:4]]
[2023.02.04-14.29.15:390][  0]LogConfig: Setting CVar [[r.AmbientOcclusionMipLevelFactor:0.4]]
[2023.02.04-14.29.15:390][  0]LogConfig: Setting CVar [[r.AmbientOcclusionMaxQuality:100]]
[2023.02.04-14.29.15:390][  0]LogConfig: Setting CVar [[r.AmbientOcclusionLevels:-1]]
[2023.02.04-14.29.15:390][  0]LogConfig: Setting CVar [[r.AmbientOcclusionRadiusScale:1.0]]
[2023.02.04-14.29.15:390][  0]LogConfig: Setting CVar [[r.DepthOfFieldQuality:2]]
[2023.02.04-14.29.15:390][  0]LogConfig: Setting CVar [[r.RenderTargetPoolMin:400]]
[2023.02.04-14.29.15:390][  0]LogConfig: Setting CVar [[r.LensFlareQuality:2]]
[2023.02.04-14.29.15:390][  0]LogConfig: Setting CVar [[r.SceneColorFringeQuality:1]]
[2023.02.04-14.29.15:390][  0]LogConfig: Setting CVar [[r.EyeAdaptationQuality:2]]
[2023.02.04-14.29.15:390][  0]LogConfig: Setting CVar [[r.BloomQuality:5]]
[2023.02.04-14.29.15:390][  0]LogConfig: Setting CVar [[r.FastBlurThreshold:100]]
[2023.02.04-14.29.15:390][  0]LogConfig: Setting CVar [[r.Upscale.Quality:3]]
[2023.02.04-14.29.15:390][  0]LogConfig: Setting CVar [[r.Tonemapper.GrainQuantization:1]]
[2023.02.04-14.29.15:390][  0]LogConfig: Setting CVar [[r.LightShaftQuality:1]]
[2023.02.04-14.29.15:390][  0]LogConfig: Setting CVar [[r.Filter.SizeScale:1]]
[2023.02.04-14.29.15:390][  0]LogConfig: Setting CVar [[r.Tonemapper.Quality:5]]
[2023.02.04-14.29.15:390][  0]LogConfig: Setting CVar [[r.DOF.Gather.AccumulatorQuality:1        ; higher gathering accumulator quality]]
[2023.02.04-14.29.15:390][  0]LogConfig: Setting CVar [[r.DOF.Gather.PostfilterMethod:1          ; Median3x3 postfilering method]]
[2023.02.04-14.29.15:390][  0]LogConfig: Setting CVar [[r.DOF.Gather.EnableBokehSettings:0       ; no bokeh simulation when gathering]]
[2023.02.04-14.29.15:390][  0]LogConfig: Setting CVar [[r.DOF.Gather.RingCount:4                 ; medium number of samples when gathering]]
[2023.02.04-14.29.15:390][  0]LogConfig: Setting CVar [[r.DOF.Scatter.ForegroundCompositing:1    ; additive foreground scattering]]
[2023.02.04-14.29.15:390][  0]LogConfig: Setting CVar [[r.DOF.Scatter.BackgroundCompositing:2    ; additive background scattering]]
[2023.02.04-14.29.15:390][  0]LogConfig: Setting CVar [[r.DOF.Scatter.EnableBokehSettings:1      ; bokeh simulation when scattering]]
[2023.02.04-14.29.15:390][  0]LogConfig: Setting CVar [[r.DOF.Scatter.MaxSpriteRatio:0.1         ; only a maximum of 10% of scattered bokeh]]
[2023.02.04-14.29.15:390][  0]LogConfig: Setting CVar [[r.DOF.Recombine.Quality:1                ; cheap slight out of focus]]
[2023.02.04-14.29.15:390][  0]LogConfig: Setting CVar [[r.DOF.Recombine.EnableBokehSettings:0    ; no bokeh simulation on slight out of focus]]
[2023.02.04-14.29.15:390][  0]LogConfig: Setting CVar [[r.DOF.TemporalAAQuality:1                ; more stable temporal accumulation]]
[2023.02.04-14.29.15:390][  0]LogConfig: Setting CVar [[r.DOF.Kernel.MaxForegroundRadius:0.025]]
[2023.02.04-14.29.15:390][  0]LogConfig: Setting CVar [[r.DOF.Kernel.MaxBackgroundRadius:0.025]]
[2023.02.04-14.29.15:390][  0]LogConfig: Applying CVar settings from Section [TextureQuality@3] File [C:/Users/Surf/Documents/GitHub/GGJ_Tomatito/GGJ_TomatitoPoject/Saved/Config/Windows/Scalability.ini]
[2023.02.04-14.29.15:390][  0]LogConfig: Setting CVar [[r.Streaming.MipBias:0]]
[2023.02.04-14.29.15:390][  0]LogConfig: Setting CVar [[r.Streaming.AmortizeCPUToGPUCopy:0]]
[2023.02.04-14.29.15:390][  0]LogConfig: Setting CVar [[r.Streaming.MaxNumTexturesToStreamPerFrame:0]]
[2023.02.04-14.29.15:390][  0]LogConfig: Setting CVar [[r.Streaming.Boost:1]]
[2023.02.04-14.29.15:390][  0]LogConfig: Setting CVar [[r.MaxAnisotropy:8]]
[2023.02.04-14.29.15:390][  0]LogConfig: Setting CVar [[r.VT.MaxAnisotropy:8]]
[2023.02.04-14.29.15:390][  0]LogConfig: Setting CVar [[r.Streaming.LimitPoolSizeToVRAM:0]]
[2023.02.04-14.29.15:391][  0]LogConfig: Setting CVar [[r.Streaming.PoolSize:1000]]
[2023.02.04-14.29.15:391][  0]LogConfig: Setting CVar [[r.Streaming.MaxEffectiveScreenSize:0]]
[2023.02.04-14.29.15:391][  0]LogConfig: Applying CVar settings from Section [EffectsQuality@3] File [C:/Users/Surf/Documents/GitHub/GGJ_Tomatito/GGJ_TomatitoPoject/Saved/Config/Windows/Scalability.ini]
[2023.02.04-14.29.15:391][  0]LogConfig: Setting CVar [[r.TranslucencyLightingVolumeDim:64]]
[2023.02.04-14.29.15:391][  0]LogConfig: Setting CVar [[r.RefractionQuality:2]]
[2023.02.04-14.29.15:391][  0]LogConfig: Setting CVar [[r.SSR.Quality:3]]
[2023.02.04-14.29.15:391][  0]LogConfig: Setting CVar [[r.SSR.HalfResSceneColor:0]]
[2023.02.04-14.29.15:391][  0]LogConfig: Setting CVar [[r.SceneColorFormat:4]]
[2023.02.04-14.29.15:391][  0]LogConfig: Setting CVar [[r.DetailMode:2]]
[2023.02.04-14.29.15:391][  0]LogConfig: Setting CVar [[r.TranslucencyVolumeBlur:1]]
[2023.02.04-14.29.15:391][  0]LogConfig: Setting CVar [[r.MaterialQualityLevel:1 ; High quality]]
[2023.02.04-14.29.15:391][  0]LogConfig: Setting CVar [[r.AnisotropicMaterials:1]]
[2023.02.04-14.29.15:391][  0]LogConfig: Setting CVar [[r.SSS.Scale:1]]
[2023.02.04-14.29.15:391][  0]LogConfig: Setting CVar [[r.SSS.SampleSet:2]]
[2023.02.04-14.29.15:391][  0]LogConfig: Setting CVar [[r.SSS.Quality:1]]
[2023.02.04-14.29.15:391][  0]LogConfig: Setting CVar [[r.SSS.HalfRes:0]]
[2023.02.04-14.29.15:391][  0]LogConfig: Setting CVar [[r.SSGI.Quality:3]]
[2023.02.04-14.29.15:391][  0]LogConfig: Setting CVar [[r.EmitterSpawnRateScale:1.0]]
[2023.02.04-14.29.15:391][  0]LogConfig: Setting CVar [[r.ParticleLightQuality:2]]
[2023.02.04-14.29.15:391][  0]LogConfig: Setting CVar [[r.SkyAtmosphere.AerialPerspectiveLUT.FastApplyOnOpaque:1 ; Always have FastSkyLUT 1 in this case to avoid wrong sky]]
[2023.02.04-14.29.15:391][  0]LogConfig: Setting CVar [[r.SkyAtmosphere.AerialPerspectiveLUT.SampleCountMaxPerSlice:4]]
[2023.02.04-14.29.15:391][  0]LogConfig: Setting CVar [[r.SkyAtmosphere.AerialPerspectiveLUT.DepthResolution:16.0]]
[2023.02.04-14.29.15:391][  0]LogConfig: Setting CVar [[r.SkyAtmosphere.FastSkyLUT:1]]
[2023.02.04-14.29.15:391][  0]LogConfig: Setting CVar [[r.SkyAtmosphere.FastSkyLUT.SampleCountMin:4.0]]
[2023.02.04-14.29.15:391][  0]LogConfig: Setting CVar [[r.SkyAtmosphere.FastSkyLUT.SampleCountMax:128.0]]
[2023.02.04-14.29.15:391][  0]LogConfig: Setting CVar [[r.SkyAtmosphere.SampleCountMin:4.0]]
[2023.02.04-14.29.15:391][  0]LogConfig: Setting CVar [[r.SkyAtmosphere.SampleCountMax:128.0]]
[2023.02.04-14.29.15:391][  0]LogConfig: Setting CVar [[r.SkyAtmosphere.TransmittanceLUT.UseSmallFormat:0]]
[2023.02.04-14.29.15:391][  0]LogConfig: Setting CVar [[r.SkyAtmosphere.TransmittanceLUT.SampleCount:10.0]]
[2023.02.04-14.29.15:391][  0]LogConfig: Setting CVar [[r.SkyAtmosphere.MultiScatteringLUT.SampleCount:15.0]]
[2023.02.04-14.29.15:391][  0]LogConfig: Setting CVar [[r.SkyLight.RealTimeReflectionCapture:1]]
[2023.02.04-14.29.15:391][  0]LogConfig: Applying CVar settings from Section [FoliageQuality@3] File [C:/Users/Surf/Documents/GitHub/GGJ_Tomatito/GGJ_TomatitoPoject/Saved/Config/Windows/Scalability.ini]
[2023.02.04-14.29.15:391][  0]LogConfig: Setting CVar [[foliage.DensityScale:1.0]]
[2023.02.04-14.29.15:391][  0]LogConfig: Setting CVar [[grass.DensityScale:1.0]]
[2023.02.04-14.29.15:391][  0]LogConfig: Applying CVar settings from Section [ShadingQuality@3] File [C:/Users/Surf/Documents/GitHub/GGJ_Tomatito/GGJ_TomatitoPoject/Saved/Config/Windows/Scalability.ini]
[2023.02.04-14.29.15:391][  0]LogConfig: Setting CVar [[r.HairStrands.SkyLighting.IntegrationType:2]]
[2023.02.04-14.29.15:391][  0]LogConfig: Setting CVar [[r.HairStrands.SkyAO.SampleCount:4]]
[2023.02.04-14.29.15:391][  0]LogConfig: Setting CVar [[r.HairStrands.Visibility.MSAA.SamplePerPixel:4]]
[2023.02.04-14.29.15:391][  0]LogInit: Selected Device Profile: [Windows]
[2023.02.04-14.29.15:391][  0]LogInit: Applying CVar settings loaded from the selected device profile: [Windows]
[2023.02.04-14.29.15:391][  0]LogHAL: Display: Platform has ~ 24 GB [25618812928 / 34359738368 / 24], which maps to Larger [LargestMinGB=32, LargerMinGB=12, DefaultMinGB=8, SmallerMinGB=6, SmallestMinGB=0)
[2023.02.04-14.29.15:391][  0]LogInit: Going up to parent DeviceProfile []
[2023.02.04-14.29.15:391][  0]LogConfig: Applying CVar settings from Section [ViewDistanceQuality@3] File [C:/Users/Surf/Documents/GitHub/GGJ_Tomatito/GGJ_TomatitoPoject/Saved/Config/Windows/Scalability.ini]
[2023.02.04-14.29.15:391][  0]LogConfig: Setting CVar [[r.SkeletalMeshLODBias:0]]
[2023.02.04-14.29.15:391][  0]LogConfig: Setting CVar [[r.ViewDistanceScale:1.0]]
[2023.02.04-14.29.15:391][  0]LogConfig: Applying CVar settings from Section [AntiAliasingQuality@3] File [C:/Users/Surf/Documents/GitHub/GGJ_Tomatito/GGJ_TomatitoPoject/Saved/Config/Windows/Scalability.ini]
[2023.02.04-14.29.15:391][  0]LogConfig: Setting CVar [[r.PostProcessAAQuality:4]]
[2023.02.04-14.29.15:391][  0]LogConfig: Applying CVar settings from Section [ShadowQuality@3] File [C:/Users/Surf/Documents/GitHub/GGJ_Tomatito/GGJ_TomatitoPoject/Saved/Config/Windows/Scalability.ini]
[2023.02.04-14.29.15:391][  0]LogConfig: Setting CVar [[r.LightFunctionQuality:1]]
[2023.02.04-14.29.15:391][  0]LogConfig: Setting CVar [[r.ShadowQuality:5]]
[2023.02.04-14.29.15:391][  0]LogConfig: Setting CVar [[r.Shadow.CSM.MaxCascades:10]]
[2023.02.04-14.29.15:392][  0]LogConfig: Setting CVar [[r.Shadow.MaxResolution:2048]]
[2023.02.04-14.29.15:392][  0]LogConfig: Setting CVar [[r.Shadow.MaxCSMResolution:2048]]
[2023.02.04-14.29.15:392][  0]LogConfig: Setting CVar [[r.Shadow.RadiusThreshold:0.01]]
[2023.02.04-14.29.15:392][  0]LogConfig: Setting CVar [[r.Shadow.DistanceScale:1.0]]
[2023.02.04-14.29.15:392][  0]LogConfig: Setting CVar [[r.Shadow.CSM.TransitionScale:1.0]]
[2023.02.04-14.29.15:392][  0]LogConfig: Setting CVar [[r.Shadow.PreShadowResolutionFactor:1.0]]
[2023.02.04-14.29.15:392][  0]LogConfig: Setting CVar [[r.DistanceFieldShadowing:1]]
[2023.02.04-14.29.15:392][  0]LogConfig: Setting CVar [[r.DistanceFieldAO:1]]
[2023.02.04-14.29.15:392][  0]LogConfig: Setting CVar [[r.AOQuality:2]]
[2023.02.04-14.29.15:392][  0]LogConfig: Setting CVar [[r.VolumetricFog:1]]
[2023.02.04-14.29.15:392][  0]LogConfig: Setting CVar [[r.VolumetricFog.GridPixelSize:8]]
[2023.02.04-14.29.15:392][  0]LogConfig: Setting CVar [[r.VolumetricFog.GridSizeZ:128]]
[2023.02.04-14.29.15:392][  0]LogConfig: Setting CVar [[r.VolumetricFog.HistoryMissSupersampleCount:4]]
[2023.02.04-14.29.15:392][  0]LogConfig: Setting CVar [[r.LightMaxDrawDistanceScale:1]]
[2023.02.04-14.29.15:392][  0]LogConfig: Setting CVar [[r.CapsuleShadows:1]]
[2023.02.04-14.29.15:392][  0]LogConfig: Applying CVar settings from Section [PostProcessQuality@3] File [C:/Users/Surf/Documents/GitHub/GGJ_Tomatito/GGJ_TomatitoPoject/Saved/Config/Windows/Scalability.ini]
[2023.02.04-14.29.15:392][  0]LogConfig: Setting CVar [[r.MotionBlurQuality:4]]
[2023.02.04-14.29.15:392][  0]LogConfig: Setting CVar [[r.AmbientOcclusionMipLevelFactor:0.4]]
[2023.02.04-14.29.15:392][  0]LogConfig: Setting CVar [[r.AmbientOcclusionMaxQuality:100]]
[2023.02.04-14.29.15:392][  0]LogConfig: Setting CVar [[r.AmbientOcclusionLevels:-1]]
[2023.02.04-14.29.15:392][  0]LogConfig: Setting CVar [[r.AmbientOcclusionRadiusScale:1.0]]
[2023.02.04-14.29.15:392][  0]LogConfig: Setting CVar [[r.DepthOfFieldQuality:2]]
[2023.02.04-14.29.15:392][  0]LogConfig: Setting CVar [[r.RenderTargetPoolMin:400]]
[2023.02.04-14.29.15:392][  0]LogConfig: Setting CVar [[r.LensFlareQuality:2]]
[2023.02.04-14.29.15:392][  0]LogConfig: Setting CVar [[r.SceneColorFringeQuality:1]]
[2023.02.04-14.29.15:392][  0]LogConfig: Setting CVar [[r.EyeAdaptationQuality:2]]
[2023.02.04-14.29.15:392][  0]LogConfig: Setting CVar [[r.BloomQuality:5]]
[2023.02.04-14.29.15:392][  0]LogConfig: Setting CVar [[r.FastBlurThreshold:100]]
[2023.02.04-14.29.15:392][  0]LogConfig: Setting CVar [[r.Upscale.Quality:3]]
[2023.02.04-14.29.15:392][  0]LogConfig: Setting CVar [[r.Tonemapper.GrainQuantization:1]]
[2023.02.04-14.29.15:392][  0]LogConfig: Setting CVar [[r.LightShaftQuality:1]]
[2023.02.04-14.29.15:392][  0]LogConfig: Setting CVar [[r.Filter.SizeScale:1]]
[2023.02.04-14.29.15:392][  0]LogConfig: Setting CVar [[r.Tonemapper.Quality:5]]
[2023.02.04-14.29.15:392][  0]LogConfig: Setting CVar [[r.DOF.Gather.AccumulatorQuality:1        ; higher gathering accumulator quality]]
[2023.02.04-14.29.15:392][  0]LogConfig: Setting CVar [[r.DOF.Gather.PostfilterMethod:1          ; Median3x3 postfilering method]]
[2023.02.04-14.29.15:392][  0]LogConfig: Setting CVar [[r.DOF.Gather.EnableBokehSettings:0       ; no bokeh simulation when gathering]]
[2023.02.04-14.29.15:392][  0]LogConfig: Setting CVar [[r.DOF.Gather.RingCount:4                 ; medium number of samples when gathering]]
[2023.02.04-14.29.15:392][  0]LogConfig: Setting CVar [[r.DOF.Scatter.ForegroundCompositing:1    ; additive foreground scattering]]
[2023.02.04-14.29.15:392][  0]LogConfig: Setting CVar [[r.DOF.Scatter.BackgroundCompositing:2    ; additive background scattering]]
[2023.02.04-14.29.15:392][  0]LogConfig: Setting CVar [[r.DOF.Scatter.EnableBokehSettings:1      ; bokeh simulation when scattering]]
[2023.02.04-14.29.15:392][  0]LogConfig: Setting CVar [[r.DOF.Scatter.MaxSpriteRatio:0.1         ; only a maximum of 10% of scattered bokeh]]
[2023.02.04-14.29.15:392][  0]LogConfig: Setting CVar [[r.DOF.Recombine.Quality:1                ; cheap slight out of focus]]
[2023.02.04-14.29.15:392][  0]LogConfig: Setting CVar [[r.DOF.Recombine.EnableBokehSettings:0    ; no bokeh simulation on slight out of focus]]
[2023.02.04-14.29.15:392][  0]LogConfig: Setting CVar [[r.DOF.TemporalAAQuality:1                ; more stable temporal accumulation]]
[2023.02.04-14.29.15:392][  0]LogConfig: Setting CVar [[r.DOF.Kernel.MaxForegroundRadius:0.025]]
[2023.02.04-14.29.15:392][  0]LogConfig: Setting CVar [[r.DOF.Kernel.MaxBackgroundRadius:0.025]]
[2023.02.04-14.29.15:392][  0]LogConfig: Applying CVar settings from Section [TextureQuality@3] File [C:/Users/Surf/Documents/GitHub/GGJ_Tomatito/GGJ_TomatitoPoject/Saved/Config/Windows/Scalability.ini]
[2023.02.04-14.29.15:392][  0]LogConfig: Setting CVar [[r.Streaming.MipBias:0]]
[2023.02.04-14.29.15:392][  0]LogConfig: Setting CVar [[r.Streaming.AmortizeCPUToGPUCopy:0]]
[2023.02.04-14.29.15:392][  0]LogConfig: Setting CVar [[r.Streaming.MaxNumTexturesToStreamPerFrame:0]]
[2023.02.04-14.29.15:392][  0]LogConfig: Setting CVar [[r.Streaming.Boost:1]]
[2023.02.04-14.29.15:392][  0]LogConfig: Setting CVar [[r.MaxAnisotropy:8]]
[2023.02.04-14.29.15:392][  0]LogConfig: Setting CVar [[r.VT.MaxAnisotropy:8]]
[2023.02.04-14.29.15:392][  0]LogConfig: Setting CVar [[r.Streaming.LimitPoolSizeToVRAM:0]]
[2023.02.04-14.29.15:392][  0]LogConfig: Setting CVar [[r.Streaming.PoolSize:1000]]
[2023.02.04-14.29.15:392][  0]LogConfig: Setting CVar [[r.Streaming.MaxEffectiveScreenSize:0]]
[2023.02.04-14.29.15:392][  0]LogConfig: Applying CVar settings from Section [EffectsQuality@3] File [C:/Users/Surf/Documents/GitHub/GGJ_Tomatito/GGJ_TomatitoPoject/Saved/Config/Windows/Scalability.ini]
[2023.02.04-14.29.15:392][  0]LogConfig: Setting CVar [[r.TranslucencyLightingVolumeDim:64]]
[2023.02.04-14.29.15:392][  0]LogConfig: Setting CVar [[r.RefractionQuality:2]]
[2023.02.04-14.29.15:393][  0]LogConfig: Setting CVar [[r.SSR.Quality:3]]
[2023.02.04-14.29.15:393][  0]LogConfig: Setting CVar [[r.SSR.HalfResSceneColor:0]]
[2023.02.04-14.29.15:393][  0]LogConfig: Setting CVar [[r.SceneColorFormat:4]]
[2023.02.04-14.29.15:393][  0]LogConfig: Setting CVar [[r.DetailMode:2]]
[2023.02.04-14.29.15:393][  0]LogConfig: Setting CVar [[r.TranslucencyVolumeBlur:1]]
[2023.02.04-14.29.15:393][  0]LogConfig: Setting CVar [[r.MaterialQualityLevel:1 ; High quality]]
[2023.02.04-14.29.15:393][  0]LogConfig: Setting CVar [[r.AnisotropicMaterials:1]]
[2023.02.04-14.29.15:393][  0]LogConfig: Setting CVar [[r.SSS.Scale:1]]
[2023.02.04-14.29.15:393][  0]LogConfig: Setting CVar [[r.SSS.SampleSet:2]]
[2023.02.04-14.29.15:393][  0]LogConfig: Setting CVar [[r.SSS.Quality:1]]
[2023.02.04-14.29.15:393][  0]LogConfig: Setting CVar [[r.SSS.HalfRes:0]]
[2023.02.04-14.29.15:393][  0]LogConfig: Setting CVar [[r.SSGI.Quality:3]]
[2023.02.04-14.29.15:393][  0]LogConfig: Setting CVar [[r.EmitterSpawnRateScale:1.0]]
[2023.02.04-14.29.15:393][  0]LogConfig: Setting CVar [[r.ParticleLightQuality:2]]
[2023.02.04-14.29.15:393][  0]LogConfig: Setting CVar [[r.SkyAtmosphere.AerialPerspectiveLUT.FastApplyOnOpaque:1 ; Always have FastSkyLUT 1 in this case to avoid wrong sky]]
[2023.02.04-14.29.15:393][  0]LogConfig: Setting CVar [[r.SkyAtmosphere.AerialPerspectiveLUT.SampleCountMaxPerSlice:4]]
[2023.02.04-14.29.15:393][  0]LogConfig: Setting CVar [[r.SkyAtmosphere.AerialPerspectiveLUT.DepthResolution:16.0]]
[2023.02.04-14.29.15:393][  0]LogConfig: Setting CVar [[r.SkyAtmosphere.FastSkyLUT:1]]
[2023.02.04-14.29.15:393][  0]LogConfig: Setting CVar [[r.SkyAtmosphere.FastSkyLUT.SampleCountMin:4.0]]
[2023.02.04-14.29.15:393][  0]LogConfig: Setting CVar [[r.SkyAtmosphere.FastSkyLUT.SampleCountMax:128.0]]
[2023.02.04-14.29.15:393][  0]LogConfig: Setting CVar [[r.SkyAtmosphere.SampleCountMin:4.0]]
[2023.02.04-14.29.15:393][  0]LogConfig: Setting CVar [[r.SkyAtmosphere.SampleCountMax:128.0]]
[2023.02.04-14.29.15:393][  0]LogConfig: Setting CVar [[r.SkyAtmosphere.TransmittanceLUT.UseSmallFormat:0]]
[2023.02.04-14.29.15:393][  0]LogConfig: Setting CVar [[r.SkyAtmosphere.TransmittanceLUT.SampleCount:10.0]]
[2023.02.04-14.29.15:393][  0]LogConfig: Setting CVar [[r.SkyAtmosphere.MultiScatteringLUT.SampleCount:15.0]]
[2023.02.04-14.29.15:393][  0]LogConfig: Setting CVar [[r.SkyLight.RealTimeReflectionCapture:1]]
[2023.02.04-14.29.15:393][  0]LogConfig: Applying CVar settings from Section [FoliageQuality@3] File [C:/Users/Surf/Documents/GitHub/GGJ_Tomatito/GGJ_TomatitoPoject/Saved/Config/Windows/Scalability.ini]
[2023.02.04-14.29.15:393][  0]LogConfig: Setting CVar [[foliage.DensityScale:1.0]]
[2023.02.04-14.29.15:393][  0]LogConfig: Setting CVar [[grass.DensityScale:1.0]]
[2023.02.04-14.29.15:393][  0]LogConfig: Applying CVar settings from Section [ShadingQuality@3] File [C:/Users/Surf/Documents/GitHub/GGJ_Tomatito/GGJ_TomatitoPoject/Saved/Config/Windows/Scalability.ini]
[2023.02.04-14.29.15:393][  0]LogConfig: Setting CVar [[r.HairStrands.SkyLighting.IntegrationType:2]]
[2023.02.04-14.29.15:393][  0]LogConfig: Setting CVar [[r.HairStrands.SkyAO.SampleCount:4]]
[2023.02.04-14.29.15:393][  0]LogConfig: Setting CVar [[r.HairStrands.Visibility.MSAA.SamplePerPixel:4]]
[2023.02.04-14.29.15:393][  0]LogConfig: Applying CVar settings from Section [Startup] File [../../../Engine/Config/ConsoleVariables.ini]
[2023.02.04-14.29.15:393][  0]LogConfig: Setting CVar [[net.UseAdaptiveNetUpdateFrequency:0]]
[2023.02.04-14.29.15:393][  0]LogConfig: Setting CVar [[p.chaos.AllowCreatePhysxBodies:1]]
[2023.02.04-14.29.15:393][  0]LogConfig: Setting CVar [[fx.SkipVectorVMBackendOptimizations:1]]
[2023.02.04-14.29.15:393][  0]LogConfig: Applying CVar settings from Section [ConsoleVariables] File [C:/Users/Surf/Documents/GitHub/GGJ_Tomatito/GGJ_TomatitoPoject/Saved/Config/Windows/Engine.ini]
[2023.02.04-14.29.15:393][  0]LogConfig: Applying CVar settings from Section [ConsoleVariables] File [C:/Users/Surf/Documents/GitHub/GGJ_Tomatito/GGJ_TomatitoPoject/Saved/Config/Windows/Editor.ini]
[2023.02.04-14.29.15:393][  0]LogInit: Computer: DESKTOP-QGPD3FE
[2023.02.04-14.29.15:394][  0]LogInit: User: Surf
[2023.02.04-14.29.15:394][  0]LogInit: CPU Page size=4096, Cores=6
[2023.02.04-14.29.15:394][  0]LogInit: High frequency timer resolution =10.000000 MHz
[2023.02.04-14.29.15:394][  0]LogMemory: Memory total: Physical=23.9GB (24GB approx)
[2023.02.04-14.29.15:394][  0]LogMemory: Platform Memory Stats for Windows
[2023.02.04-14.29.15:394][  0]LogMemory: Process Physical Memory: 157.96 MB used, 158.43 MB peak
[2023.02.04-14.29.15:394][  0]LogMemory: Process Virtual Memory: 139.45 MB used, 139.45 MB peak
[2023.02.04-14.29.15:394][  0]LogMemory: Physical Memory: 13813.72 MB used,  10618.29 MB free, 24432.00 MB total
[2023.02.04-14.29.15:394][  0]LogMemory: Virtual Memory: 134214464.00 MB used,  3262.50 MB free, 134217728.00 MB total
[2023.02.04-14.29.15:406][  0]LogWindows: WindowsPlatformFeatures enabled
[2023.02.04-14.29.29:072][  0]LogInit: Physics initialised using underlying interface: PhysX
[2023.02.04-14.29.29:136][  0]LogInit: Using OS detected language (en-US).
[2023.02.04-14.29.29:136][  0]LogInit: Using OS detected locale (en-US).
[2023.02.04-14.29.29:187][  0]LogTextLocalizationManager: No specific localization for 'en-US' exists, so the 'en' localization will be used.
[2023.02.04-14.29.29:596][  0]LogInit: Setting process to per monitor DPI aware
[2023.02.04-14.29.29:633][  0]LogWindowsTextInputMethodSystem: Display: IME system deactivated.
[2023.02.04-14.29.29:823][  0]LogSlate: New Slate User Created.  User Index 0, Is Virtual User: 0
[2023.02.04-14.29.29:823][  0]LogSlate: Slate User Registered.  User Index 0, Is Virtual User: 0
[2023.02.04-14.29.30:499][  0]LogD3D11RHI: Loaded GFSDK_Aftermath_Lib.x64.dll
[2023.02.04-14.29.30:514][  0]LogHMD: Failed to initialize OpenVR with code 110
[2023.02.04-14.29.30:514][  0]LogD3D11RHI: D3D11 min allowed feature level: 11_0
[2023.02.04-14.29.30:514][  0]LogD3D11RHI: D3D11 max allowed feature level: 11_0
[2023.02.04-14.29.30:514][  0]LogD3D11RHI: D3D11 adapters:
[2023.02.04-14.29.30:686][  0]LogD3D11RHI:    0. 'NVIDIA GeForce GTX 1070' (Feature Level 11_0)
[2023.02.04-14.29.30:686][  0]LogD3D11RHI:       8081/0/12216 MB DedicatedVideo/DedicatedSystem/SharedSystem, Outputs:1, VendorId:0x10de
[2023.02.04-14.29.30:732][  0]LogD3D11RHI:    1. 'Intel(R) UHD Graphics 630' (Feature Level 11_0)
[2023.02.04-14.29.30:732][  0]LogD3D11RHI:       128/0/12216 MB DedicatedVideo/DedicatedSystem/SharedSystem, Outputs:0, VendorId:0x8086
[2023.02.04-14.29.30:736][  0]LogD3D11RHI:    2. 'Microsoft Basic Render Driver' (Feature Level 11_0)
[2023.02.04-14.29.30:736][  0]LogD3D11RHI:       0/0/12216 MB DedicatedVideo/DedicatedSystem/SharedSystem, Outputs:0, VendorId:0x1414
[2023.02.04-14.29.30:736][  0]LogD3D11RHI: Chosen D3D11 Adapter:
[2023.02.04-14.29.30:736][  0]LogD3D11RHI:     Description : NVIDIA GeForce GTX 1070
[2023.02.04-14.29.30:736][  0]LogD3D11RHI:     VendorId    : 10de
[2023.02.04-14.29.30:736][  0]LogD3D11RHI:     DeviceId    : 1be1
[2023.02.04-14.29.30:736][  0]LogD3D11RHI:     SubSysId    : 8771028
[2023.02.04-14.29.30:736][  0]LogD3D11RHI:     Revision    : 00a1
[2023.02.04-14.29.30:736][  0]LogD3D11RHI:     DedicatedVideoMemory : 8473542656 bytes
[2023.02.04-14.29.30:736][  0]LogD3D11RHI:     DedicatedSystemMemory : 0 bytes
[2023.02.04-14.29.30:736][  0]LogD3D11RHI:     SharedSystemMemory : 12809406464 bytes
[2023.02.04-14.29.30:736][  0]LogD3D11RHI:     AdapterLuid : 0 75912
[2023.02.04-14.29.30:746][  0]LogD3D11RHI: Creating new Direct3DDevice
[2023.02.04-14.29.30:746][  0]LogD3D11RHI:     GPU DeviceId: 0x1be1 (for the marketing name, search the web for "GPU Device Id")
[2023.02.04-14.29.30:746][  0]LogWindows: EnumDisplayDevices:
[2023.02.04-14.29.30:746][  0]LogWindows:    0. 'NVIDIA GeForce GTX 1070' (P:1 D:1)
[2023.02.04-14.29.30:747][  0]LogWindows:    1. 'NVIDIA GeForce GTX 1070' (P:0 D:0)
[2023.02.04-14.29.30:747][  0]LogWindows:    2. 'NVIDIA GeForce GTX 1070' (P:0 D:0)
[2023.02.04-14.29.30:747][  0]LogWindows:    3. 'NVIDIA GeForce GTX 1070' (P:0 D:0)
[2023.02.04-14.29.30:748][  0]LogWindows:    4. 'Intel(R) UHD Graphics 630' (P:0 D:0)
[2023.02.04-14.29.30:748][  0]LogWindows:    5. 'Intel(R) UHD Graphics 630' (P:0 D:0)
[2023.02.04-14.29.30:748][  0]LogWindows:    6. 'Intel(R) UHD Graphics 630' (P:0 D:0)
[2023.02.04-14.29.30:749][  0]LogWindows: DebugString: PrimaryIsNotTheChoosenAdapter PrimaryIsNotTheChoosenAdapter PrimaryIsNotTheChoosenAdapter FoundDriverCount:4 
[2023.02.04-14.29.30:749][  0]LogD3D11RHI:     Adapter Name: NVIDIA GeForce GTX 1070
[2023.02.04-14.29.30:749][  0]LogD3D11RHI:   Driver Version: 512.98 (internal:30.0.15.1298, unified:512.98)
[2023.02.04-14.29.30:749][  0]LogD3D11RHI:      Driver Date: 5-22-2022
[2023.02.04-14.29.30:749][  0]LogRHI: Texture pool is 5656 MB (70% of 8081 MB)
[2023.02.04-14.29.30:753][  0]LogD3D11RHI: Creating D3DDevice using adapter:
[2023.02.04-14.29.30:753][  0]LogD3D11RHI:     Description : NVIDIA GeForce GTX 1070
[2023.02.04-14.29.30:753][  0]LogD3D11RHI:     VendorId    : 10de
[2023.02.04-14.29.30:753][  0]LogD3D11RHI:     DeviceId    : 1be1
[2023.02.04-14.29.30:753][  0]LogD3D11RHI:     SubSysId    : 8771028
[2023.02.04-14.29.30:753][  0]LogD3D11RHI:     Revision    : 00a1
[2023.02.04-14.29.30:753][  0]LogD3D11RHI:     DedicatedVideoMemory : 8473542656 bytes
[2023.02.04-14.29.30:753][  0]LogD3D11RHI:     DedicatedSystemMemory : 0 bytes
[2023.02.04-14.29.30:753][  0]LogD3D11RHI:     SharedSystemMemory : 12809406464 bytes
[2023.02.04-14.29.30:753][  0]LogD3D11RHI:     AdapterLuid : 0 75912
[2023.02.04-14.29.30:833][  0]LogD3D11RHI: RHI has support for 64 bit atomics
[2023.02.04-14.29.30:834][  0]LogD3D11RHI: Async texture creation enabled
[2023.02.04-14.29.30:834][  0]LogD3D11RHI: Array index from any shader is supported
[2023.02.04-14.29.30:920][  0]LogD3D11RHI: GPU Timing Frequency: 1000.000000 (Debug: 2 1)
[2023.02.04-14.29.30:996][  0]LogRHI: GeForceNow SDK initialized: 1
[2023.02.04-14.29.32:441][  0]LogTargetPlatformManager: Display: Loaded TargetPlatform 'AllDesktop'
[2023.02.04-14.29.32:465][  0]LogTargetPlatformManager: Display: Loaded TargetPlatform 'Android'
[2023.02.04-14.29.32:465][  0]LogTargetPlatformManager: Display: Loaded TargetPlatform 'Android_ASTC'
[2023.02.04-14.29.32:465][  0]LogTargetPlatformManager: Display: Loaded TargetPlatform 'Android_DXT'
[2023.02.04-14.29.32:465][  0]LogTargetPlatformManager: Display: Loaded TargetPlatform 'Android_ETC2'
[2023.02.04-14.29.32:465][  0]LogTargetPlatformManager: Display: Loaded TargetPlatform 'AndroidClient'
[2023.02.04-14.29.32:465][  0]LogTargetPlatformManager: Display: Loaded TargetPlatform 'Android_ASTCClient'
[2023.02.04-14.29.32:465][  0]LogTargetPlatformManager: Display: Loaded TargetPlatform 'Android_DXTClient'
[2023.02.04-14.29.32:465][  0]LogTargetPlatformManager: Display: Loaded TargetPlatform 'Android_ETC2Client'
[2023.02.04-14.29.32:465][  0]LogTargetPlatformManager: Display: Loaded TargetPlatform 'Android_Multi'
[2023.02.04-14.29.32:465][  0]LogTargetPlatformManager: Display: Loaded TargetPlatform 'Android_MultiClient'
[2023.02.04-14.29.32:481][  0]LogTargetPlatformManager: Display: Loaded TargetPlatform 'IOSClient'
[2023.02.04-14.29.32:481][  0]LogTargetPlatformManager: Display: Loaded TargetPlatform 'IOS'
[2023.02.04-14.29.32:491][  0]LogTargetPlatformManager: Display: Loaded TargetPlatform 'Linux'
[2023.02.04-14.29.32:494][  0]LogTargetPlatformManager: Display: Loaded TargetPlatform 'LinuxNoEditor'
[2023.02.04-14.29.32:497][  0]LogTargetPlatformManager: Display: Loaded TargetPlatform 'LinuxClient'
[2023.02.04-14.29.32:500][  0]LogTargetPlatformManager: Display: Loaded TargetPlatform 'LinuxServer'
[2023.02.04-14.29.32:510][  0]LogTargetPlatformManager: Display: Loaded TargetPlatform 'LinuxAArch64NoEditor'
[2023.02.04-14.29.32:528][  0]LogTargetPlatformManager: Display: Loaded TargetPlatform 'LinuxAArch64Client'
[2023.02.04-14.29.32:533][  0]LogTargetPlatformManager: Display: Loaded TargetPlatform 'LinuxAArch64Server'
[2023.02.04-14.29.32:562][  0]LogTargetPlatformManager: Display: Loaded TargetPlatform 'Lumin'
[2023.02.04-14.29.32:562][  0]LogTargetPlatformManager: Display: Loaded TargetPlatform 'LuminClient'
[2023.02.04-14.29.32:573][  0]LogTargetPlatformManager: Display: Loaded TargetPlatform 'MacNoEditor'
[2023.02.04-14.29.32:576][  0]LogTargetPlatformManager: Display: Loaded TargetPlatform 'Mac'
[2023.02.04-14.29.32:579][  0]LogTargetPlatformManager: Display: Loaded TargetPlatform 'MacClient'
[2023.02.04-14.29.32:611][  0]LogTargetPlatformManager: Display: Loaded TargetPlatform 'MacServer'
[2023.02.04-14.29.32:622][  0]LogTargetPlatformManager: Display: Loaded TargetPlatform 'TVOSClient'
[2023.02.04-14.29.32:622][  0]LogTargetPlatformManager: Display: Loaded TargetPlatform 'TVOS'
[2023.02.04-14.29.32:631][  0]LogTargetPlatformManager: Display: Loaded TargetPlatform 'WindowsNoEditor'
[2023.02.04-14.29.32:634][  0]LogTargetPlatformManager: Display: Loaded TargetPlatform 'Windows'
[2023.02.04-14.29.32:638][  0]LogTargetPlatformManager: Display: Loaded TargetPlatform 'WindowsClient'
[2023.02.04-14.29.32:641][  0]LogTargetPlatformManager: Display: Loaded TargetPlatform 'WindowsServer'
[2023.02.04-14.29.32:641][  0]LogTargetPlatformManager: Display: Building Assets For Windows
[2023.02.04-14.29.32:645][  0]LogAudioDebug: Display: Lib vorbis DLL was dynamically loaded.
[2023.02.04-14.29.32:661][  0]LogTextureFormatOodle: Display: Oodle Texture 2.9.0 init RDO Off
[2023.02.04-14.29.32:963][  0]LogRendererCore: Ray tracing is disabled. Reason: r.RayTracing=0.
[2023.02.04-14.29.32:963][  0]LogShaderCompilers: Guid format shader working directory is -18 characters bigger than the processId version (C:/Users/Surf/Documents/GitHub/GGJ_Tomatito/GGJ_TomatitoPoject/Intermediate/Shaders/WorkingDirectory/25012/).
[2023.02.04-14.29.32:963][  0]LogShaderCompilers: Cleaned the shader compiler working directory 'C:/Users/Surf/AppData/Local/Temp/UnrealShaderWorkingDir/D73A1FCE43F4AB17CC8714AE10E3E43C/'.
[2023.02.04-14.29.32:964][  0]LogXGEController: Cannot use XGE Controller as Incredibuild is not installed on this machine.
[2023.02.04-14.29.32:964][  0]LogShaderCompilers: Cannot use XGE Shader Compiler as Incredibuild is not installed on this machine.
[2023.02.04-14.29.32:964][  0]LogShaderCompilers: Display: Using Local Shader Compiler.
[2023.02.04-14.29.36:286][  0]LogDerivedDataCache: Display: Max Cache Size: 512 MB
[2023.02.04-14.29.36:408][  0]LogDerivedDataCache: Loaded boot cache 0.12s 105MB C:/Users/Surf/AppData/Local/UnrealEngine/4.27/DerivedDataCache/Boot.ddc.
[2023.02.04-14.29.36:408][  0]LogDerivedDataCache: Display: Loaded Boot cache: C:/Users/Surf/AppData/Local/UnrealEngine/4.27/DerivedDataCache/Boot.ddc
[2023.02.04-14.29.36:408][  0]LogDerivedDataCache: FDerivedDataBackendGraph:  Pak pak cache file C:/Users/Surf/Documents/GitHub/GGJ_Tomatito/GGJ_TomatitoPoject/DerivedDataCache/DDC.ddp not found, will not use a pak cache.
[2023.02.04-14.29.36:408][  0]LogDerivedDataCache: Unable to find inner node Pak for hierarchical cache Hierarchy.
[2023.02.04-14.29.36:408][  0]LogDerivedDataCache: FDerivedDataBackendGraph:  CompressedPak pak cache file C:/Users/Surf/Documents/GitHub/GGJ_Tomatito/GGJ_TomatitoPoject/DerivedDataCache/Compressed.ddp not found, will not use a pak cache.
[2023.02.04-14.29.36:408][  0]LogDerivedDataCache: Unable to find inner node CompressedPak for hierarchical cache Hierarchy.
[2023.02.04-14.29.36:488][  0]LogDerivedDataCache: Display: Pak cache opened for reading ../../../Engine/DerivedDataCache/Compressed.ddp.
[2023.02.04-14.29.36:489][  0]LogDerivedDataCache: FDerivedDataBackendGraph:  EnterprisePak pak cache file ../../../Enterprise/DerivedDataCache/Compressed.ddp not found, will not use a pak cache.
[2023.02.04-14.29.36:489][  0]LogDerivedDataCache: Unable to find inner node EnterprisePak for hierarchical cache Hierarchy.
[2023.02.04-14.29.36:526][  0]LogDerivedDataCache: Speed tests for C:/Users/Surf/AppData/Local/UnrealEngine/Common/DerivedDataCache took 0.04 seconds
[2023.02.04-14.29.36:526][  0]LogDerivedDataCache: Display: Performance to C:/Users/Surf/AppData/Local/UnrealEngine/Common/DerivedDataCache: Latency=0.47ms. RandomReadSpeed=163.55MBs, RandomWriteSpeed=36.45MBs. Assigned SpeedClass 'Local'
[2023.02.04-14.29.36:526][  0]LogDerivedDataCache: Using Local data cache path C:/Users/Surf/AppData/Local/UnrealEngine/Common/DerivedDataCache: Writable
[2023.02.04-14.29.36:527][  0]LogDerivedDataCache: Shared data cache path not found in *engine.ini, will not use an Shared cache.
[2023.02.04-14.29.36:527][  0]LogDerivedDataCache: Unable to find inner node Shared for hierarchical cache Hierarchy.
[2023.02.04-14.29.36:644][  0]LogSlate: Using FreeType 2.10.0
[2023.02.04-14.29.36:645][  0]LogSlate: SlateFontServices - WITH_FREETYPE: 1, WITH_HARFBUZZ: 1
[2023.02.04-14.29.36:912][  0]LogAssetRegistry: FAssetRegistry took 0.0333 seconds to start up
[2023.02.04-14.29.38:635][  0]LogInit: Selected Device Profile: [Windows]
[2023.02.04-14.29.38:635][  0]LogInit: Active device profile: [0000027762BF0700][000002776221CC00 49] Windows
[2023.02.04-14.29.38:635][  0]LogInit: Profiles: [0000027762BF0700][000002776221CC00 49] Windows, [0000027762BA7700][0000027755274D80 49] WindowsNoEditor, [0000027762BF3300][0000027755278F00 49] WindowsServer, [0000027762BA4F00][000002775527D080 49] WindowsClient, [0000027762BF3500][0000027755281200 49] IOS, [0000027762B9BF00][0000027755285380 49] iPadAir, [0000027762BA7B00][0000027755289500 49] iPadAir2, [0000027762B58500][00000277634797C0 49] IPadPro, [0000027762B58600][000002775528D800 49] iPadAir3, [0000027762B98100][000002776347D980 49] iPadAir4, [0000027762B5AC00][0000027763481B00 49] iPadMini2, [0000027762B9A500][0000027763484100 49] iPadMini3, [0000027762B5B400][0000027763488280 49] iPadMini4, [0000027762B98F00][000002776348C400 49] iPadMini5, [0000027762B3FE00][00000277634946C0 49] iPhone6, [0000027762B3FF00][0000027763490700 49] iPodTouch6, [0000027762BF3900][0000027763498940 49] iPhone7, [0000027762BF2100][0000027755270980 49] iPodTouch7, [0000027762B3C400][000002776349CAC0 49] iPhone5S, [0000027762B5BD00][00000277634A4C40 49] iPhone6Plus, [0000027762BF3400][00000277634A8DC0 49] iPhone6S, [0000027762B5A000][00000277634ACF40 49] iPhone6SPlus, [0000027762BF0900][00000277634B10C0 49] iPhone7Plus, [0000027762B58E00][00000277634B5240 49] iPhoneSE, [0000027762BF0200][00000277634B93C0 49] iPhone8, [0000027762B5A400][00000277634BD540 49] iPhone8Plus, [0000027762BF1E00][00000277634C16C0 49] iPhoneX, [0000027762B5BE00][00000277634C5840 49] iPhoneXS, [0000027762BF1600][00000277634C99C0 49] iPhoneXSMax, [0000027762B5A500][00000277634CDB40 49] iPhoneXR, [0000027762BF2A00][00000277634D0140 49] iPhone11, [0000027762B5BA00][00000277634D42C0 49] iPhone11Pro, [0000027762BF0F00][00000277634D8440 49] iPhone11ProMax, [0000027762B5A300][00000277634DC5C0 49] iPhoneSE2, [0000027762BF2700][00000277634E0740 49] iPhone12Mini, [0000027762B58700][00000277634E48C0 49] iPhone12, [0000027762BF3100][00000277634A0A00 49] iPhone12Pro, [0000027762B5B500][00000277634E8B40 49] iPhone12ProMax, [0000027762BF0800][00000277634ECC80 49] iPadPro105, [0000027762B59C00][00000277634F0DC0 49] iPadPro129, [0000027762BF0300][00000277634F8F40 49] iPadPro97, [0000027762B59D00][00000277634FD0C0 49] iPadPro2_129, [0000027762BF0C00][0000027763501240 49] iPad5, [0000027762B5B000][00000277635053C0 49] iPad6, [0000027762BF2C00][0000027763509540 49] iPad7, [0000027762B5AE00][000002776350D6C0 49] iPad8, [0000027762BF1800][0000027763511840 49] iPadPro11, [0000027762B59B00][00000277635159C0 49] iPadPro2_11, [0000027762BF1500][0000027763519B40 49] iPadPro3_129, [0000027762B5A700][000002776351C140 49] iPadPro4_129, [0000027762BF0100][00000277635202C0 49] AppleTV, [0000027762B5AB00][0000027763524440 49] AppleTV4K, [0000027762BF1B00][00000277635285C0 49] TVOS, [0000027762B58900][000002776352C740 49] Mac, [0000027762BF1700][00000277635308C0 49] MacClient, [0000027762B5AF00][0000027763534A40 49] MacNoEditor, [0000027762BF0D00][00000277634F4B80 49] MacServer, [0000027762B58300][0000027763538CC0 49] Linux, [0000027762BF2E00][000002776353CE00 49] LinuxAArch64, [0000027762B59500][0000027763540F40 49] LinuxNoEditor, [0000027762BF2400][00000277635490C0 49] LinuxAArch64NoEditor, [0000027762B58200][000002776354D240 49] LinuxClient, [0000027762BF2D00][00000277635513C0 49] LinuxAArch64Client, [0000027762B58C00][0000027763555540 49] LinuxServer, [0000027762BF0400][00000277635596C0 49] LinuxAArch64Server, [0000027762B59000][000002776355D840 49] Android, [0000027762B9B900][00000277635619C0 49] Android_Low, [0000027762B3DB00][0000027763565B40 49] Android_Mid, [0000027762B9B000][0000027763568140 49] Android_High, [0000027762B3E300][000002776356C2C0 49] Android_Default, [0000027762B9A000][0000027763570440 49] Android_Adreno4xx, [0000027762B3C100][00000277635745C0 49] Android_Adreno5xx_Low, [0000027762B98B00][0000027763578740 49] Android_Adreno5xx, [0000027762B3D800][000002776357C8C0 49] Android_Adreno6xx, [0000027762B99100][0000027763580A40 49] Android_Adreno6xx_Vulkan, [0000027762B3C800][0000027763584BC0 49] Android_Mali_T6xx, [0000027762B9B600][0000027763588D40 49] Android_Mali_T7xx, [0000027762B3CD00][0000027763544E80 49] Android_Mali_T8xx, [0000027762B9BC00][000002776358CFC0 49] Android_Mali_G71, [0000027762B3D500][0000027763591100 49] Android_Mali_G72, [0000027762B9BE00][0000027763599280 49] Android_Mali_G72_Vulkan, [0000027762B3FD00][000002776359D400 49] Android_Mali_G76, [0000027762B9BA00][00000277635A1580 49] Android_Mali_G76_Vulkan, [0000027762B3F600][00000277635A5700 49] Android_Mali_G77, [0000027762B9A200][00000277635A9880 49] Android_Mali_G77_Vulkan, [0000027762B3D200][00000277635ADA00 49] Android_Mali_G78, [0000027762B98A00][00000277635B1B80 49] Android_Mali_G78_Vulkan, [0000027762B3F000][00000277635B4180 49] Android_Mali_G710, [0000027762B99400][00000277635B8300 49] Android_Mali_G710_Vulkan, [0000027762B3C700][00000277635BC480 49] Android_Vulkan_SM5, [0000027762B99800][00000277635C0600 49] Android_PowerVR_G6xxx, [0000027762B3CE00][00000277635C4780 49] Android_PowerVR_GT7xxx, [0000027762B98200][00000277635C8900 49] Android_PowerVR_GE8xxx, [0000027762B3C600][00000277635CCA80 49] Android_PowerVR_GM9xxx, [0000027762B9A600][00000277635D0C00 49] Android_PowerVR_GM9xxx_Vulkan, [0000027762B58F00][00000277635D4D80 49] Android_TegraK1, [0000027762B9AA00][00000277635D8F00 49] Android_Unknown_Vulkan, [0000027762B58D00][0000027763595040 49] Lumin, [0000027762B99200][00000277635DD180 49] Lumin_Desktop, [0000027762B58B00][00000277635E12C0 49] HoloLens, 
[2023.02.04-14.29.40:091][  0]LogMeshReduction: Using QuadricMeshReduction for automatic static mesh reduction
[2023.02.04-14.29.40:091][  0]LogMeshReduction: Using SimplygonMeshReduction for automatic skeletal mesh reduction
[2023.02.04-14.29.40:091][  0]LogMeshReduction: Using ProxyLODMeshReduction for automatic mesh merging
[2023.02.04-14.29.40:091][  0]LogMeshReduction: No distributed automatic mesh merging module available
[2023.02.04-14.29.40:118][  0]LogMeshMerging: No distributed automatic mesh merging module available
[2023.02.04-14.29.40:346][  0]LogNetVersion: GGJ_TomatitoPoject 1.0.0, NetCL: 17155196, EngineNetVer: 17, GameNetVer: 0 (Checksum: 2499937808)
[2023.02.04-14.29.52:587][  0]LogTexture: Default maximum texture size for cubemaps generated from long-lat sources has been changed from 512 to unlimited. In order to preserve old behaiour for '/Engine/MapTemplates/Sky/DaylightAmbientCubemap.DaylightAmbientCubemap', its maximum texture size has been explicitly set to 512.
[2023.02.04-14.29.53:095][  0]LogHMD: PokeAHoleMaterial loaded successfully
[2023.02.04-14.29.53:101][  0]LogUObjectArray: 17178 objects as part of root set at end of initial load.
[2023.02.04-14.29.53:101][  0]LogUObjectAllocator: 4302048 out of 0 bytes used by permanent object pool.
[2023.02.04-14.29.53:101][  0]LogUObjectArray: CloseDisregardForGC: 0/0 objects in disregard for GC pool
[2023.02.04-14.29.58:158][  0]LogNiagaraDebuggerClient: Niagara Debugger Client Initialized | Session: C0D3FC1B4C8FC256236C389959E9127D | Instance: F289501442BC2C85B50386ABAFA04933 (DESKTOP-QGPD3FE-25012).
[2023.02.04-14.29.59:680][  0]LogPython: Using Python 3.7.7
[2023.02.04-14.30.01:637][  0]LogTcpMessaging: Initializing TcpMessaging bridge
[2023.02.04-14.30.01:681][  0]LogUdpMessaging: Initializing bridge on interface 0.0.0.0:0 to multicast group 230.0.0.1:6666.
[2023.02.04-14.30.04:093][  0]SourceControl: Source control is disabled
[2023.02.04-14.30.04:094][  0]SourceControl: Source control is disabled
[2023.02.04-14.30.04:330][  0]SourceControl: Source control is disabled
[2023.02.04-14.30.04:418][  0]SourceControl: Source control is disabled
[2023.02.04-14.30.04:485][  0]SourceControl: Source control is disabled
[2023.02.04-14.30.04:501][  0]LogUProjectInfo: Found projects:
[2023.02.04-14.30.06:180][  0]LogOpenImageDenoise: OIDN starting up
[2023.02.04-14.30.06:383][  0]LogAndroidPermission: UAndroidPermissionCallbackProxy::GetInstance
[2023.02.04-14.30.06:515][  0]LogAudioCaptureCore: Display: No Audio Capture implementations found. Audio input will be silent.
[2023.02.04-14.30.06:515][  0]LogAudioCaptureCore: Display: No Audio Capture implementations found. Audio input will be silent.
[2023.02.04-14.30.07:869][  0]LogLinker: Warning: Asset '../../Plugins/Marketplace/ZibraAILiquidFree/Content/ZibraLiquidContent/Icons/AnalyticalCollider.uasset' has been saved with empty engine version. The asset will be loaded but may be incompatible.
[2023.02.04-14.30.07:998][  0]LogTexture: Display: Building textures: AnalyticalCollider (OODLE_AutoDXT, 256X256)
[2023.02.04-14.30.07:998][  0]LogLinker: Warning: Asset '../../Plugins/Marketplace/ZibraAILiquidFree/Content/ZibraLiquidContent/ZibraMeshRenderMaterial.uasset' has been saved with empty engine version. The asset will be loaded but may be incompatible.
[2023.02.04-14.30.07:999][  0]LogLinker: Warning: Asset '../../Plugins/Marketplace/ZibraAILiquidFree/Content/ZibraLiquidContent/Dummy3D.uasset' has been saved with empty engine version. The asset will be loaded but may be incompatible.
[2023.02.04-14.30.08:000][  0]LogLinker: Warning: Asset '../../Plugins/Marketplace/ZibraAILiquidFree/Content/ZibraLiquidContent/Dummy2D.uasset' has been saved with empty engine version. The asset will be loaded but may be incompatible.
[2023.02.04-14.30.08:011][  0]LogTexture: Display: Building textures: Dummy3D (BGRA8, 1X1)
[2023.02.04-14.30.08:011][  0]LogMaterial: Display: Missing cached shadermap for ZibraMeshRenderMaterial in PCD3D_SM5, Default, SM5 (DDC key hash: 5490A270A827834A305894184015576214E0017F), compiling. 
[2023.02.04-14.30.08:214][  0]LogShaderCompilers: Display: Submitted 47 shader compile jobs with 'Low' priority
[2023.02.04-14.30.08:215][  0]LogLinker: Warning: Asset '../../Plugins/Marketplace/ZibraAILiquidFree/Content/ZibraLiquidContent/TransparentFluid.uasset' has been saved with empty engine version. The asset will be loaded but may be incompatible.
[2023.02.04-14.30.08:215][  0]LogLinker: Warning: Asset '../../Plugins/Marketplace/ZibraAILiquidFree/Content/ZibraLiquidContent/CubeFluid.uasset' has been saved with empty engine version. The asset will be loaded but may be incompatible.
[2023.02.04-14.30.08:262][  0]LogShaderCompilers: Display: Worker (1/9): shaders left to compile 47
[2023.02.04-14.30.08:262][  0]LogShaderCompilers: Display: Worker (2/9): shaders left to compile 41
[2023.02.04-14.30.08:262][  0]LogShaderCompilers: Display: Worker (3/9): shaders left to compile 35
[2023.02.04-14.30.08:262][  0]LogShaderCompilers: Display: Worker (4/9): shaders left to compile 29
[2023.02.04-14.30.08:262][  0]LogShaderCompilers: Display: Worker (5/9): shaders left to compile 23
[2023.02.04-14.30.08:262][  0]LogShaderCompilers: Display: Worker (6/9): shaders left to compile 17
[2023.02.04-14.30.08:262][  0]LogShaderCompilers: Display: Worker (7/9): shaders left to compile 11
[2023.02.04-14.30.08:262][  0]LogShaderCompilers: Display: Worker (8/9): shaders left to compile 5
[2023.02.04-14.30.08:262][  0]LogShaderCompilers: Display: Started 47 'Local' shader compile jobs with 'Low' priority
[2023.02.04-14.30.08:262][  0]LogMaterial: Display: Missing cached shadermap for CubeFluid in PCD3D_SM5, Default, SM5 (DDC key hash: 542694DA9D6A8672E4A6C0665449E21B240D70B9), compiling. 
[2023.02.04-14.30.08:303][  0]LogShaderCompilers: Display: Submitted 47 shader compile jobs with 'Low' priority
[2023.02.04-14.30.08:304][  0]LogLinker: Warning: Asset '../../Plugins/Marketplace/ZibraAILiquidFree/Content/ZibraLiquidContent/SDFRender.uasset' has been saved with empty engine version. The asset will be loaded but may be incompatible.
[2023.02.04-14.30.08:305][  0]LogLinker: Warning: Asset '../../Plugins/Marketplace/ZibraAILiquidFree/Content/ZibraLiquidContent/Icons/icon_ZL.uasset' has been saved with empty engine version. The asset will be loaded but may be incompatible.
[2023.02.04-14.30.08:315][  0]LogTexture: Display: Building textures: icon_ZL (OODLE_AutoDXT, 256X256)
[2023.02.04-14.30.08:315][  0]LogLinker: Warning: Asset '../../Plugins/Marketplace/ZibraAILiquidFree/Content/ZibraLiquidContent/Icons/Emitter.uasset' has been saved with empty engine version. The asset will be loaded but may be incompatible.
[2023.02.04-14.30.08:395][  0]LogTexture: Display: Building textures: Emitter (OODLE_AutoDXT, 256X256)
[2023.02.04-14.30.08:395][  0]LogLinker: Warning: Asset '../../Plugins/Marketplace/ZibraAILiquidFree/Content/ZibraLiquidContent/Icons/ForceField.uasset' has been saved with empty engine version. The asset will be loaded but may be incompatible.
[2023.02.04-14.30.08:893][  0]LogTexture: Display: Building textures: ForceField (OODLE_AutoDXT, 256X256)
[2023.02.04-14.30.08:893][  0]LogShaderCompilers: Display: Worker (9/9): shaders left to compile 47
[2023.02.04-14.30.08:893][  0]LogShaderCompilers: Display: Started 6 'Local' shader compile jobs with 'Low' priority
[2023.02.04-14.30.08:901][  0]LogCollectionManager: Loaded 0 collections in 0.001832 seconds
[2023.02.04-14.30.08:956][  0]LogFileCache: Scanning file cache for directory 'C:/Users/Surf/Documents/GitHub/GGJ_Tomatito/GGJ_TomatitoPoject/Saved/Collections/' took 0.01s
[2023.02.04-14.30.08:956][  0]LogFileCache: Scanning file cache for directory 'C:/Users/Surf/Documents/GitHub/GGJ_Tomatito/GGJ_TomatitoPoject/Content/Developers/Surf/Collections/' took 0.00s
[2023.02.04-14.30.08:957][  0]LogFileCache: Scanning file cache for directory 'C:/Users/Surf/Documents/GitHub/GGJ_Tomatito/GGJ_TomatitoPoject/Content/Collections/' took 0.00s
[2023.02.04-14.30.08:957][  0]LogOcInput: OculusInput pre-init called
[2023.02.04-14.30.09:894][  0]LogEngine: Initializing Engine...
[2023.02.04-14.30.10:334][  0]LogHMD: Optional extension XR_VARJO_quad_views is not available
[2023.02.04-14.30.10:335][  0]LogHMD: Warning: Required extension XR_EXT_eye_gaze_interaction is not available
[2023.02.04-14.30.10:335][  0]LogHMD: Could not enable all required OpenXR extensions for OpenXREyeTracker on current system. This plugin will be loaded but ignored, but will be enabled on a target platform that supports the required extension.
[2023.02.04-14.30.10:840][  0]LogHMD: Failed to get an OpenXR system, result is XR_ERROR_FORM_FACTOR_UNAVAILABLE. Please check that your runtime supports VR headsets.
[2023.02.04-14.30.10:840][  0]LogHMD: Failed to initialize OpenVR with code 110
[2023.02.04-14.30.10:862][  0]LogMagicLeap: Warning: VR disabled because ZI is not enabled.  To enable, in the editor, Edit -> Project Settings -> Plugins -> Magic Leap Plugin -> Enable Zero Iteration
[2023.02.04-14.30.10:863][  0]LogStats: UGameplayTagsManager::InitializeManager -  0.000 s
[2023.02.04-14.30.11:215][  0]LogInit: Initializing FReadOnlyCVARCache
[2023.02.04-14.30.11:230][  0]LogAIModule: Creating AISystem for world Untitled
[2023.02.04-14.30.11:270][  0]LogAudio: Display: Initializing Audio Device Manager...
[2023.02.04-14.30.11:282][  0]LogAudio: Display: Loading Default Audio Settings Objects...
[2023.02.04-14.30.11:284][  0]LogAudio: Display: No default SoundConcurrencyObject specified (or failed to load).
[2023.02.04-14.30.11:285][  0]LogAudio: Display: Audio Device Manager Initialized
[2023.02.04-14.30.11:285][  0]LogAudio: Display: Creating Audio Device:                 Id: 1, Scope: Shared, Realtime: True
[2023.02.04-14.30.11:285][  0]LogAudioMixer: Display: Audio Mixer Platform Settings:
[2023.02.04-14.30.11:285][  0]LogAudioMixer: Display: 	Sample Rate:						  48000
[2023.02.04-14.30.11:285][  0]LogAudioMixer: Display: 	Callback Buffer Frame Size Requested: 1024
[2023.02.04-14.30.11:285][  0]LogAudioMixer: Display: 	Callback Buffer Frame Size To Use:	  1024
[2023.02.04-14.30.11:285][  0]LogAudioMixer: Display: 	Number of buffers to queue:			  2
[2023.02.04-14.30.11:285][  0]LogAudioMixer: Display: 	Max Channels (voices):				  32
[2023.02.04-14.30.11:285][  0]LogAudioMixer: Display: 	Number of Async Source Workers:		  0
[2023.02.04-14.30.11:285][  0]LogAudio: Display: AudioDevice MaxSources: 32
[2023.02.04-14.30.11:286][  0]LogAudio: Display: Audio Spatialization Plugin: None (built-in).
[2023.02.04-14.30.11:286][  0]LogAudio: Display: Audio Reverb Plugin: None (built-in).
[2023.02.04-14.30.11:286][  0]LogAudio: Display: Audio Occlusion Plugin: None (built-in).
[2023.02.04-14.30.11:287][  0]LogAudioMixer: Display: Initializing audio mixer.
[2023.02.04-14.30.11:328][  0]LogAudioMixer: Display: 0: FrontLeft
[2023.02.04-14.30.11:328][  0]LogAudioMixer: Display: 1: FrontRight
[2023.02.04-14.30.11:460][  0]LogAudioMixer: Display: Using Audio Device Speakers/Headphones (Realtek(R) Audio)
[2023.02.04-14.30.11:484][  0]LogAudioMixer: Display: Initializing Sound Submixes...
[2023.02.04-14.30.11:517][  0]LogAudioMixer: Display: Creating Master Submix 'MasterSubmixDefault'
[2023.02.04-14.30.11:517][  0]LogAudioMixer: Display: Creating Master Submix 'MasterReverbSubmixDefault'
[2023.02.04-14.30.11:520][  0]LogAudioMixer: Display: Creating Master Submix 'MasterEQSubmixDefault'
[2023.02.04-14.30.11:520][  0]LogAudioMixer: FMixerPlatformXAudio2::StartAudioStream() called
[2023.02.04-14.30.11:520][  0]LogAudioMixer: Display: Output buffers initialized: Frames=1024, Channels=2, Samples=2048
[2023.02.04-14.30.11:523][  0]LogAudioMixer: Display: Starting AudioMixerPlatformInterface::RunInternal()
[2023.02.04-14.30.11:523][  0]LogAudioMixer: Display: FMixerPlatformXAudio2::SubmitBuffer() called for the first time
[2023.02.04-14.30.11:523][  0]LogInit: FAudioDevice initialized.
[2023.02.04-14.30.11:523][  0]LogAudio: Display: Audio Device (ID: 1) registered with world 'Untitled'.
[2023.02.04-14.30.11:523][  0]LogNetVersion: Set ProjectVersion to 1.0.0.0. Version Checksum will be recalculated on next use.
[2023.02.04-14.30.12:039][  0]LogDerivedDataCache: Saved boot cache 0.52s 94MB C:/Users/Surf/AppData/Local/UnrealEngine/4.27/DerivedDataCache/Boot.ddc.
[2023.02.04-14.30.12:046][  0]LogInit: Texture streaming: Enabled
[2023.02.04-14.30.12:062][  0]LogAnalytics: Display: [UEEditor.Rocket.Release] APIServer = https://datarouter.ol.epicgames.com/. AppVersion = 4.27.2-18319896+++UE4+Release-4.27
[2023.02.04-14.30.12:077][  0]LogEngineSessionManager: EngineSessionManager initialized
[2023.02.04-14.30.12:078][  0]LogEditorSessionSummary: Verbose: Initializing EditorSessionSummaryWriter for editor session tracking
[2023.02.04-14.30.12:117][  0]LogEditorSessionSummary: EditorSessionSummaryWriter initialized
[2023.02.04-14.30.12:213][  0]LogInit: Transaction tracking system initialized
[2023.02.04-14.30.12:455][  0]BlueprintLog: New page: Editor Load
[2023.02.04-14.30.13:316][  0]LocalizationService: Localization service is disabled
[2023.02.04-14.30.13:940][  0]LogShaderCompilers: Display: Worker (8/9): shaders left to compile 41
[2023.02.04-14.30.13:940][  0]LogShaderCompilers: Display: Started 5 'Local' shader compile jobs with 'Low' priority
[2023.02.04-14.30.13:940][  0]TimingProfiler: Initialize
[2023.02.04-14.30.13:942][  0]TimingProfiler: OnSessionChanged
[2023.02.04-14.30.13:942][  0]LoadingProfiler: Initialize
[2023.02.04-14.30.13:942][  0]LoadingProfiler: OnSessionChanged
[2023.02.04-14.30.13:948][  0]NetworkingProfiler: Initialize
[2023.02.04-14.30.13:952][  0]NetworkingProfiler: OnSessionChanged
[2023.02.04-14.30.13:952][  0]MemoryProfiler: Initialize
[2023.02.04-14.30.13:952][  0]MemoryProfiler: OnSessionChanged
[2023.02.04-14.30.14:797][  0]LogSlate: Took 0.000356 seconds to synchronously load lazily loaded font '../../../Engine/Content/Slate/Fonts/Roboto-Regular.ttf' (155K)
[2023.02.04-14.30.15:018][  0]LogShaderCompilers: Display: Worker (6/9): shaders left to compile 36
[2023.02.04-14.30.15:018][  0]LogShaderCompilers: Display: Started 5 'Local' shader compile jobs with 'Low' priority
[2023.02.04-14.30.15:018][  0]LogShaderCompilers: Display: Worker (2/9): shaders left to compile 31
[2023.02.04-14.30.15:018][  0]LogShaderCompilers: Display: Started 4 'Local' shader compile jobs with 'Low' priority
[2023.02.04-14.30.15:382][  0]LogShaderCompilers: Display: Worker (5/9): shaders left to compile 27
[2023.02.04-14.30.15:382][  0]LogShaderCompilers: Display: Started 4 'Local' shader compile jobs with 'Low' priority
[2023.02.04-14.30.16:093][  0]LogShaderCompilers: Display: Worker (3/9): shaders left to compile 23
[2023.02.04-14.30.16:093][  0]LogShaderCompilers: Display: Started 3 'Local' shader compile jobs with 'Low' priority
[2023.02.04-14.30.16:262][  0]LogShaderCompilers: Display: Worker (7/9): shaders left to compile 20
[2023.02.04-14.30.16:262][  0]LogShaderCompilers: Display: Started 3 'Local' shader compile jobs with 'Low' priority
[2023.02.04-14.30.16:961][  0]LogShaderCompilers: Display: Worker (9/9): shaders left to compile 17
[2023.02.04-14.30.16:961][  0]LogShaderCompilers: Display: Started 2 'Local' shader compile jobs with 'Low' priority
[2023.02.04-14.30.17:317][  0]LogShaderCompilers: Display: Worker (4/9): shaders left to compile 15
[2023.02.04-14.30.17:317][  0]LogShaderCompilers: Display: Started 2 'Local' shader compile jobs with 'Low' priority
[2023.02.04-14.30.17:747][  0]LogShaderCompilers: Display: Worker (5/9): shaders left to compile 13
[2023.02.04-14.30.17:747][  0]LogShaderCompilers: Display: Started 2 'Local' shader compile jobs with 'Low' priority
[2023.02.04-14.30.18:190][  0]LogShaderCompilers: Display: Worker (9/9): shaders left to compile 11
[2023.02.04-14.30.18:190][  0]LogShaderCompilers: Display: Started 2 'Local' shader compile jobs with 'Low' priority
[2023.02.04-14.30.18:190][  0]LogShaderCompilers: Display: Worker (2/9): shaders left to compile 9
[2023.02.04-14.30.18:190][  0]LogShaderCompilers: Display: Worker (4/9): shaders left to compile 7
[2023.02.04-14.30.18:190][  0]LogShaderCompilers: Display: Started 4 'Local' shader compile jobs with 'Low' priority
[2023.02.04-14.30.18:292][  0]LogShaderCompilers: Display: Worker (1/9): shaders left to compile 5
[2023.02.04-14.30.18:292][  0]LogShaderCompilers: Display: Started 1 'Local' shader compile jobs with 'Low' priority
[2023.02.04-14.30.18:800][  0]LogShaderCompilers: Display: Worker (3/9): shaders left to compile 4
[2023.02.04-14.30.18:800][  0]LogShaderCompilers: Display: Started 1 'Local' shader compile jobs with 'Low' priority
[2023.02.04-14.30.18:817][  0]LogShaderCompilers: Display: Worker (5/9): shaders left to compile 3
[2023.02.04-14.30.18:817][  0]LogShaderCompilers: Display: Started 1 'Local' shader compile jobs with 'Low' priority
[2023.02.04-14.30.19:258][  0]LogShaderCompilers: Display: Worker (1/9): shaders left to compile 2
[2023.02.04-14.30.19:258][  0]LogShaderCompilers: Display: Started 1 'Local' shader compile jobs with 'Low' priority
[2023.02.04-14.30.19:991][  0]LogShaderCompilers: Display: Worker (4/9): shaders left to compile 1
[2023.02.04-14.30.19:991][  0]LogShaderCompilers: Display: Started 1 'Local' shader compile jobs with 'Low' priority
[2023.02.04-14.46.45:289][  0]LogD3D11RHI: Error: Device->CreateBuffer(&Desc, NULL, UniformBufferResource.GetInitReference()) failed 
 at D:/Build/++UE4/Sync/Engine/Source/Runtime/Windows/D3D11RHI/Private/D3D11UniformBuffer.cpp:150 
 with error E_OUTOFMEMORY
[2023.02.04-14.46.49:881][  0]LogConsoleResponse:      7 = 64 KB (2D 128x128 PF_B8G8R8A8) PerlinNoiseGradient
[2023.02.04-14.46.49:881][  0]LogConsoleResponse:     18 = 32 KB (2D 64x64 PF_FloatRGBA VRam) LTCMat VRamInKB(Start/Size):<NONE>
[2023.02.04-14.46.49:881][  0]LogConsoleResponse:     15 = 16 KB (2D 128x32 PF_G16R16) PreintegratedGF
[2023.02.04-14.46.49:881][  0]LogConsoleResponse:     19 = 16 KB (2D 64x64 PF_G16R16F VRam) LTCAmp VRamInKB(Start/Size):<NONE>
[2023.02.04-14.46.49:881][  0]LogConsoleResponse:     16 = 16 KB (3D 16x16x16 PF_B8G8R8A8) PerlinNoise3D
[2023.02.04-14.46.49:881][  0]LogConsoleResponse:     20 = 8 KB (2D 64x64 PF_R8G8) SSAORandomization
[2023.02.04-14.46.49:881][  0]LogConsoleResponse:     21 = 8 KB (3D 16x16x16 PF_R16F) GTAOPreIntegrated
[2023.02.04-14.46.49:881][  0]LogConsoleResponse:      4 = 1 KB (2D 1x1 PF_B8G8R8A8 RT) BlackAlphaOneDummy
[2023.02.04-14.46.49:881][  0]LogConsoleResponse:      2 = 1 KB (2D 1x1 PF_B8G8R8A8 RT) BlackDummy
[2023.02.04-14.46.49:881][  0]LogConsoleResponse:      6 = 1 KB (2D 1x1 PF_B8G8R8A8 RT) DefaultNormal8Bit
[2023.02.04-14.46.49:881][  0]LogConsoleResponse:      5 = 1 KB (2D 1x1 PF_B8G8R8A8 RT) GreenDummy
[2023.02.04-14.46.49:881][  0]LogConsoleResponse:      1 = 1 KB (2D 1x1 PF_B8G8R8A8 RT) WhiteDummy
[2023.02.04-14.46.49:881][  0]LogConsoleResponse:      9 = 1 KB (2D 1x1 PF_DepthStencil) DepthDummy
[2023.02.04-14.46.49:881][  0]LogConsoleResponse:      8 = 1 KB (2D 1x1 PF_FloatRGBA RT) MaxFP16Depth
[2023.02.04-14.46.49:881][  0]LogConsoleResponse:     11 = 1 KB (2D 1x1 PF_FloatRGBA RT) MidGreyDummy
[2023.02.04-14.46.49:881][  0]LogConsoleResponse:      3 = 1 KB (2D 1x1 PF_R32_UINT RT) ZeroUIntDummy
[2023.02.04-14.46.49:881][  0]LogConsoleResponse:     10 = 1 KB (2D 1x1 PF_R8G8B8A8_UINT RT) StencilDummy
[2023.02.04-14.46.49:881][  0]LogConsoleResponse:     12 = 1 KB (2D 32x16 PF_R16_UINT) SobolSampling
[2023.02.04-14.46.49:881][  0]LogConsoleResponse:     17 = 1 KB (2D 4x4 PF_R8G8B8A8) GTAORandomization
[2023.02.04-14.46.49:881][  0]LogConsoleResponse:     14 = 1 KB (3D 1x1x1 PF_B8G8R8A8 RT) HairLUT0
[2023.02.04-14.46.49:881][  0]LogConsoleResponse:     13 = 1 KB (3D 1x1x1 PF_B8G8R8A8 RT) VolumetricBlackDummy
[2023.02.04-14.46.49:881][  0]LogConsoleResponse: 
[2023.02.04-14.46.50:156][  0]LogConsoleResponse: Pool: 1/1 MB (referenced/allocated)
[2023.02.04-14.46.50:156][  0]Cmd: rhi.DumpMemory
[2023.02.04-14.46.50:162][  0]RHI resource memory (not tracked by our allocator)
[2023.02.04-14.46.50:162][  0]               0  -  Pixel buffer memory - STAT_PixelBufferMemory - STATGROUP_RHI - STATCAT_Advanced
[2023.02.04-14.46.50:162][  0]               0  -  Structured buffer memory - STAT_StructuredBufferMemory - STATGROUP_RHI - STATCAT_Advanced
[2023.02.04-14.46.50:162][  0]               0  -  Vertex buffer memory - STAT_VertexBufferMemory - STATGROUP_RHI - STATCAT_Advanced
[2023.02.04-14.46.50:162][  0]               0  -  Index buffer memory - STAT_IndexBufferMemory - STATGROUP_RHI - STATCAT_Advanced
[2023.02.04-14.46.50:162][  0]               0  -  Uniform buffer memory - STAT_UniformBufferMemory - STATGROUP_RHI - STATCAT_Advanced
[2023.02.04-14.46.50:162][  0]               0  -  Texture memory Cube - STAT_TextureMemoryCube - STATGROUP_RHI - STATCAT_Advanced
[2023.02.04-14.46.50:162][  0]               0  -  Texture memory 3D - STAT_TextureMemory3D - STATGROUP_RHI - STATCAT_Advanced
[2023.02.04-14.46.50:162][  0]               0  -  Texture memory 2D - STAT_TextureMemory2D - STATGROUP_RHI - STATCAT_Advanced
[2023.02.04-14.46.50:162][  0]               0  -  Render target memory Cube - STAT_RenderTargetMemoryCube - STATGROUP_RHI - STATCAT_Advanced
[2023.02.04-14.46.50:162][  0]               0  -  Render target memory 3D - STAT_RenderTargetMemory3D - STATGROUP_RHI - STATCAT_Advanced
[2023.02.04-14.46.50:162][  0]               0  -  Render target memory 2D - STAT_RenderTargetMemory2D - STATGROUP_RHI - STATCAT_Advanced
[2023.02.04-14.46.50:162][  0]0.000MB total
[2023.02.04-14.46.50:172][  0]LogWindows: FPlatformMisc::RequestExit(1)
[2023.02.04-14.46.50:172][  0]LogWindows: FPlatformMisc::RequestExitWithStatus(1, 0)
[2023.02.04-14.46.50:172][  0]LogCore: Engine exit requested (reason: Win RequestExit)
[2023.02.04-14.46.50:172][  0]Cmd: Mem FromReport
[2023.02.04-14.46.50:172][  0]LogMemory: Platform Memory Stats for Windows
[2023.02.04-14.46.50:172][  0]LogMemory: Process Physical Memory: 1643.35 MB used, 1643.36 MB peak
[2023.02.04-14.46.50:172][  0]LogMemory: Process Virtual Memory: 1784.92 MB used, 1788.76 MB peak
[2023.02.04-14.46.50:172][  0]LogMemory: Physical Memory: 14047.74 MB used,  10384.27 MB free, 24432.00 MB total
[2023.02.04-14.46.50:172][  0]LogMemory: Virtual Memory: 134213736.00 MB used,  3995.32 MB free, 134217728.00 MB total
[2023.02.04-14.46.50:172][  0]LogMemory: 
[2023.02.04-14.46.50:172][  0]Allocator Stats for TBB: (not implemented)
[2023.02.04-14.46.50:172][  0]LogMemory: Memory Stats:
[2023.02.04-14.46.50:172][  0]LogMemory: FMemStack (gamethread) current size = 0.00 MB
[2023.02.04-14.46.50:172][  0]LogMemory: FPageAllocator (all threads) allocation size [used/ unused] = [0.31 / 0.00] MB
[2023.02.04-14.46.50:172][  0]LogMemory: Nametable memory usage = 6.95 MB
[2023.02.04-14.46.50:185][  0]Log file closed, 02/04/23 15:46:50
